#
# There is insufficient memory for the Java Runtime Environment to continue.
# Native memory allocation (malloc) failed to allocate 963696 bytes for Chunk::new
# Possible reasons:
#   The system is out of physical RAM or swap space
#   The process is running with CompressedOops enabled, and the Java Heap may be blocking the growth of the native heap
# Possible solutions:
#   Reduce memory load on the system
#   Increase physical memory or swap space
#   Check if swap backing store is full
#   Decrease Java heap size (-Xmx/-Xms)
#   Decrease number of Java threads
#   Decrease Java thread stack sizes (-Xss)
#   Set larger code cache with -XX:ReservedCodeCacheSize=
#   JVM is running with Unscaled Compressed Oops mode in which the Java heap is
#     placed in the first 4GB address space. The Java Heap base address is the
#     maximum limit for the native heap growth. Please use -XX:HeapBaseMinAddress
#     to set the Java Heap base and to place the Java Heap above 4GB virtual address.
# This output file may be truncated or incomplete.
#
#  Out of Memory Error (allocation.cpp:389), pid=5800, tid=0x00000000000013b4
#
# JRE version: Java(TM) SE Runtime Environment (8.0_371) (build 1.8.0_371-b11)
# Java VM: Java HotSpot(TM) 64-Bit Server VM (25.371-b11 mixed mode windows-amd64 compressed oops)
# Core dump written. Default location: c:\Users\Administrator\Desktop\vkbot\hs_err_pid5800.mdmp
#

---------------  T H R E A D  ---------------

Current thread (0x0000015025c25800):  JavaThread "C2 CompilerThread0" daemon [_thread_in_native, id=5044, stack(0x000000485b300000,0x000000485b400000)]

Stack: [0x000000485b300000,0x000000485b400000]
Native frames: (J=compiled Java code, j=interpreted, Vv=VM code, C=native code)
V  [jvm.dll+0x34d9f9]
V  [jvm.dll+0x28aa12]
V  [jvm.dll+0x28b5dd]
V  [jvm.dll+0x281da5]
V  [jvm.dll+0xdb51c]
V  [jvm.dll+0xdbd2c]
V  [jvm.dll+0x49774d]
V  [jvm.dll+0x45b075]
V  [jvm.dll+0x46433f]
V  [jvm.dll+0x463739]
V  [jvm.dll+0x44d45b]
V  [jvm.dll+0xb02c6]
V  [jvm.dll+0xae99f]
V  [jvm.dll+0x24e572]
V  [jvm.dll+0x2a76ac]
C  [ucrtbase.dll+0x1cd70]
C  [KERNEL32.DLL+0x8364]
C  [ntdll.dll+0x6e851]


Current CompileTask:
C2:  49803 2830       4       groovy.lang.MetaClassImpl$1MOPIter::methodNameAction (325 bytes)


---------------  P R O C E S S  ---------------

Java Threads: ( => current thread )
  0x00000150264c1800 JavaThread "Cache worker for dependencies-accessors (C:\Users\Administrator\Desktop\vkbot\.gradle\8.0.2\dependencies-accessors)" [_thread_new, id=5012, stack(0x0000000000000000,0x0000000000000000)]
  0x00000150264be000 JavaThread "jar transforms Thread 2" [_thread_blocked, id=5536, stack(0x000000485cc00000,0x000000485cd00000)]
  0x00000150264bd000 JavaThread "jar transforms" [_thread_blocked, id=4552, stack(0x000000485cb00000,0x000000485cc00000)]
  0x00000150299d4000 JavaThread "Cache worker for execution history cache (C:\Users\Administrator\.gradle\caches\8.0.2\executionHistory)" [_thread_blocked, id=948, stack(0x000000485ca00000,0x000000485cb00000)]
  0x00000150299ce800 JavaThread "Cache worker for cache directory md-supplier (C:\Users\Administrator\.gradle\caches\8.0.2\md-supplier)" [_thread_blocked, id=6640, stack(0x000000485c900000,0x000000485ca00000)]
  0x00000150299d3000 JavaThread "Cache worker for file hash cache (C:\Users\Administrator\Desktop\vkbot\.gradle\8.0.2\fileHashes)" [_thread_blocked, id=5528, stack(0x000000485c800000,0x000000485c900000)]
  0x00000150299d2800 JavaThread "Cache worker for file content cache (C:\Users\Administrator\.gradle\caches\8.0.2\fileContent)" [_thread_blocked, id=6312, stack(0x000000485c700000,0x000000485c800000)]
  0x00000150299d5800 JavaThread "Cache worker for cache directory md-rule (C:\Users\Administrator\.gradle\caches\8.0.2\md-rule)" [_thread_blocked, id=6072, stack(0x000000485c600000,0x000000485c700000)]
  0x00000150299d1800 JavaThread "Cache worker for checksums cache (C:\Users\Administrator\Desktop\vkbot\.gradle\8.0.2\checksums)" [_thread_blocked, id=3592, stack(0x000000485c500000,0x000000485c600000)]
  0x00000150299d1000 JavaThread "File lock release action executor" [_thread_blocked, id=4968, stack(0x000000485c400000,0x000000485c500000)]
  0x00000150299d0000 JavaThread "Cache worker for file hash cache (C:\Users\Administrator\.gradle\caches\8.0.2\fileHashes)" [_thread_blocked, id=4924, stack(0x000000485c300000,0x000000485c400000)]
  0x00000150299cf800 JavaThread "File lock request listener" [_thread_in_native, id=788, stack(0x000000485c200000,0x000000485c300000)]
  0x00000150299d4800 JavaThread "Cache worker for journal cache (C:\Users\Administrator\.gradle\caches\journal-1)" [_thread_blocked, id=1632, stack(0x000000485c100000,0x000000485c200000)]
  0x00000150280d1800 JavaThread "Daemon client event forwarder" [_thread_blocked, id=5244, stack(0x000000485c000000,0x000000485c100000)]
  0x00000150280b1000 JavaThread "Stdin handler" [_thread_blocked, id=5212, stack(0x000000485bf00000,0x000000485c000000)]
  0x0000015026544800 JavaThread "Asynchronous log dispatcher for DefaultDaemonConnection: socket connection from /127.0.0.1:64706 to /127.0.0.1:64707" [_thread_blocked, id=5100, stack(0x000000485be00000,0x000000485bf00000)]
  0x00000150273fe800 JavaThread "Daemon worker" [_thread_in_Java, id=3536, stack(0x000000485bd00000,0x000000485be00000)]
  0x0000015026576800 JavaThread "Cancel handler" [_thread_blocked, id=376, stack(0x000000485bc00000,0x000000485bd00000)]
  0x000001502642a000 JavaThread "Handler for socket connection from /127.0.0.1:64706 to /127.0.0.1:64707" [_thread_in_native, id=6900, stack(0x000000485bb00000,0x000000485bc00000)]
  0x00000150265f0800 JavaThread "Daemon" [_thread_blocked, id=5276, stack(0x000000485ba00000,0x000000485bb00000)]
  0x0000015026533800 JavaThread "Daemon periodic checks" [_thread_blocked, id=6100, stack(0x000000485b900000,0x000000485ba00000)]
  0x0000015026453000 JavaThread "Incoming local TCP Connector on port 64706" [_thread_in_native, id=6596, stack(0x000000485b800000,0x000000485b900000)]
  0x0000015027f2f800 JavaThread "Daemon health stats" [_thread_blocked, id=232, stack(0x000000485b700000,0x000000485b800000)]
  0x0000015025c32800 JavaThread "Service Thread" daemon [_thread_blocked, id=6808, stack(0x000000485b500000,0x000000485b600000)]
  0x0000015025c27800 JavaThread "C1 CompilerThread1" daemon [_thread_blocked, id=984, stack(0x000000485b400000,0x000000485b500000)]
=>0x0000015025c25800 JavaThread "C2 CompilerThread0" daemon [_thread_in_native, id=5044, stack(0x000000485b300000,0x000000485b400000)]
  0x0000015025c23800 JavaThread "Attach Listener" daemon [_thread_blocked, id=1844, stack(0x000000485b200000,0x000000485b300000)]
  0x0000015025c22000 JavaThread "Signal Dispatcher" daemon [_thread_blocked, id=6368, stack(0x000000485b100000,0x000000485b200000)]
  0x0000015025c14800 JavaThread "Finalizer" daemon [_thread_blocked, id=7020, stack(0x000000485b000000,0x000000485b100000)]
  0x0000015025739000 JavaThread "Reference Handler" daemon [_thread_blocked, id=280, stack(0x000000485af00000,0x000000485b000000)]
  0x0000015012f91000 JavaThread "main" [_thread_blocked, id=3292, stack(0x000000485ab00000,0x000000485ac00000)]

Other Threads:
  0x0000015025bf3000 VMThread [stack: 0x000000485ae00000,0x000000485af00000] [id=6568]
  0x0000015025ca1800 WatcherThread [stack: 0x000000485b600000,0x000000485b700000] [id=3036]

VM state:not at safepoint (normal execution)

VM Mutex/Monitor currently owned by a thread: None

heap address: 0x00000000e0000000, size: 512 MB, Compressed Oops mode: 32-bit
Narrow klass base: 0x0000000000000000, Narrow klass shift: 3
Compressed class space size: 1073741824 Address: 0x0000000100000000

Heap:
 PSYoungGen      total 160768K, used 7899K [0x00000000f5580000, 0x0000000100000000, 0x0000000100000000)
  eden space 153088K, 5% used [0x00000000f5580000,0x00000000f5d36c68,0x00000000feb00000)
  from space 7680K, 0% used [0x00000000feb00000,0x00000000feb00000,0x00000000ff280000)
  to   space 13824K, 0% used [0x00000000ff280000,0x00000000ff280000,0x0000000100000000)
 ParOldGen       total 175104K, used 14463K [0x00000000e0000000, 0x00000000eab00000, 0x00000000f5580000)
  object space 175104K, 8% used [0x00000000e0000000,0x00000000e0e1fe10,0x00000000eab00000)
 Metaspace       used 34131K, capacity 35732K, committed 36056K, reserved 1079296K
  class space    used 4892K, capacity 5231K, committed 5336K, reserved 1048576K

Card table byte_map: [0x0000015013060000,0x0000015013170000] byte_map_base: 0x0000015012960000

Marking Bits: (ParMarkBitMap*) 0x00000000581ed980
 Begin Bits: [0x0000015023d50000, 0x0000015024550000)
 End Bits:   [0x0000015024550000, 0x0000015024d50000)

Polling page: 0x0000015012ee0000

CodeCache: size=245760Kb used=9954Kb max_used=9954Kb free=235805Kb
 bounds [0x00000150148e0000, 0x00000150152a0000, 0x00000150238e0000]
 total_blobs=3328 nmethods=2622 adapters=620
 compilation: enabled

Compilation events (10 events):
Event: 23.670 Thread 0x0000015025c27800 2860       3       org.gradle.model.internal.asm.MethodVisitorScope::_LDC (6 bytes)
Event: 23.670 Thread 0x0000015025c27800 nmethod 2860 0x000001501527ea90 code [0x000001501527ec00, 0x000001501527ed90]
Event: 23.671 Thread 0x0000015025c27800 2861       3       org.gradle.model.internal.asm.ClassVisitorScope::addField (11 bytes)
Event: 23.671 Thread 0x0000015025c27800 nmethod 2861 0x000001501527ee10 code [0x000001501527ef80, 0x000001501527f2f0]
Event: 23.672 Thread 0x0000015025c27800 2862       2       org.objectweb.asm.Frame::execute (2318 bytes)
Event: 23.675 Thread 0x0000015025c27800 nmethod 2862 0x000001501527f450 code [0x000001501527fe60, 0x0000015015282c40]
Event: 23.676 Thread 0x0000015025c27800 2863       1       com.google.common.collect.AbstractMapBasedMultimap::access$000 (5 bytes)
Event: 23.676 Thread 0x0000015025c27800 nmethod 2863 0x0000015015258350 code [0x00000150152584a0, 0x0000015015258598]
Event: 23.679 Thread 0x0000015025c27800 2864       3       org.objectweb.asm.Label::addForwardReference (102 bytes)
Event: 23.679 Thread 0x0000015025c27800 nmethod 2864 0x00000150152858d0 code [0x0000015015285a60, 0x0000015015285ef0]

GC Heap History (10 events):
Event: 3.617 GC heap before
{Heap before GC invocations=1 (full 0):
 PSYoungGen      total 76288K, used 65536K [0x00000000f5580000, 0x00000000faa80000, 0x0000000100000000)
  eden space 65536K, 100% used [0x00000000f5580000,0x00000000f9580000,0x00000000f9580000)
  from space 10752K, 0% used [0x00000000fa000000,0x00000000fa000000,0x00000000faa80000)
  to   space 10752K, 0% used [0x00000000f9580000,0x00000000f9580000,0x00000000fa000000)
 ParOldGen       total 175104K, used 0K [0x00000000e0000000, 0x00000000eab00000, 0x00000000f5580000)
  object space 175104K, 0% used [0x00000000e0000000,0x00000000e0000000,0x00000000eab00000)
 Metaspace       used 7310K, capacity 7568K, committed 7680K, reserved 1056768K
  class space    used 933K, capacity 1020K, committed 1024K, reserved 1048576K
Event: 3.729 GC heap after
Heap after GC invocations=1 (full 0):
 PSYoungGen      total 76288K, used 5945K [0x00000000f5580000, 0x00000000fea80000, 0x0000000100000000)
  eden space 65536K, 0% used [0x00000000f5580000,0x00000000f5580000,0x00000000f9580000)
  from space 10752K, 55% used [0x00000000f9580000,0x00000000f9b4e758,0x00000000fa000000)
  to   space 10752K, 0% used [0x00000000fe000000,0x00000000fe000000,0x00000000fea80000)
 ParOldGen       total 175104K, used 8K [0x00000000e0000000, 0x00000000eab00000, 0x00000000f5580000)
  object space 175104K, 0% used [0x00000000e0000000,0x00000000e0002000,0x00000000eab00000)
 Metaspace       used 7310K, capacity 7568K, committed 7680K, reserved 1056768K
  class space    used 933K, capacity 1020K, committed 1024K, reserved 1048576K
}
Event: 8.648 GC heap before
{Heap before GC invocations=2 (full 0):
 PSYoungGen      total 76288K, used 71481K [0x00000000f5580000, 0x00000000fea80000, 0x0000000100000000)
  eden space 65536K, 100% used [0x00000000f5580000,0x00000000f9580000,0x00000000f9580000)
  from space 10752K, 55% used [0x00000000f9580000,0x00000000f9b4e758,0x00000000fa000000)
  to   space 10752K, 0% used [0x00000000fe000000,0x00000000fe000000,0x00000000fea80000)
 ParOldGen       total 175104K, used 8K [0x00000000e0000000, 0x00000000eab00000, 0x00000000f5580000)
  object space 175104K, 0% used [0x00000000e0000000,0x00000000e0002000,0x00000000eab00000)
 Metaspace       used 13952K, capacity 14382K, committed 14720K, reserved 1062912K
  class space    used 1933K, capacity 2059K, committed 2176K, reserved 1048576K
Event: 8.695 GC heap after
Heap after GC invocations=2 (full 0):
 PSYoungGen      total 141824K, used 9245K [0x00000000f5580000, 0x00000000fea80000, 0x0000000100000000)
  eden space 131072K, 0% used [0x00000000f5580000,0x00000000f5580000,0x00000000fd580000)
  from space 10752K, 85% used [0x00000000fe000000,0x00000000fe907548,0x00000000fea80000)
  to   space 10752K, 0% used [0x00000000fd580000,0x00000000fd580000,0x00000000fe000000)
 ParOldGen       total 175104K, used 16K [0x00000000e0000000, 0x00000000eab00000, 0x00000000f5580000)
  object space 175104K, 0% used [0x00000000e0000000,0x00000000e0004000,0x00000000eab00000)
 Metaspace       used 13952K, capacity 14382K, committed 14720K, reserved 1062912K
  class space    used 1933K, capacity 2059K, committed 2176K, reserved 1048576K
}
Event: 13.085 GC heap before
{Heap before GC invocations=3 (full 0):
 PSYoungGen      total 141824K, used 121897K [0x00000000f5580000, 0x00000000fea80000, 0x0000000100000000)
  eden space 131072K, 85% used [0x00000000f5580000,0x00000000fc383160,0x00000000fd580000)
  from space 10752K, 85% used [0x00000000fe000000,0x00000000fe907548,0x00000000fea80000)
  to   space 10752K, 0% used [0x00000000fd580000,0x00000000fd580000,0x00000000fe000000)
 ParOldGen       total 175104K, used 16K [0x00000000e0000000, 0x00000000eab00000, 0x00000000f5580000)
  object space 175104K, 0% used [0x00000000e0000000,0x00000000e0004000,0x00000000eab00000)
 Metaspace       used 20265K, capacity 21120K, committed 21248K, reserved 1067008K
  class space    used 3000K, capacity 3210K, committed 3328K, reserved 1048576K
Event: 13.152 GC heap after
Heap after GC invocations=3 (full 0):
 PSYoungGen      total 141824K, used 10724K [0x00000000f5580000, 0x0000000100000000, 0x0000000100000000)
  eden space 131072K, 0% used [0x00000000f5580000,0x00000000f5580000,0x00000000fd580000)
  from space 10752K, 99% used [0x00000000fd580000,0x00000000fdff9100,0x00000000fe000000)
  to   space 10752K, 0% used [0x00000000ff580000,0x00000000ff580000,0x0000000100000000)
 ParOldGen       total 175104K, used 2881K [0x00000000e0000000, 0x00000000eab00000, 0x00000000f5580000)
  object space 175104K, 1% used [0x00000000e0000000,0x00000000e02d0460,0x00000000eab00000)
 Metaspace       used 20265K, capacity 21120K, committed 21248K, reserved 1067008K
  class space    used 3000K, capacity 3210K, committed 3328K, reserved 1048576K
}
Event: 13.152 GC heap before
{Heap before GC invocations=4 (full 1):
 PSYoungGen      total 141824K, used 10724K [0x00000000f5580000, 0x0000000100000000, 0x0000000100000000)
  eden space 131072K, 0% used [0x00000000f5580000,0x00000000f5580000,0x00000000fd580000)
  from space 10752K, 99% used [0x00000000fd580000,0x00000000fdff9100,0x00000000fe000000)
  to   space 10752K, 0% used [0x00000000ff580000,0x00000000ff580000,0x0000000100000000)
 ParOldGen       total 175104K, used 2881K [0x00000000e0000000, 0x00000000eab00000, 0x00000000f5580000)
  object space 175104K, 1% used [0x00000000e0000000,0x00000000e02d0460,0x00000000eab00000)
 Metaspace       used 20265K, capacity 21120K, committed 21248K, reserved 1067008K
  class space    used 3000K, capacity 3210K, committed 3328K, reserved 1048576K
Event: 13.260 GC heap after
Heap after GC invocations=4 (full 1):
 PSYoungGen      total 141824K, used 0K [0x00000000f5580000, 0x0000000100000000, 0x0000000100000000)
  eden space 131072K, 0% used [0x00000000f5580000,0x00000000f5580000,0x00000000fd580000)
  from space 10752K, 0% used [0x00000000fd580000,0x00000000fd580000,0x00000000fe000000)
  to   space 10752K, 0% used [0x00000000ff580000,0x00000000ff580000,0x0000000100000000)
 ParOldGen       total 175104K, used 13172K [0x00000000e0000000, 0x00000000eab00000, 0x00000000f5580000)
  object space 175104K, 7% used [0x00000000e0000000,0x00000000e0cdd240,0x00000000eab00000)
 Metaspace       used 20265K, capacity 21120K, committed 21248K, reserved 1067008K
  class space    used 3000K, capacity 3210K, committed 3328K, reserved 1048576K
}
Event: 21.658 GC heap before
{Heap before GC invocations=5 (full 1):
 PSYoungGen      total 141824K, used 131072K [0x00000000f5580000, 0x0000000100000000, 0x0000000100000000)
  eden space 131072K, 100% used [0x00000000f5580000,0x00000000fd580000,0x00000000fd580000)
  from space 10752K, 0% used [0x00000000fd580000,0x00000000fd580000,0x00000000fe000000)
  to   space 10752K, 0% used [0x00000000ff580000,0x00000000ff580000,0x0000000100000000)
 ParOldGen       total 175104K, used 13172K [0x00000000e0000000, 0x00000000eab00000, 0x00000000f5580000)
  object space 175104K, 7% used [0x00000000e0000000,0x00000000e0cdd240,0x00000000eab00000)
 Metaspace       used 31820K, capacity 33350K, committed 33408K, reserved 1077248K
  class space    used 4668K, capacity 4992K, committed 4992K, reserved 1048576K
Event: 21.747 GC heap after
Heap after GC invocations=5 (full 1):
 PSYoungGen      total 163840K, used 10749K [0x00000000f5580000, 0x0000000100000000, 0x0000000100000000)
  eden space 153088K, 0% used [0x00000000f5580000,0x00000000f5580000,0x00000000feb00000)
  from space 10752K, 99% used [0x00000000ff580000,0x00000000fffff6b8,0x0000000100000000)
  to   space 10752K, 0% used [0x00000000feb00000,0x00000000feb00000,0x00000000ff580000)
 ParOldGen       total 175104K, used 15729K [0x00000000e0000000, 0x00000000eab00000, 0x00000000f5580000)
  object space 175104K, 8% used [0x00000000e0000000,0x00000000e0f5c4e8,0x00000000eab00000)
 Metaspace       used 31820K, capacity 33350K, committed 33408K, reserved 1077248K
  class space    used 4668K, capacity 4992K, committed 4992K, reserved 1048576K
}

Deoptimization events (10 events):
Event: 15.983 Thread 0x00000150273fe800 Uncommon trap: reason=unstable_if action=reinterpret pc=0x0000015014dd5ee8 method=java.util.HashMap.hash(Ljava/lang/Object;)I @ 1
Event: 18.708 Thread 0x00000150273fe800 Uncommon trap: reason=unstable_if action=reinterpret pc=0x0000015014fe8f10 method=java.net.URLClassLoader.defineClass(Ljava/lang/String;Lsun/misc/Resource;)Ljava/lang/Class; @ 21
Event: 18.709 Thread 0x00000150273fe800 Uncommon trap: reason=unstable_if action=reinterpret pc=0x0000015014e00f3c method=java.lang.ClassLoader.getClassLoadingLock(Ljava/lang/String;)Ljava/lang/Object; @ 6
Event: 19.572 Thread 0x00000150273fe800 Uncommon trap: reason=unstable_if action=reinterpret pc=0x0000015014bf68a8 method=sun.misc.MetaIndex.mayContain(Ljava/lang/String;)Z @ 38
Event: 19.998 Thread 0x00000150273fe800 Uncommon trap: reason=unstable_if action=reinterpret pc=0x0000015014d85360 method=java.util.Properties$LineReader.readLine()I @ 81
Event: 21.341 Thread 0x00000150273fe800 Uncommon trap: reason=unstable_if action=reinterpret pc=0x0000015014d0e840 method=sun.misc.URLClassPath$JarLoader.getResource(Ljava/lang/String;ZLjava/util/Set;)Lsun/misc/Resource; @ 17
Event: 21.780 Thread 0x0000015025739000 Uncommon trap: reason=unstable_if action=reinterpret pc=0x0000015014a141a0 method=java.lang.ref.Reference.tryHandlePending(Z)Z @ 104
Event: 22.927 Thread 0x00000150273fe800 Uncommon trap: reason=unstable_if action=reinterpret pc=0x000001501520b0f0 method=java.util.HashMap.putVal(ILjava/lang/Object;Ljava/lang/Object;ZZ)Ljava/lang/Object; @ 162
Event: 23.613 Thread 0x00000150273fe800 Uncommon trap: reason=unstable_if action=reinterpret pc=0x00000150152084ac method=java.util.Arrays.hashCode([Ljava/lang/Object;)I @ 34
Event: 23.671 Thread 0x00000150273fe800 Uncommon trap: reason=range_check action=make_not_entrant pc=0x00000150152396f4 method=java.lang.String.charAt(I)C @ 27

Classes redefined (0 events):
No events

Internal exceptions (10 events):
Event: 23.462 Thread 0x00000150273fe800 Exception <a 'java/lang/ClassNotFoundException': org/gradle/plugin/use/internal/PluginsAwareScriptCustomizer> (0x00000000f6a41b78) thrown at [C:\jenkins\workspace\8-2-build-windows-x64-cygwin\jdk8u371\3355\hotspot\src\share\vm\classfile\systemDictionary.c
Event: 23.482 Thread 0x00000150273fe800 Exception <a 'java/lang/ClassNotFoundException': org/gradle/initialization/SettingsScriptCustomizer> (0x00000000f6a6bae8) thrown at [C:\jenkins\workspace\8-2-build-windows-x64-cygwin\jdk8u371\3355\hotspot\src\share\vm\classfile\systemDictionary.cpp, line 
Event: 23.483 Thread 0x00000150273fe800 Exception <a 'java/lang/ClassNotFoundException': settings_3zmrduxp36o5z9q8n1iy4c32eCustomizer> (0x00000000f6a84188) thrown at [C:\jenkins\workspace\8-2-build-windows-x64-cygwin\jdk8u371\3355\hotspot\src\share\vm\classfile\systemDictionary.cpp, line 212]
Event: 23.517 Thread 0x00000150273fe800 Exception <a 'java/lang/ClassNotFoundException': org/gradle/initialization/DefaultSettings_DecoratedBeanInfo> (0x00000000f6b5d8f0) thrown at [C:\jenkins\workspace\8-2-build-windows-x64-cygwin\jdk8u371\3355\hotspot\src\share\vm\classfile\systemDictionary.c
Event: 23.519 Thread 0x00000150273fe800 Exception <a 'java/lang/ClassNotFoundException': org/gradle/initialization/DefaultSettingsBeanInfo> (0x00000000f6b923d0) thrown at [C:\jenkins\workspace\8-2-build-windows-x64-cygwin\jdk8u371\3355\hotspot\src\share\vm\classfile\systemDictionary.cpp, line 2
Event: 23.520 Thread 0x00000150273fe800 Exception <a 'java/lang/ClassNotFoundException': org/gradle/initialization/DefaultSettingsCustomizer> (0x00000000f6bc9708) thrown at [C:\jenkins\workspace\8-2-build-windows-x64-cygwin\jdk8u371\3355\hotspot\src\share\vm\classfile\systemDictionary.cpp, line
Event: 23.534 Thread 0x00000150273fe800 Exception <a 'java/lang/ClassNotFoundException': org/gradle/initialization/DefaultSettings_DecoratedCustomizer> (0x00000000f6c4ec30) thrown at [C:\jenkins\workspace\8-2-build-windows-x64-cygwin\jdk8u371\3355\hotspot\src\share\vm\classfile\systemDictionary
Event: 23.603 Thread 0x00000150273fe800 Exception <a 'java/lang/ClassNotFoundException': org/gradle/initialization/DefaultProjectDescriptorBeanInfo> (0x00000000f6d36598) thrown at [C:\jenkins\workspace\8-2-build-windows-x64-cygwin\jdk8u371\3355\hotspot\src\share\vm\classfile\systemDictionary.cp
Event: 23.605 Thread 0x00000150273fe800 Exception <a 'java/lang/ClassNotFoundException': org/gradle/initialization/DefaultProjectDescriptorCustomizer> (0x00000000f6d72070) thrown at [C:\jenkins\workspace\8-2-build-windows-x64-cygwin\jdk8u371\3355\hotspot\src\share\vm\classfile\systemDictionary.
Event: 23.612 Thread 0x00000150273fe800 Implicit null exception at 0x00000150152083ef to 0x000001501520848d

Events (10 events):
Event: 23.686 loading class org/gradle/caching/internal/packaging/impl/GZipBuildCacheEntryPacker
Event: 23.686 loading class org/gradle/caching/internal/packaging/impl/GZipBuildCacheEntryPacker done
Event: 23.687 loading class java/util/zip/GZIPOutputStream
Event: 23.688 loading class java/util/zip/DeflaterOutputStream
Event: 23.703 loading class java/util/zip/DeflaterOutputStream done
Event: 23.703 loading class java/util/zip/GZIPOutputStream done
Event: 23.704 loading class java/util/zip/GZIPInputStream
Event: 23.704 loading class java/util/zip/GZIPInputStream done
Event: 23.704 loading class org/gradle/caching/internal/packaging/impl/TarBuildCacheEntryPacker
Event: 23.704 loading class org/gradle/caching/internal/packaging/impl/TarBuildCacheEntryPacker done


Dynamic libraries:
0x00007ff63c220000 - 0x00007ff63c26a000 	C:\Program Files\Java\jre-1.8\bin\java.exe
0x00007ffe52820000 - 0x00007ffe529f0000 	C:\Windows\SYSTEM32\ntdll.dll
0x00007ffe52770000 - 0x00007ffe5281c000 	C:\Windows\System32\KERNEL32.DLL
0x00007ffe4f020000 - 0x00007ffe4f23d000 	C:\Windows\System32\KERNELBASE.dll
0x00007ffe51090000 - 0x00007ffe51132000 	C:\Windows\System32\ADVAPI32.dll
0x00007ffe50a10000 - 0x00007ffe50aae000 	C:\Windows\System32\msvcrt.dll
0x00007ffe51140000 - 0x00007ffe51199000 	C:\Windows\System32\sechost.dll
0x00007ffe50610000 - 0x00007ffe50731000 	C:\Windows\System32\RPCRT4.dll
0x00007ffe50430000 - 0x00007ffe50595000 	C:\Windows\System32\USER32.dll
0x00007ffe4f6b0000 - 0x00007ffe4f6ce000 	C:\Windows\System32\win32u.dll
0x00007ffe50c10000 - 0x00007ffe50c44000 	C:\Windows\System32\GDI32.dll
0x00007ffe4f470000 - 0x00007ffe4f5f1000 	C:\Windows\System32\gdi32full.dll
0x00007ffe43290000 - 0x00007ffe4350a000 	C:\Windows\WinSxS\amd64_microsoft.windows.common-controls_6595b64144ccf1df_6.0.14393.2273_none_7de240fc83403786\COMCTL32.dll
0x00007ffe50db0000 - 0x00007ffe51078000 	C:\Windows\System32\combase.dll
0x00007ffe4ed10000 - 0x00007ffe4ee05000 	C:\Windows\System32\ucrtbase.dll
0x00007ffe4efb0000 - 0x00007ffe4f01a000 	C:\Windows\System32\bcryptPrimitives.dll
0x00007ffe507b0000 - 0x00007ffe507de000 	C:\Windows\System32\IMM32.DLL
0x00007ffe413b0000 - 0x00007ffe413cb000 	C:\Program Files\Java\jre-1.8\bin\vcruntime140.dll
0x00007ffe48420000 - 0x00007ffe4842c000 	C:\Program Files\Java\jre-1.8\bin\vcruntime140_1.dll
0x00007ffe3a150000 - 0x00007ffe3a1de000 	C:\Program Files\Java\jre-1.8\bin\msvcp140.dll
0x00000000579c0000 - 0x0000000058267000 	C:\Program Files\Java\jre-1.8\bin\server\jvm.dll
0x00007ffe50840000 - 0x00007ffe50848000 	C:\Windows\System32\PSAPI.DLL
0x00007ffe3e2e0000 - 0x00007ffe3e2e9000 	C:\Windows\SYSTEM32\WSOCK32.dll
0x00007ffe50740000 - 0x00007ffe507aa000 	C:\Windows\System32\WS2_32.dll
0x00007ffe4d200000 - 0x00007ffe4d223000 	C:\Windows\SYSTEM32\WINMM.dll
0x00007ffe46fa0000 - 0x00007ffe46faa000 	C:\Windows\SYSTEM32\VERSION.dll
0x00007ffe4d1a0000 - 0x00007ffe4d1cb000 	C:\Windows\SYSTEM32\WINMMBASE.dll
0x00007ffe4eeb0000 - 0x00007ffe4eef2000 	C:\Windows\System32\cfgmgr32.dll
0x00007ffe4ec90000 - 0x00007ffe4ec9f000 	C:\Windows\System32\kernel.appcore.dll
0x00007ffe41370000 - 0x00007ffe41380000 	C:\Program Files\Java\jre-1.8\bin\verify.dll
0x00007ffe3bad0000 - 0x00007ffe3bafb000 	C:\Program Files\Java\jre-1.8\bin\java.dll
0x00007ffe3c5b0000 - 0x00007ffe3c5c8000 	C:\Program Files\Java\jre-1.8\bin\zip.dll
0x00007ffe51260000 - 0x00007ffe52765000 	C:\Windows\System32\SHELL32.dll
0x00007ffe4f6d0000 - 0x00007ffe4fda9000 	C:\Windows\System32\windows.storage.dll
0x00007ffe4ecc0000 - 0x00007ffe4ed0c000 	C:\Windows\System32\powrprof.dll
0x00007ffe507e0000 - 0x00007ffe50832000 	C:\Windows\System32\shlwapi.dll
0x00007ffe4ef00000 - 0x00007ffe4efa9000 	C:\Windows\System32\shcore.dll
0x00007ffe4eca0000 - 0x00007ffe4ecb4000 	C:\Windows\System32\profapi.dll
0x00007ffe36d00000 - 0x00007ffe36d1c000 	C:\Program Files\Java\jre-1.8\bin\net.dll
0x00007ffe4e550000 - 0x00007ffe4e5ac000 	C:\Windows\system32\mswsock.dll
0x00007ffe2eaa0000 - 0x00007ffe2eab3000 	C:\Program Files\Java\jre-1.8\bin\nio.dll
0x00007ffe27da0000 - 0x00007ffe27dc7000 	C:\Users\Administrator\.gradle\native\68d5fa5c4cc2d200863cafc0d521ce42e7d3e7ee720ec0a83991735586a16f82\windows-amd64\native-platform.dll
0x00007ffe3e500000 - 0x00007ffe3e50d000 	C:\Program Files\Java\jre-1.8\bin\management.dll
0x00007ffe4e6f0000 - 0x00007ffe4e707000 	C:\Windows\SYSTEM32\CRYPTSP.dll
0x00007ffe4e150000 - 0x00007ffe4e183000 	C:\Windows\system32\rsaenh.dll
0x00007ffe4ebc0000 - 0x00007ffe4ebeb000 	C:\Windows\SYSTEM32\bcrypt.dll
0x00007ffe4e3d0000 - 0x00007ffe4e3ef000 	C:\Windows\SYSTEM32\USERENV.dll
0x00007ffe4e710000 - 0x00007ffe4e71b000 	C:\Windows\SYSTEM32\CRYPTBASE.dll
0x00007ffe4e2d0000 - 0x00007ffe4e308000 	C:\Windows\SYSTEM32\IPHLPAPI.DLL
0x00007ffe4fdb0000 - 0x00007ffe4fdb8000 	C:\Windows\System32\NSI.dll
0x00007ffe49170000 - 0x00007ffe49186000 	C:\Windows\SYSTEM32\dhcpcsvc6.DLL
0x00007ffe48dd0000 - 0x00007ffe48dea000 	C:\Windows\SYSTEM32\dhcpcsvc.DLL
0x00007ffe45210000 - 0x00007ffe453a2000 	C:\Windows\system32\DBGHELP.DLL
0x00007ffe45060000 - 0x00007ffe45089000 	C:\Windows\SYSTEM32\dbgcore.DLL

VM Arguments:
jvm_args: -XX:MaxMetaspaceSize=384m -XX:+HeapDumpOnOutOfMemoryError -Xms256m -Xmx512m -Dfile.encoding=utf8 -Duser.country=US -Duser.language=en -Duser.variant 
java_command: org.gradle.launcher.daemon.bootstrap.GradleDaemon 8.0.2
java_class_path (initial): C:\Users\Administrator\.gradle\wrapper\dists\gradle-8.0.2-bin\25jlreiuz6u3xu2phlpa2vv4m\gradle-8.0.2\lib\gradle-launcher-8.0.2.jar
Launcher Type: SUN_STANDARD

Environment Variables:
PATH=C:\Program Files (x86)\Common Files\Oracle\Java\javapath;C:\Windows\system32;C:\Windows;C:\Windows\System32\Wbem;C:\Windows\System32\WindowsPowerShell\v1.0\;C:\Users\Administrator\AppData\Local\Programs\Python\Python39\Scripts\;C:\Users\Administrator\AppData\Local\Programs\Python\Python39\;C:\Users\Administrator\AppData\Local\Microsoft\WindowsApps;;C:\Users\Administrator\AppData\Local\Programs\Microsoft VS Code\bin
USERNAME=Administrator
OS=Windows_NT
PROCESSOR_IDENTIFIER=Intel64 Family 6 Model 6 Stepping 3, GenuineIntel



---------------  S Y S T E M  ---------------

OS: Windows Server 2016 , 64 bit Build 14393 (10.0.14393.2214)

CPU:total 2 (initial active 2) (2 cores per cpu, 1 threads per core) family 6 model 6 stepping 3, cmov, cx8, fxsr, mmx, sse, sse2, sse3, tsc

Memory: 4k page, physical 2096608k(353584k free), swap 5964404k(1326016k free)

vm_info: Java HotSpot(TM) 64-Bit Server VM (25.371-b11) for windows-amd64 JRE (1.8.0_371-b11), built on Mar 17 2023 04:03:45 by "java_re" with MS VC++ 17.1 (VS2022)

time: Sun May 28 06:40:22 2023
timezone: Pacific Daylight Time
elapsed time: 49.799279 seconds (0d 0h 0m 49s)

