#
# There is insufficient memory for the Java Runtime Environment to continue.
# Native memory allocation (malloc) failed to allocate 2038448 bytes for Chunk::new
# Possible reasons:
#   The system is out of physical RAM or swap space
#   The process is running with CompressedOops enabled, and the Java Heap may be blocking the growth of the native heap
# Possible solutions:
#   Reduce memory load on the system
#   Increase physical memory or swap space
#   Check if swap backing store is full
#   Decrease Java heap size (-Xmx/-Xms)
#   Decrease number of Java threads
#   Decrease Java thread stack sizes (-Xss)
#   Set larger code cache with -XX:ReservedCodeCacheSize=
#   JVM is running with Unscaled Compressed Oops mode in which the Java heap is
#     placed in the first 4GB address space. The Java Heap base address is the
#     maximum limit for the native heap growth. Please use -XX:HeapBaseMinAddress
#     to set the Java Heap base and to place the Java Heap above 4GB virtual address.
# This output file may be truncated or incomplete.
#
#  Out of Memory Error (arena.cpp:189), pid=4588, tid=68
#
# JRE version: OpenJDK Runtime Environment Temurin-17.0.7+7 (17.0.7+7) (build 17.0.7+7)
# Java VM: OpenJDK 64-Bit Server VM Temurin-17.0.7+7 (17.0.7+7, mixed mode, tiered, compressed oops, compressed class ptrs, parallel gc, windows-amd64)
# Core dump will be written. Default location: c:\Users\Administrator\Desktop\vkbot\hs_err_pid4588.mdmp
#

---------------  S U M M A R Y ------------

Command Line: --add-modules=ALL-SYSTEM --add-opens=java.base/java.util=ALL-UNNAMED --add-opens=java.base/java.lang=ALL-UNNAMED --add-opens=java.base/sun.nio.fs=ALL-UNNAMED -Declipse.application=org.eclipse.jdt.ls.core.id1 -Dosgi.bundles.defaultStartLevel=4 -Declipse.product=org.eclipse.jdt.ls.core.product -Djava.import.generatesMetadataFilesAtProjectRoot=false -Dfile.encoding=utf8 -XX:+UseParallelGC -XX:GCTimeRatio=4 -XX:AdaptiveSizePolicyWeight=90 -Dsun.zip.disableMemoryMapping=true -Xmx1G -Xms100m -Xlog:disable -javaagent:c:\Users\Administrator\.vscode\extensions\redhat.java-1.18.0-win32-x64\lombok\lombok-1.18.27.jar -XX:+HeapDumpOnOutOfMemoryError -XX:HeapDumpPath=c:\Users\Administrator\AppData\Roaming\Code\User\workspaceStorage\780d521fef09cf6154d922225696aa9e\redhat.java -Daether.dependencyCollector.impl=bf c:\Users\Administrator\.vscode\extensions\redhat.java-1.18.0-win32-x64\server\plugins\org.eclipse.equinox.launcher_1.6.400.v20210924-0641.jar -configuration c:\Users\Administrator\AppData\Roaming\Code\User\globalStorage\redhat.java\1.18.0\config_win -data c:\Users\Administrator\AppData\Roaming\Code\User\workspaceStorage\780d521fef09cf6154d922225696aa9e\redhat.java\jdt_ws

Host: QEMU Virtual CPU version 2.5+, 2 cores, 1G,  Windows Server 2016 , 64 bit Build 14393 (10.0.14393.2214)
Time: Sat May 27 03:54:11 2023 Pacific Daylight Time elapsed time: 60.300332 seconds (0d 0h 1m 0s)

---------------  T H R E A D  ---------------

Current thread (0x000002079965d090):  JavaThread "C2 CompilerThread0" daemon [_thread_in_native, id=68, stack(0x000000e05ca00000,0x000000e05cb00000)]


Current CompileTask:
C2:  60300 6519       4       java.io.ObjectInputStream::readClassDesc (121 bytes)

Stack: [0x000000e05ca00000,0x000000e05cb00000]
Native frames: (J=compiled Java code, j=interpreted, Vv=VM code, C=native code)
V  [jvm.dll+0x67754a]
V  [jvm.dll+0x834304]
V  [jvm.dll+0x835aae]
V  [jvm.dll+0x836113]
V  [jvm.dll+0x24696f]
V  [jvm.dll+0xac0ac]
V  [jvm.dll+0xac67c]
V  [jvm.dll+0x364e37]
V  [jvm.dll+0x32f6b1]
V  [jvm.dll+0x32eb5a]
V  [jvm.dll+0x219641]
V  [jvm.dll+0x218a61]
V  [jvm.dll+0x1a4d8d]
V  [jvm.dll+0x2284da]
V  [jvm.dll+0x226615]
V  [jvm.dll+0x7ea90b]
V  [jvm.dll+0x7e4e7a]
V  [jvm.dll+0x676395]
C  [ucrtbase.dll+0x1cd70]
C  [KERNEL32.DLL+0x8364]
C  [ntdll.dll+0x6e851]


---------------  P R O C E S S  ---------------

Threads class SMR info:
_java_thread_list=0x00000207a1c63130, length=38, elements={
0x0000020785852530, 0x000002079961a390, 0x000002079961b110, 0x0000020799655150,
0x0000020799655ed0, 0x000002079965aa70, 0x000002079965c4a0, 0x000002079965d090,
0x0000020799662890, 0x0000020799684a20, 0x000002079e236820, 0x000002079e4408b0,
0x000002079ea513e0, 0x000002079ea9df20, 0x000002079ea9e970, 0x000002079eb2ed00,
0x000002079edcce00, 0x000002079edf6c60, 0x000002079f3856e0, 0x000002079f387890,
0x000002079f387d60, 0x000002079f388230, 0x000002079f386080, 0x000002079f386ef0,
0x000002079f388bd0, 0x000002079f3873c0, 0x000002079f385bb0, 0x000002079f386a20,
0x000002079f3b1520, 0x000002079f3ae9d0, 0x000002079f3accf0, 0x000002079f3aab40,
0x000002079f3af840, 0x000002079f3ad1c0, 0x000002079f3ab010, 0x000002079f3ae030,
0x000002079f3b06b0, 0x000002079f3af370
}

Java Threads: ( => current thread )
  0x0000020785852530 JavaThread "main" [_thread_blocked, id=140, stack(0x000000e05c100000,0x000000e05c200000)]
  0x000002079961a390 JavaThread "Reference Handler" daemon [_thread_blocked, id=3232, stack(0x000000e05c400000,0x000000e05c500000)]
  0x000002079961b110 JavaThread "Finalizer" daemon [_thread_blocked, id=6796, stack(0x000000e05c500000,0x000000e05c600000)]
  0x0000020799655150 JavaThread "Signal Dispatcher" daemon [_thread_blocked, id=2288, stack(0x000000e05c600000,0x000000e05c700000)]
  0x0000020799655ed0 JavaThread "Attach Listener" daemon [_thread_blocked, id=2988, stack(0x000000e05c700000,0x000000e05c800000)]
  0x000002079965aa70 JavaThread "Service Thread" daemon [_thread_blocked, id=5956, stack(0x000000e05c800000,0x000000e05c900000)]
  0x000002079965c4a0 JavaThread "Monitor Deflation Thread" daemon [_thread_blocked, id=5128, stack(0x000000e05c900000,0x000000e05ca00000)]
=>0x000002079965d090 JavaThread "C2 CompilerThread0" daemon [_thread_in_native, id=68, stack(0x000000e05ca00000,0x000000e05cb00000)]
  0x0000020799662890 JavaThread "C1 CompilerThread0" daemon [_thread_blocked, id=5612, stack(0x000000e05cb00000,0x000000e05cc00000)]
  0x0000020799684a20 JavaThread "Sweeper thread" daemon [_thread_blocked, id=444, stack(0x000000e05cc00000,0x000000e05cd00000)]
  0x000002079e236820 JavaThread "Common-Cleaner" daemon [_thread_blocked, id=5024, stack(0x000000e05cd00000,0x000000e05ce00000)]
  0x000002079e4408b0 JavaThread "Notification Thread" daemon [_thread_blocked, id=2544, stack(0x000000e05cf00000,0x000000e05d000000)]
  0x000002079ea513e0 JavaThread "Active Thread: Equinox Container: df7ffdd4-e0b2-44e5-b417-4bf5c76afbd2" [_thread_blocked, id=5272, stack(0x000000e05d200000,0x000000e05d300000)]
  0x000002079ea9df20 JavaThread "Framework Event Dispatcher: Equinox Container: df7ffdd4-e0b2-44e5-b417-4bf5c76afbd2" daemon [_thread_blocked, id=5444, stack(0x000000e05d300000,0x000000e05d400000)]
  0x000002079ea9e970 JavaThread "Start Level: Equinox Container: df7ffdd4-e0b2-44e5-b417-4bf5c76afbd2" daemon [_thread_blocked, id=3416, stack(0x000000e05d400000,0x000000e05d500000)]
  0x000002079eb2ed00 JavaThread "SCR Component Actor" daemon [_thread_blocked, id=6540, stack(0x000000e05d500000,0x000000e05d600000)]
  0x000002079edcce00 JavaThread "Worker-JM" [_thread_blocked, id=1292, stack(0x000000e05d700000,0x000000e05d800000)]
  0x000002079edf6c60 JavaThread "Worker-0: Synchronize Gradle projects with workspace" [_thread_blocked, id=5868, stack(0x000000e05d800000,0x000000e05d900000)]
  0x000002079f3856e0 JavaThread "Worker-1: Initialize Workspace" [_thread_blocked, id=1196, stack(0x000000e05d900000,0x000000e05da00000)]
  0x000002079f387890 JavaThread "Worker-2" [_thread_blocked, id=5520, stack(0x000000e05da00000,0x000000e05db00000)]
  0x000002079f387d60 JavaThread "Java indexing" daemon [_thread_blocked, id=6892, stack(0x000000e05db00000,0x000000e05dc00000)]
  0x000002079f388230 JavaThread "Worker-3" [_thread_blocked, id=5648, stack(0x000000e05dc00000,0x000000e05dd00000)]
  0x000002079f386080 JavaThread "JNA Cleaner" daemon [_thread_blocked, id=6396, stack(0x000000e05dd00000,0x000000e05de00000)]
  0x000002079f386ef0 JavaThread "pool-2-thread-1" [_thread_blocked, id=4484, stack(0x000000e05de00000,0x000000e05df00000)]
  0x000002079f388bd0 JavaThread "pool-1-thread-1" [_thread_blocked, id=7140, stack(0x000000e05df00000,0x000000e05e000000)]
  0x000002079f3873c0 JavaThread "Bundle File Closer" daemon [_thread_blocked, id=3756, stack(0x000000e05e000000,0x000000e05e100000)]
  0x000002079f385bb0 JavaThread "Timer-0" [_thread_blocked, id=5192, stack(0x000000e05e300000,0x000000e05e400000)]
  0x000002079f386a20 JavaThread "Timer-1" [_thread_blocked, id=3884, stack(0x000000e05e400000,0x000000e05e500000)]
  0x000002079f3b1520 JavaThread "Timer-2" [_thread_blocked, id=4724, stack(0x000000e05e500000,0x000000e05e600000)]
  0x000002079f3ae9d0 JavaThread "Exec process" [_thread_blocked, id=6732, stack(0x000000e05e800000,0x000000e05e900000)]
  0x000002079f3accf0 JavaThread "Exec process Thread 2" [_thread_blocked, id=4380, stack(0x000000e05e900000,0x000000e05ea00000)]
  0x000002079f3aab40 JavaThread "Exec process Thread 3" [_thread_blocked, id=3312, stack(0x000000e05ea00000,0x000000e05eb00000)]
  0x000002079f3af840 JavaThread "Timer-3" [_thread_blocked, id=4104, stack(0x000000e05eb00000,0x000000e05ec00000)]
  0x000002079f3ad1c0 JavaThread "Timer-4" [_thread_blocked, id=4332, stack(0x000000e05ec00000,0x000000e05ed00000)]
  0x000002079f3ab010 JavaThread "Connection worker" [_thread_blocked, id=4608, stack(0x000000e05ed00000,0x000000e05ee00000)]
  0x000002079f3ae030 JavaThread "Connection worker Thread 2" [_thread_in_Java, id=5472, stack(0x000000e05ee00000,0x000000e05ef00000)]
  0x000002079f3b06b0 JavaThread "pool-3-thread-1" [_thread_blocked, id=6252, stack(0x000000e05ef00000,0x000000e05f000000)]
  0x000002079f3af370 JavaThread "Forward input" [_thread_blocked, id=5924, stack(0x000000e05f500000,0x000000e05f600000)]

Other Threads:
  0x00000207995a8130 VMThread "VM Thread" [stack: 0x000000e05c300000,0x000000e05c400000] [id=3256]
  0x000002079e440d80 WatcherThread [stack: 0x000000e05d000000,0x000000e05d100000] [id=4168]
  0x0000020785860ea0 GCTaskThread "GC Thread#0" [stack: 0x000000e05c200000,0x000000e05c300000] [id=5572]
  0x000002079e8f6cc0 GCTaskThread "GC Thread#1" [stack: 0x000000e05d100000,0x000000e05d200000] [id=2464]

Threads with active compile tasks:
C2 CompilerThread0    60323 6519       4       java.io.ObjectInputStream::readClassDesc (121 bytes)

VM state: not at safepoint (normal execution)

VM Mutex/Monitor currently owned by a thread: None

Heap address: 0x00000000c0000000, size: 1024 MB, Compressed Oops mode: 32-bit

CDS archive(s) not mapped
Compressed class space mapped at: 0x0000000100000000-0x0000000140000000, reserved size: 1073741824
Narrow klass base: 0x0000000000000000, Narrow klass shift: 3, Narrow klass range: 0x140000000

GC Precious Log:
 CPUs: 2 total, 2 available
 Memory: 2047M
 Large Page Support: Disabled
 NUMA Support: Disabled
 Compressed Oops: Enabled (32-bit)
 Alignments: Space 512K, Generation 512K, Heap 2M
 Heap Min Capacity: 100M
 Heap Initial Capacity: 100M
 Heap Max Capacity: 1G
 Pre-touch: Disabled
 Parallel Workers: 2

Heap:
 PSYoungGen      total 11776K, used 2332K [0x00000000eab00000, 0x00000000ebc00000, 0x0000000100000000)
  eden space 11264K, 19% used [0x00000000eab00000,0x00000000ead1f0c0,0x00000000eb600000)
  from space 512K, 31% used [0x00000000ebb80000,0x00000000ebba8000,0x00000000ebc00000)
  to   space 512K, 0% used [0x00000000ebb00000,0x00000000ebb00000,0x00000000ebb80000)
 ParOldGen       total 68608K, used 36743K [0x00000000c0000000, 0x00000000c4300000, 0x00000000eab00000)
  object space 68608K, 53% used [0x00000000c0000000,0x00000000c23e1f78,0x00000000c4300000)
 Metaspace       used 62626K, committed 63616K, reserved 1114112K
  class space    used 7636K, committed 8064K, reserved 1048576K

Card table byte_map: [0x0000020785200000,0x0000020785410000] _byte_map_base: 0x0000020784c00000

Marking Bits: (ParMarkBitMap*) 0x00007ffe268652c0
 Begin Bits: [0x00000207974e0000, 0x00000207984e0000)
 End Bits:   [0x00000207984e0000, 0x00000207994e0000)

Polling page: 0x0000020783830000

Metaspace:

Usage:
  Non-class:     53.70 MB used.
      Class:      7.46 MB used.
       Both:     61.16 MB used.

Virtual space:
  Non-class space:       64.00 MB reserved,      54.25 MB ( 85%) committed,  1 nodes.
      Class space:        1.00 GB reserved,       7.88 MB ( <1%) committed,  1 nodes.
             Both:        1.06 GB reserved,      62.13 MB (  6%) committed. 

Chunk freelists:
   Non-Class:  8.82 MB
       Class:  8.17 MB
        Both:  16.99 MB

MaxMetaspaceSize: unlimited
CompressedClassSpaceSize: 1.00 GB
Initial GC threshold: 21.00 MB
Current GC threshold: 97.31 MB
CDS: off
MetaspaceReclaimPolicy: balanced
 - commit_granule_bytes: 65536.
 - commit_granule_words: 8192.
 - virtual_space_node_default_size: 8388608.
 - enlarge_chunks_in_place: 1.
 - new_chunks_are_fully_committed: 0.
 - uncommit_free_chunks: 1.
 - use_allocation_guard: 0.
 - handle_deallocations: 1.


Internal statistics:

num_allocs_failed_limit: 11.
num_arena_births: 548.
num_arena_deaths: 14.
num_vsnodes_births: 2.
num_vsnodes_deaths: 0.
num_space_committed: 994.
num_space_uncommitted: 0.
num_chunks_returned_to_freelist: 25.
num_chunks_taken_from_freelist: 2833.
num_chunk_merges: 12.
num_chunk_splits: 1886.
num_chunks_enlarged: 1257.
num_inconsistent_stats: 0.

CodeHeap 'non-profiled nmethods': size=120064Kb used=3239Kb max_used=3239Kb free=116824Kb
 bounds [0x000002078ffa0000, 0x00000207902d0000, 0x00000207974e0000]
CodeHeap 'profiled nmethods': size=120000Kb used=11607Kb max_used=11956Kb free=108392Kb
 bounds [0x00000207884e0000, 0x0000020789090000, 0x000002078fa10000]
CodeHeap 'non-nmethods': size=5696Kb used=1294Kb max_used=1347Kb free=4401Kb
 bounds [0x000002078fa10000, 0x000002078fc80000, 0x000002078ffa0000]
 total_blobs=6301 nmethods=5674 adapters=542
 compilation: enabled
              stopped_count=0, restarted_count=0
 full_count=0

Compilation events (20 events):
Event: 60.040 Thread 0x0000020799662890 nmethod 6509 0x00000207885b0010 code [0x00000207885b06a0, 0x00000207885b3448]
Event: 60.040 Thread 0x0000020799662890 6510   !   3       java.security.Provider$Service::newInstanceUtil (60 bytes)
Event: 60.043 Thread 0x0000020799662890 nmethod 6510 0x0000020788c19390 code [0x0000020788c19660, 0x0000020788c1a368]
Event: 60.043 Thread 0x0000020799662890 6511       3       jdk.internal.reflect.ClassFileAssembler::getMaxLocals (6 bytes)
Event: 60.043 Thread 0x0000020799662890 nmethod 6511 0x0000020788c19010 code [0x0000020788c191a0, 0x0000020788c192b8]
Event: 60.053 Thread 0x0000020799662890 6512       3       java.lang.ClassValue$ClassValueMap::<init> (11 bytes)
Event: 60.053 Thread 0x0000020799662890 nmethod 6512 0x00000207885afb10 code [0x00000207885afce0, 0x00000207885afed8]
Event: 60.053 Thread 0x0000020799662890 6513       3       java.lang.ClassValue$ClassValueMap::sizeCache (51 bytes)
Event: 60.054 Thread 0x0000020799662890 nmethod 6513 0x00000207885af690 code [0x00000207885af860, 0x00000207885afa78]
Event: 60.054 Thread 0x0000020799662890 6514       1       org.gradle.internal.io.StreamByteBuffer::access$100 (5 bytes)
Event: 60.054 Thread 0x0000020799662890 nmethod 6514 0x00000207902c9c90 code [0x00000207902c9e20, 0x00000207902c9ed8]
Event: 60.056 Thread 0x0000020799662890 6515       3       java.security.ProtectionDomain::<init> (98 bytes)
Event: 60.070 Thread 0x0000020799662890 nmethod 6515 0x00000207885ae910 code [0x00000207885aeb00, 0x00000207885af448]
Event: 60.089 Thread 0x0000020799662890 6516       3       java.security.Provider$Service::getDefaultConstructor (84 bytes)
Event: 60.091 Thread 0x0000020799662890 nmethod 6516 0x00000207889a9c90 code [0x00000207889a9f60, 0x00000207889ab398]
Event: 60.091 Thread 0x0000020799662890 6517       3       java.io.ObjectInputStream$PeekInputStream::peek (49 bytes)
Event: 60.091 Thread 0x0000020799662890 nmethod 6517 0x00000207885ae410 code [0x00000207885ae5c0, 0x00000207885ae868]
Event: 60.091 Thread 0x0000020799662890 6518       3       org.gradle.internal.io.StreamByteBuffer$StreamByteBufferChunk::bytesUnread (10 bytes)
Event: 60.091 Thread 0x0000020799662890 nmethod 6518 0x00000207885ae090 code [0x00000207885ae220, 0x00000207885ae338]
Event: 60.093 Thread 0x000002079965d090 6519       4       java.io.ObjectInputStream::readClassDesc (121 bytes)

GC Heap History (20 events):
Event: 26.751 GC heap before
{Heap before GC invocations=28 (full 2):
 PSYoungGen      total 12288K, used 11600K [0x00000000eab00000, 0x00000000ebc80000, 0x0000000100000000)
  eden space 11264K, 100% used [0x00000000eab00000,0x00000000eb600000,0x00000000eb600000)
  from space 1024K, 32% used [0x00000000eba80000,0x00000000ebad4010,0x00000000ebb80000)
  to   space 512K, 0% used [0x00000000ebc00000,0x00000000ebc00000,0x00000000ebc80000)
 ParOldGen       total 68608K, used 35923K [0x00000000c0000000, 0x00000000c4300000, 0x00000000eab00000)
  object space 68608K, 52% used [0x00000000c0000000,0x00000000c2314ee0,0x00000000c4300000)
 Metaspace       used 56910K, committed 57792K, reserved 1114112K
  class space    used 6627K, committed 6976K, reserved 1048576K
}
Event: 26.755 GC heap after
{Heap after GC invocations=28 (full 2):
 PSYoungGen      total 11776K, used 408K [0x00000000eab00000, 0x00000000ebc80000, 0x0000000100000000)
  eden space 11264K, 0% used [0x00000000eab00000,0x00000000eab00000,0x00000000eb600000)
  from space 512K, 79% used [0x00000000ebc00000,0x00000000ebc66150,0x00000000ebc80000)
  to   space 512K, 0% used [0x00000000ebb80000,0x00000000ebb80000,0x00000000ebc00000)
 ParOldGen       total 68608K, used 36178K [0x00000000c0000000, 0x00000000c4300000, 0x00000000eab00000)
  object space 68608K, 52% used [0x00000000c0000000,0x00000000c2354bf0,0x00000000c4300000)
 Metaspace       used 56910K, committed 57792K, reserved 1114112K
  class space    used 6627K, committed 6976K, reserved 1048576K
}
Event: 27.301 GC heap before
{Heap before GC invocations=29 (full 2):
 PSYoungGen      total 11776K, used 11672K [0x00000000eab00000, 0x00000000ebc80000, 0x0000000100000000)
  eden space 11264K, 100% used [0x00000000eab00000,0x00000000eb600000,0x00000000eb600000)
  from space 512K, 79% used [0x00000000ebc00000,0x00000000ebc66150,0x00000000ebc80000)
  to   space 512K, 0% used [0x00000000ebb80000,0x00000000ebb80000,0x00000000ebc00000)
 ParOldGen       total 68608K, used 36178K [0x00000000c0000000, 0x00000000c4300000, 0x00000000eab00000)
  object space 68608K, 52% used [0x00000000c0000000,0x00000000c2354bf0,0x00000000c4300000)
 Metaspace       used 57751K, committed 58624K, reserved 1114112K
  class space    used 6757K, committed 7104K, reserved 1048576K
}
Event: 27.303 GC heap after
{Heap after GC invocations=29 (full 2):
 PSYoungGen      total 11776K, used 500K [0x00000000eab00000, 0x00000000ebc80000, 0x0000000100000000)
  eden space 11264K, 0% used [0x00000000eab00000,0x00000000eab00000,0x00000000eb600000)
  from space 512K, 97% used [0x00000000ebb80000,0x00000000ebbfd2c0,0x00000000ebc00000)
  to   space 512K, 0% used [0x00000000ebc00000,0x00000000ebc00000,0x00000000ebc80000)
 ParOldGen       total 68608K, used 36492K [0x00000000c0000000, 0x00000000c4300000, 0x00000000eab00000)
  object space 68608K, 53% used [0x00000000c0000000,0x00000000c23a3108,0x00000000c4300000)
 Metaspace       used 57751K, committed 58624K, reserved 1114112K
  class space    used 6757K, committed 7104K, reserved 1048576K
}
Event: 27.499 GC heap before
{Heap before GC invocations=30 (full 2):
 PSYoungGen      total 11776K, used 11764K [0x00000000eab00000, 0x00000000ebc80000, 0x0000000100000000)
  eden space 11264K, 100% used [0x00000000eab00000,0x00000000eb600000,0x00000000eb600000)
  from space 512K, 97% used [0x00000000ebb80000,0x00000000ebbfd2c0,0x00000000ebc00000)
  to   space 512K, 0% used [0x00000000ebc00000,0x00000000ebc00000,0x00000000ebc80000)
 ParOldGen       total 68608K, used 36492K [0x00000000c0000000, 0x00000000c4300000, 0x00000000eab00000)
  object space 68608K, 53% used [0x00000000c0000000,0x00000000c23a3108,0x00000000c4300000)
 Metaspace       used 58608K, committed 59456K, reserved 1114112K
  class space    used 6926K, committed 7232K, reserved 1048576K
}
Event: 27.500 GC heap after
{Heap after GC invocations=30 (full 2):
 PSYoungGen      total 11776K, used 224K [0x00000000eab00000, 0x00000000ebc80000, 0x0000000100000000)
  eden space 11264K, 0% used [0x00000000eab00000,0x00000000eab00000,0x00000000eb600000)
  from space 512K, 43% used [0x00000000ebc00000,0x00000000ebc380a8,0x00000000ebc80000)
  to   space 512K, 0% used [0x00000000ebb80000,0x00000000ebb80000,0x00000000ebc00000)
 ParOldGen       total 68608K, used 36984K [0x00000000c0000000, 0x00000000c4300000, 0x00000000eab00000)
  object space 68608K, 53% used [0x00000000c0000000,0x00000000c241e220,0x00000000c4300000)
 Metaspace       used 58608K, committed 59456K, reserved 1114112K
  class space    used 6926K, committed 7232K, reserved 1048576K
}
Event: 27.544 GC heap before
{Heap before GC invocations=31 (full 2):
 PSYoungGen      total 11776K, used 4005K [0x00000000eab00000, 0x00000000ebc80000, 0x0000000100000000)
  eden space 11264K, 33% used [0x00000000eab00000,0x00000000eaeb15f0,0x00000000eb600000)
  from space 512K, 43% used [0x00000000ebc00000,0x00000000ebc380a8,0x00000000ebc80000)
  to   space 512K, 0% used [0x00000000ebb80000,0x00000000ebb80000,0x00000000ebc00000)
 ParOldGen       total 68608K, used 36984K [0x00000000c0000000, 0x00000000c4300000, 0x00000000eab00000)
  object space 68608K, 53% used [0x00000000c0000000,0x00000000c241e220,0x00000000c4300000)
 Metaspace       used 58907K, committed 59776K, reserved 1114112K
  class space    used 6991K, committed 7296K, reserved 1048576K
}
Event: 27.547 GC heap after
{Heap after GC invocations=31 (full 2):
 PSYoungGen      total 11776K, used 64K [0x00000000eab00000, 0x00000000ebc80000, 0x0000000100000000)
  eden space 11264K, 0% used [0x00000000eab00000,0x00000000eab00000,0x00000000eb600000)
  from space 512K, 12% used [0x00000000ebb80000,0x00000000ebb90000,0x00000000ebc00000)
  to   space 512K, 0% used [0x00000000ebc00000,0x00000000ebc00000,0x00000000ebc80000)
 ParOldGen       total 68608K, used 37076K [0x00000000c0000000, 0x00000000c4300000, 0x00000000eab00000)
  object space 68608K, 54% used [0x00000000c0000000,0x00000000c2435380,0x00000000c4300000)
 Metaspace       used 58907K, committed 59776K, reserved 1114112K
  class space    used 6991K, committed 7296K, reserved 1048576K
}
Event: 27.547 GC heap before
{Heap before GC invocations=32 (full 3):
 PSYoungGen      total 11776K, used 64K [0x00000000eab00000, 0x00000000ebc80000, 0x0000000100000000)
  eden space 11264K, 0% used [0x00000000eab00000,0x00000000eab00000,0x00000000eb600000)
  from space 512K, 12% used [0x00000000ebb80000,0x00000000ebb90000,0x00000000ebc00000)
  to   space 512K, 0% used [0x00000000ebc00000,0x00000000ebc00000,0x00000000ebc80000)
 ParOldGen       total 68608K, used 37076K [0x00000000c0000000, 0x00000000c4300000, 0x00000000eab00000)
  object space 68608K, 54% used [0x00000000c0000000,0x00000000c2435380,0x00000000c4300000)
 Metaspace       used 58907K, committed 59776K, reserved 1114112K
  class space    used 6991K, committed 7296K, reserved 1048576K
}
Event: 27.662 GC heap after
{Heap after GC invocations=32 (full 3):
 PSYoungGen      total 11776K, used 0K [0x00000000eab00000, 0x00000000ebc80000, 0x0000000100000000)
  eden space 11264K, 0% used [0x00000000eab00000,0x00000000eab00000,0x00000000eb600000)
  from space 512K, 0% used [0x00000000ebb80000,0x00000000ebb80000,0x00000000ebc00000)
  to   space 512K, 0% used [0x00000000ebc00000,0x00000000ebc00000,0x00000000ebc80000)
 ParOldGen       total 68608K, used 35464K [0x00000000c0000000, 0x00000000c4300000, 0x00000000eab00000)
  object space 68608K, 51% used [0x00000000c0000000,0x00000000c22a21f8,0x00000000c4300000)
 Metaspace       used 58907K, committed 59776K, reserved 1114112K
  class space    used 6991K, committed 7296K, reserved 1048576K
}
Event: 27.863 GC heap before
{Heap before GC invocations=33 (full 3):
 PSYoungGen      total 11776K, used 11264K [0x00000000eab00000, 0x00000000ebc80000, 0x0000000100000000)
  eden space 11264K, 100% used [0x00000000eab00000,0x00000000eb600000,0x00000000eb600000)
  from space 512K, 0% used [0x00000000ebb80000,0x00000000ebb80000,0x00000000ebc00000)
  to   space 512K, 0% used [0x00000000ebc00000,0x00000000ebc00000,0x00000000ebc80000)
 ParOldGen       total 68608K, used 35464K [0x00000000c0000000, 0x00000000c4300000, 0x00000000eab00000)
  object space 68608K, 51% used [0x00000000c0000000,0x00000000c22a21f8,0x00000000c4300000)
 Metaspace       used 59589K, committed 60480K, reserved 1114112K
  class space    used 7159K, committed 7488K, reserved 1048576K
}
Event: 27.865 GC heap after
{Heap after GC invocations=33 (full 3):
 PSYoungGen      total 11776K, used 128K [0x00000000eab00000, 0x00000000ebc80000, 0x0000000100000000)
  eden space 11264K, 0% used [0x00000000eab00000,0x00000000eab00000,0x00000000eb600000)
  from space 512K, 25% used [0x00000000ebc00000,0x00000000ebc20000,0x00000000ebc80000)
  to   space 512K, 0% used [0x00000000ebb80000,0x00000000ebb80000,0x00000000ebc00000)
 ParOldGen       total 68608K, used 35464K [0x00000000c0000000, 0x00000000c4300000, 0x00000000eab00000)
  object space 68608K, 51% used [0x00000000c0000000,0x00000000c22a21f8,0x00000000c4300000)
 Metaspace       used 59589K, committed 60480K, reserved 1114112K
  class space    used 7159K, committed 7488K, reserved 1048576K
}
Event: 28.387 GC heap before
{Heap before GC invocations=34 (full 3):
 PSYoungGen      total 11776K, used 11391K [0x00000000eab00000, 0x00000000ebc80000, 0x0000000100000000)
  eden space 11264K, 99% used [0x00000000eab00000,0x00000000eb5fffe0,0x00000000eb600000)
  from space 512K, 25% used [0x00000000ebc00000,0x00000000ebc20000,0x00000000ebc80000)
  to   space 512K, 0% used [0x00000000ebb80000,0x00000000ebb80000,0x00000000ebc00000)
 ParOldGen       total 68608K, used 35464K [0x00000000c0000000, 0x00000000c4300000, 0x00000000eab00000)
  object space 68608K, 51% used [0x00000000c0000000,0x00000000c22a21f8,0x00000000c4300000)
 Metaspace       used 60140K, committed 60928K, reserved 1114112K
  class space    used 7309K, committed 7616K, reserved 1048576K
}
Event: 28.389 GC heap after
{Heap after GC invocations=34 (full 3):
 PSYoungGen      total 11776K, used 237K [0x00000000eab00000, 0x00000000ebc80000, 0x0000000100000000)
  eden space 11264K, 0% used [0x00000000eab00000,0x00000000eab00000,0x00000000eb600000)
  from space 512K, 46% used [0x00000000ebb80000,0x00000000ebbbb7e0,0x00000000ebc00000)
  to   space 512K, 0% used [0x00000000ebc00000,0x00000000ebc00000,0x00000000ebc80000)
 ParOldGen       total 68608K, used 35544K [0x00000000c0000000, 0x00000000c4300000, 0x00000000eab00000)
  object space 68608K, 51% used [0x00000000c0000000,0x00000000c22b61f8,0x00000000c4300000)
 Metaspace       used 60140K, committed 60928K, reserved 1114112K
  class space    used 7309K, committed 7616K, reserved 1048576K
}
Event: 28.842 GC heap before
{Heap before GC invocations=35 (full 3):
 PSYoungGen      total 11776K, used 11501K [0x00000000eab00000, 0x00000000ebc80000, 0x0000000100000000)
  eden space 11264K, 100% used [0x00000000eab00000,0x00000000eb600000,0x00000000eb600000)
  from space 512K, 46% used [0x00000000ebb80000,0x00000000ebbbb7e0,0x00000000ebc00000)
  to   space 512K, 0% used [0x00000000ebc00000,0x00000000ebc00000,0x00000000ebc80000)
 ParOldGen       total 68608K, used 35544K [0x00000000c0000000, 0x00000000c4300000, 0x00000000eab00000)
  object space 68608K, 51% used [0x00000000c0000000,0x00000000c22b61f8,0x00000000c4300000)
 Metaspace       used 61122K, committed 61952K, reserved 1114112K
  class space    used 7478K, committed 7808K, reserved 1048576K
}
Event: 28.845 GC heap after
{Heap after GC invocations=35 (full 3):
 PSYoungGen      total 11776K, used 512K [0x00000000eab00000, 0x00000000ebc80000, 0x0000000100000000)
  eden space 11264K, 0% used [0x00000000eab00000,0x00000000eab00000,0x00000000eb600000)
  from space 512K, 100% used [0x00000000ebc00000,0x00000000ebc80000,0x00000000ebc80000)
  to   space 1024K, 0% used [0x00000000eba80000,0x00000000eba80000,0x00000000ebb80000)
 ParOldGen       total 68608K, used 35655K [0x00000000c0000000, 0x00000000c4300000, 0x00000000eab00000)
  object space 68608K, 51% used [0x00000000c0000000,0x00000000c22d1f08,0x00000000c4300000)
 Metaspace       used 61122K, committed 61952K, reserved 1114112K
  class space    used 7478K, committed 7808K, reserved 1048576K
}
Event: 37.745 GC heap before
{Heap before GC invocations=36 (full 3):
 PSYoungGen      total 11776K, used 11776K [0x00000000eab00000, 0x00000000ebc80000, 0x0000000100000000)
  eden space 11264K, 100% used [0x00000000eab00000,0x00000000eb600000,0x00000000eb600000)
  from space 512K, 100% used [0x00000000ebc00000,0x00000000ebc80000,0x00000000ebc80000)
  to   space 1024K, 0% used [0x00000000eba80000,0x00000000eba80000,0x00000000ebb80000)
 ParOldGen       total 68608K, used 35655K [0x00000000c0000000, 0x00000000c4300000, 0x00000000eab00000)
  object space 68608K, 51% used [0x00000000c0000000,0x00000000c22d1f08,0x00000000c4300000)
 Metaspace       used 62063K, committed 63040K, reserved 1114112K
  class space    used 7593K, committed 8000K, reserved 1048576K
}
Event: 37.750 GC heap after
{Heap after GC invocations=36 (full 3):
 PSYoungGen      total 12288K, used 672K [0x00000000eab00000, 0x00000000ebc80000, 0x0000000100000000)
  eden space 11264K, 0% used [0x00000000eab00000,0x00000000eab00000,0x00000000eb600000)
  from space 1024K, 65% used [0x00000000eba80000,0x00000000ebb28000,0x00000000ebb80000)
  to   space 1024K, 0% used [0x00000000ebb80000,0x00000000ebb80000,0x00000000ebc80000)
 ParOldGen       total 68608K, used 36123K [0x00000000c0000000, 0x00000000c4300000, 0x00000000eab00000)
  object space 68608K, 52% used [0x00000000c0000000,0x00000000c2346f48,0x00000000c4300000)
 Metaspace       used 62063K, committed 63040K, reserved 1114112K
  class space    used 7593K, committed 8000K, reserved 1048576K
}
Event: 59.374 GC heap before
{Heap before GC invocations=37 (full 3):
 PSYoungGen      total 12288K, used 11936K [0x00000000eab00000, 0x00000000ebc80000, 0x0000000100000000)
  eden space 11264K, 100% used [0x00000000eab00000,0x00000000eb600000,0x00000000eb600000)
  from space 1024K, 65% used [0x00000000eba80000,0x00000000ebb28000,0x00000000ebb80000)
  to   space 1024K, 0% used [0x00000000ebb80000,0x00000000ebb80000,0x00000000ebc80000)
 ParOldGen       total 68608K, used 36123K [0x00000000c0000000, 0x00000000c4300000, 0x00000000eab00000)
  object space 68608K, 52% used [0x00000000c0000000,0x00000000c2346f48,0x00000000c4300000)
 Metaspace       used 62522K, committed 63424K, reserved 1114112K
  class space    used 7620K, committed 8000K, reserved 1048576K
}
Event: 59.394 GC heap after
{Heap after GC invocations=37 (full 3):
 PSYoungGen      total 11776K, used 160K [0x00000000eab00000, 0x00000000ebc00000, 0x0000000100000000)
  eden space 11264K, 0% used [0x00000000eab00000,0x00000000eab00000,0x00000000eb600000)
  from space 512K, 31% used [0x00000000ebb80000,0x00000000ebba8000,0x00000000ebc00000)
  to   space 512K, 0% used [0x00000000ebb00000,0x00000000ebb00000,0x00000000ebb80000)
 ParOldGen       total 68608K, used 36743K [0x00000000c0000000, 0x00000000c4300000, 0x00000000eab00000)
  object space 68608K, 53% used [0x00000000c0000000,0x00000000c23e1f78,0x00000000c4300000)
 Metaspace       used 62522K, committed 63424K, reserved 1114112K
  class space    used 7620K, committed 8000K, reserved 1048576K
}

Dll operation events (14 events):
Event: 0.010 Loaded shared library c:\Users\Administrator\.vscode\extensions\redhat.java-1.18.0-win32-x64\jre\17.0.7-win32-x86_64\bin\java.dll
Event: 0.728 Loaded shared library c:\Users\Administrator\.vscode\extensions\redhat.java-1.18.0-win32-x64\jre\17.0.7-win32-x86_64\bin\zip.dll
Event: 0.732 Loaded shared library C:\Users\Administrator\.vscode\extensions\redhat.java-1.18.0-win32-x64\jre\17.0.7-win32-x86_64\bin\instrument.dll
Event: 0.750 Loaded shared library C:\Users\Administrator\.vscode\extensions\redhat.java-1.18.0-win32-x64\jre\17.0.7-win32-x86_64\bin\net.dll
Event: 0.751 Loaded shared library C:\Users\Administrator\.vscode\extensions\redhat.java-1.18.0-win32-x64\jre\17.0.7-win32-x86_64\bin\nio.dll
Event: 0.761 Loaded shared library C:\Users\Administrator\.vscode\extensions\redhat.java-1.18.0-win32-x64\jre\17.0.7-win32-x86_64\bin\zip.dll
Event: 0.813 Loaded shared library C:\Users\Administrator\.vscode\extensions\redhat.java-1.18.0-win32-x64\jre\17.0.7-win32-x86_64\bin\jimage.dll
Event: 0.906 Loaded shared library c:\Users\Administrator\.vscode\extensions\redhat.java-1.18.0-win32-x64\jre\17.0.7-win32-x86_64\bin\verify.dll
Event: 3.725 Loaded shared library C:\Users\Administrator\AppData\Roaming\Code\User\globalStorage\redhat.java\1.18.0\config_win\org.eclipse.equinox.launcher\org.eclipse.equinox.launcher.win32.win32.x86_64_1.2.700.v20221108-1024\eclipse_11801.dll
Event: 10.113 Loaded shared library C:\Users\Administrator\AppData\Local\Temp\2\jna-146731693\jna9717704291817004308.dll
Event: 22.592 Loaded shared library C:\Users\Administrator\.gradle\native\68d5fa5c4cc2d200863cafc0d521ce42e7d3e7ee720ec0a83991735586a16f82\windows-amd64\native-platform.dll
Event: 24.910 Loaded shared library C:\Users\Administrator\.vscode\extensions\redhat.java-1.18.0-win32-x64\jre\17.0.7-win32-x86_64\bin\management.dll
Event: 24.913 Loaded shared library C:\Users\Administrator\.vscode\extensions\redhat.java-1.18.0-win32-x64\jre\17.0.7-win32-x86_64\bin\management_ext.dll
Event: 32.698 Loaded shared library C:\Users\Administrator\.vscode\extensions\redhat.java-1.18.0-win32-x64\jre\17.0.7-win32-x86_64\bin\sunmscapi.dll

Deoptimization events (20 events):
Event: 59.726 Thread 0x000002079f3ae030 DEOPT PACKING pc=0x00000207902812b4 sp=0x000000e05eefd2a0
Event: 59.726 Thread 0x000002079f3ae030 DEOPT UNPACKING pc=0x000002078fa6669d sp=0x000000e05eefd220 mode 2
Event: 59.726 Thread 0x000002079f3ae030 Uncommon trap: trap_request=0xffffff45 fr.pc=0x00000207902c87e4 relative=0x0000000000000064
Event: 59.726 Thread 0x000002079f3ae030 Uncommon trap: reason=unstable_if action=reinterpret pc=0x00000207902c87e4 method=java.io.ObjectInputStream.checkResolve(Ljava/lang/Object;)Ljava/lang/Object; @ 4 c2
Event: 59.726 Thread 0x000002079f3ae030 DEOPT PACKING pc=0x00000207902c87e4 sp=0x000000e05eefd2f0
Event: 59.726 Thread 0x000002079f3ae030 DEOPT UNPACKING pc=0x000002078fa6669d sp=0x000000e05eefd278 mode 2
Event: 59.899 Thread 0x000002079f3ae030 Uncommon trap: trap_request=0xffffff45 fr.pc=0x00000207902b7ea8 relative=0x0000000000000108
Event: 59.899 Thread 0x000002079f3ae030 Uncommon trap: reason=unstable_if action=reinterpret pc=0x00000207902b7ea8 method=java.io.ObjectInputStream$BlockDataInputStream.readShort()S @ 4 c2
Event: 59.899 Thread 0x000002079f3ae030 DEOPT PACKING pc=0x00000207902b7ea8 sp=0x000000e05eefcf00
Event: 59.899 Thread 0x000002079f3ae030 DEOPT UNPACKING pc=0x000002078fa6669d sp=0x000000e05eefcea8 mode 2
Event: 59.899 Thread 0x000002079f3ae030 Uncommon trap: trap_request=0xffffff45 fr.pc=0x0000020790286628 relative=0x0000000000000108
Event: 59.899 Thread 0x000002079f3ae030 Uncommon trap: reason=unstable_if action=reinterpret pc=0x0000020790286628 method=java.io.ObjectInputStream$BlockDataInputStream.readUnsignedShort()I @ 4 c2
Event: 59.899 Thread 0x000002079f3ae030 DEOPT PACKING pc=0x0000020790286628 sp=0x000000e05eefcf10
Event: 59.899 Thread 0x000002079f3ae030 DEOPT UNPACKING pc=0x000002078fa6669d sp=0x000000e05eefceb0 mode 2
Event: 59.899 Thread 0x000002079f3ae030 Uncommon trap: trap_request=0xffffff45 fr.pc=0x0000020790286f60 relative=0x0000000000000580
Event: 59.899 Thread 0x000002079f3ae030 Uncommon trap: reason=unstable_if action=reinterpret pc=0x0000020790286f60 method=java.io.ObjectInputStream$BlockDataInputStream.readUTFBody(J)Ljava/lang/String; @ 48 c2
Event: 59.899 Thread 0x000002079f3ae030 DEOPT PACKING pc=0x0000020790286f60 sp=0x000000e05eefcee0
Event: 59.899 Thread 0x000002079f3ae030 DEOPT UNPACKING pc=0x000002078fa6669d sp=0x000000e05eefce98 mode 2
Event: 60.055 Thread 0x000002079f3ae030 DEOPT PACKING pc=0x000002078888107a sp=0x000000e05eef9bd0
Event: 60.055 Thread 0x000002079f3ae030 DEOPT UNPACKING pc=0x000002078fa66e24 sp=0x000000e05eef9118 mode 0

Classes unloaded (7 events):
Event: 5.813 Thread 0x00000207995a8130 Unloading class 0x0000000100216400 'java/lang/invoke/LambdaForm$MH+0x0000000100216400'
Event: 5.813 Thread 0x00000207995a8130 Unloading class 0x0000000100216000 'java/lang/invoke/LambdaForm$MH+0x0000000100216000'
Event: 5.813 Thread 0x00000207995a8130 Unloading class 0x0000000100215c00 'java/lang/invoke/LambdaForm$MH+0x0000000100215c00'
Event: 5.813 Thread 0x00000207995a8130 Unloading class 0x0000000100215800 'java/lang/invoke/LambdaForm$MH+0x0000000100215800'
Event: 5.813 Thread 0x00000207995a8130 Unloading class 0x0000000100215000 'java/lang/invoke/LambdaForm$BMH+0x0000000100215000'
Event: 5.813 Thread 0x00000207995a8130 Unloading class 0x0000000100214c00 'java/lang/invoke/LambdaForm$DMH+0x0000000100214c00'
Event: 5.813 Thread 0x00000207995a8130 Unloading class 0x0000000100212000 'java/lang/invoke/LambdaForm$DMH+0x0000000100212000'

Classes redefined (0 events):
No events

Internal exceptions (20 events):
Event: 56.189 Thread 0x000002079f3ae030 Exception <a 'java/lang/NoSuchMethodError'{0x00000000eb1d1a18}: static Lorg/gradle/tooling/internal/provider/PhasedBuildActionResult;.<clinit>()V> (0x00000000eb1d1a18) 
thrown [s\src\hotspot\share\prims\jni.cpp, line 1107]
Event: 56.192 Thread 0x000002079f3ae030 Exception <a 'java/lang/NoSuchMethodError'{0x00000000eb1e35b0}: static Lorg/gradle/tooling/internal/provider/serialization/SerializedPayload;.<clinit>()V> (0x00000000eb1e35b0) 
thrown [s\src\hotspot\share\prims\jni.cpp, line 1107]
Event: 56.907 Thread 0x000002079f3ae030 Exception <a 'java/lang/NoSuchMethodError'{0x00000000eb22fff8}: static Lorg/gradle/internal/build/event/types/DefaultTaskStartedProgressEvent;.<clinit>()V> (0x00000000eb22fff8) 
thrown [s\src\hotspot\share\prims\jni.cpp, line 1107]
Event: 56.909 Thread 0x000002079f3ae030 Exception <a 'java/lang/NoSuchMethodError'{0x00000000eb24e5a8}: static Lorg/gradle/internal/build/event/types/DefaultTaskDescriptor;.<clinit>()V> (0x00000000eb24e5a8) 
thrown [s\src\hotspot\share\prims\jni.cpp, line 1107]
Event: 56.963 Thread 0x000002079f3ae030 Exception <a 'java/lang/NoSuchMethodError'{0x00000000eb28a1d8}: static Lorg/gradle/internal/build/event/types/DefaultTaskFinishedProgressEvent;.<clinit>()V> (0x00000000eb28a1d8) 
thrown [s\src\hotspot\share\prims\jni.cpp, line 1107]
Event: 56.981 Thread 0x000002079f3ae030 Exception <a 'java/lang/NoSuchMethodError'{0x00000000eb2a3cc8}: static Lorg/gradle/internal/build/event/types/AbstractTaskResult;.<clinit>()V> (0x00000000eb2a3cc8) 
thrown [s\src\hotspot\share\prims\jni.cpp, line 1107]
Event: 57.014 Thread 0x000002079f3ae030 Exception <a 'java/lang/NoSuchMethodError'{0x00000000eb2b24d0}: static Lorg/gradle/internal/build/event/types/DefaultTaskSuccessResult;.<clinit>()V> (0x00000000eb2b24d0) 
thrown [s\src\hotspot\share\prims\jni.cpp, line 1107]
Event: 57.411 Thread 0x000002079f3ae030 Implicit null exception at 0x0000020790292a54 to 0x000002079029b030
Event: 59.563 Thread 0x000002079f3ae030 Exception <a 'java/lang/NoSuchMethodError'{0x00000000eab1e0d0}: static Lorg/gradle/internal/classloader/ClassLoaderSpec;.<clinit>()V> (0x00000000eab1e0d0) 
thrown [s\src\hotspot\share\prims\jni.cpp, line 1107]
Event: 59.579 Thread 0x000002079f3ae030 Exception <a 'java/lang/NoSuchMethodError'{0x00000000eab301f0}: static Lorg/gradle/internal/classloader/VisitableURLClassLoader$Spec;.<clinit>()V> (0x00000000eab301f0) 
thrown [s\src\hotspot\share\prims\jni.cpp, line 1107]
Event: 59.968 Thread 0x000002079f3ae030 Exception <a 'java/lang/NoSuchMethodError'{0x00000000eac47c88}: static Lorg/gradle/tooling/internal/adapter/ProtocolToModelAdapter$InvocationHandlerImpl;.<clinit>()V> (0x00000000eac47c88) 
thrown [s\src\hotspot\share\prims\jni.cpp, line 1107]
Event: 59.972 Thread 0x000002079f3ae030 Exception <a 'java/lang/NoSuchMethodError'{0x00000000eac58288}: static Ljava/lang/Object;.<clinit>()V> (0x00000000eac58288) 
thrown [s\src\hotspot\share\prims\jni.cpp, line 1107]
Event: 60.037 Thread 0x000002079f3ae030 Exception <a 'java/lang/NoSuchMethodError'{0x00000000eac78148}: static Lorg/gradle/tooling/internal/adapter/ProtocolToModelAdapter$TypeSpecificMappingAction;.<clinit>()V> (0x00000000eac78148) 
thrown [s\src\hotspot\share\prims\jni.cpp, line 1107]
Event: 60.037 Thread 0x000002079f3ae030 Exception <a 'java/lang/NoSuchMethodError'{0x00000000eac7a1e8}: static Lorg/gradle/tooling/internal/adapter/ProtocolToModelAdapter$MixInBeanMappingAction;.<clinit>()V> (0x00000000eac7a1e8) 
thrown [s\src\hotspot\share\prims\jni.cpp, line 1107]
Event: 60.049 Thread 0x000002079f3ae030 Exception <a 'java/lang/NoSuchMethodError'{0x00000000eac89750}: static Lorg/gradle/tooling/internal/consumer/converters/GradleProjectIdentifierMixin;.<clinit>()V> (0x00000000eac89750) 
thrown [s\src\hotspot\share\prims\jni.cpp, line 1107]
Event: 60.051 Thread 0x000002079f3ae030 Exception <a 'java/lang/NoSuchMethodError'{0x00000000eac9b758}: static Lorg/gradle/tooling/internal/gradle/DefaultBuildIdentifier;.<clinit>()V> (0x00000000eac9b758) 
thrown [s\src\hotspot\share\prims\jni.cpp, line 1107]
Event: 60.053 Thread 0x000002079f3ae030 Exception <a 'java/lang/NoSuchMethodError'{0x00000000eacaba98}: static Lorg/gradle/tooling/internal/consumer/converters/FixedBuildIdentifierProvider;.<clinit>()V> (0x00000000eacaba98) 
thrown [s\src\hotspot\share\prims\jni.cpp, line 1107]
Event: 60.055 Thread 0x000002079f3ae030 Exception <a 'java/lang/NoSuchMethodError'{0x00000000eacbd3b8}: static Lorg/gradle/tooling/internal/gradle/DefaultProjectIdentifier;.<clinit>()V> (0x00000000eacbd3b8) 
thrown [s\src\hotspot\share\prims\jni.cpp, line 1107]
Event: 60.089 Thread 0x000002079f3ae030 Exception <a 'java/lang/NoSuchMethodError'{0x00000000eacce3a8}: static Lorg/gradle/tooling/internal/adapter/ProtocolToModelAdapter$MixInTypeMappingAction;.<clinit>()V> (0x00000000eacce3a8) 
thrown [s\src\hotspot\share\prims\jni.cpp, line 1107]
Event: 60.092 Thread 0x000002079f3ae030 Exception <a 'java/lang/NoSuchMethodError'{0x00000000eacde4f8}: static Lorg/gradle/tooling/internal/adapter/ProtocolToModelAdapter$ViewGraphDetails;.<clinit>()V> (0x00000000eacde4f8) 
thrown [s\src\hotspot\share\prims\jni.cpp, line 1107]

VM Operations (20 events):
Event: 49.144 Executing VM operation: Cleanup
Event: 49.412 Executing VM operation: Cleanup done
Event: 51.412 Executing VM operation: Cleanup
Event: 51.453 Executing VM operation: Cleanup done
Event: 52.455 Executing VM operation: Cleanup
Event: 52.458 Executing VM operation: Cleanup done
Event: 53.460 Executing VM operation: Cleanup
Event: 53.473 Executing VM operation: Cleanup done
Event: 54.635 Executing VM operation: Cleanup
Event: 54.681 Executing VM operation: Cleanup done
Event: 56.694 Executing VM operation: Cleanup
Event: 56.695 Executing VM operation: Cleanup done
Event: 57.836 Executing VM operation: Cleanup
Event: 57.836 Executing VM operation: Cleanup done
Event: 58.985 Executing VM operation: Cleanup
Event: 58.985 Executing VM operation: Cleanup done
Event: 59.373 Executing VM operation: ParallelGCFailedAllocation
Event: 59.394 Executing VM operation: ParallelGCFailedAllocation done
Event: 59.695 Executing VM operation: HandshakeAllThreads
Event: 59.724 Executing VM operation: HandshakeAllThreads done

Events (20 events):
Event: 32.948 loading class java/nio/channels/AsynchronousCloseException
Event: 32.948 loading class java/nio/channels/ClosedChannelException
Event: 32.948 loading class java/nio/channels/ClosedChannelException done
Event: 32.948 loading class java/nio/channels/AsynchronousCloseException done
Event: 32.949 Thread 0x000002079f3af370 Thread added: 0x000002079f3af370
Event: 32.950 Thread 0x000002079f3ac820 Thread exited: 0x000002079f3ac820
Event: 33.454 loading class sun/nio/cs/ISO_8859_1$Encoder
Event: 33.455 loading class sun/nio/cs/ISO_8859_1$Encoder done
Event: 33.455 loading class sun/nio/cs/Surrogate$Parser
Event: 33.455 loading class sun/nio/cs/Surrogate$Parser done
Event: 33.455 loading class sun/nio/cs/Surrogate
Event: 33.456 loading class sun/nio/cs/Surrogate done
Event: 48.576 loading class java/time/Ser
Event: 48.577 loading class java/time/Ser done
Event: 59.726 loading class java/io/ObjectInputStream$Caches
Event: 59.883 loading class java/io/ObjectInputStream$Caches done
Event: 59.883 loading class java/io/ObjectInputStream$Caches$1
Event: 59.885 loading class java/io/ObjectInputStream$Caches$1 done
Event: 59.885 loading class sun/security/action/GetIntegerAction
Event: 59.898 loading class sun/security/action/GetIntegerAction done


Dynamic libraries:
0x00007ff629d50000 - 0x00007ff629d5e000 	c:\Users\Administrator\.vscode\extensions\redhat.java-1.18.0-win32-x64\jre\17.0.7-win32-x86_64\bin\java.exe
0x00007ffe52820000 - 0x00007ffe529f0000 	C:\Windows\SYSTEM32\ntdll.dll
0x00007ffe52770000 - 0x00007ffe5281c000 	C:\Windows\System32\KERNEL32.DLL
0x00007ffe4f020000 - 0x00007ffe4f23d000 	C:\Windows\System32\KERNELBASE.dll
0x00007ffe4ed10000 - 0x00007ffe4ee05000 	C:\Windows\System32\ucrtbase.dll
0x00007ffe3c630000 - 0x00007ffe3c647000 	c:\Users\Administrator\.vscode\extensions\redhat.java-1.18.0-win32-x64\jre\17.0.7-win32-x86_64\bin\jli.dll
0x00007ffe50430000 - 0x00007ffe50595000 	C:\Windows\System32\USER32.dll
0x00007ffe4f6b0000 - 0x00007ffe4f6ce000 	C:\Windows\System32\win32u.dll
0x00007ffe50c10000 - 0x00007ffe50c44000 	C:\Windows\System32\GDI32.dll
0x00007ffe4f470000 - 0x00007ffe4f5f1000 	C:\Windows\System32\gdi32full.dll
0x00007ffe3c2a0000 - 0x00007ffe3c2b9000 	c:\Users\Administrator\.vscode\extensions\redhat.java-1.18.0-win32-x64\jre\17.0.7-win32-x86_64\bin\VCRUNTIME140.dll
0x00007ffe43290000 - 0x00007ffe4350a000 	C:\Windows\WinSxS\amd64_microsoft.windows.common-controls_6595b64144ccf1df_6.0.14393.2273_none_7de240fc83403786\COMCTL32.dll
0x00007ffe50a10000 - 0x00007ffe50aae000 	C:\Windows\System32\msvcrt.dll
0x00007ffe50db0000 - 0x00007ffe51078000 	C:\Windows\System32\combase.dll
0x00007ffe50610000 - 0x00007ffe50731000 	C:\Windows\System32\RPCRT4.dll
0x00007ffe4efb0000 - 0x00007ffe4f01a000 	C:\Windows\System32\bcryptPrimitives.dll
0x00007ffe507b0000 - 0x00007ffe507de000 	C:\Windows\System32\IMM32.DLL
0x00007ffe40400000 - 0x00007ffe4040c000 	c:\Users\Administrator\.vscode\extensions\redhat.java-1.18.0-win32-x64\jre\17.0.7-win32-x86_64\bin\vcruntime140_1.dll
0x00007ffe3b520000 - 0x00007ffe3b5b1000 	c:\Users\Administrator\.vscode\extensions\redhat.java-1.18.0-win32-x64\jre\17.0.7-win32-x86_64\bin\msvcp140.dll
0x00007ffe25ce0000 - 0x00007ffe26928000 	c:\Users\Administrator\.vscode\extensions\redhat.java-1.18.0-win32-x64\jre\17.0.7-win32-x86_64\bin\server\jvm.dll
0x00007ffe51090000 - 0x00007ffe51132000 	C:\Windows\System32\ADVAPI32.dll
0x00007ffe51140000 - 0x00007ffe51199000 	C:\Windows\System32\sechost.dll
0x00007ffe3e2e0000 - 0x00007ffe3e2e9000 	C:\Windows\SYSTEM32\WSOCK32.dll
0x00007ffe50740000 - 0x00007ffe507aa000 	C:\Windows\System32\WS2_32.dll
0x00007ffe4d200000 - 0x00007ffe4d223000 	C:\Windows\SYSTEM32\WINMM.dll
0x00007ffe46fa0000 - 0x00007ffe46faa000 	C:\Windows\SYSTEM32\VERSION.dll
0x00007ffe4d1a0000 - 0x00007ffe4d1cb000 	C:\Windows\SYSTEM32\WINMMBASE.dll
0x00007ffe4eeb0000 - 0x00007ffe4eef2000 	C:\Windows\System32\cfgmgr32.dll
0x00007ffe4ec90000 - 0x00007ffe4ec9f000 	C:\Windows\System32\kernel.appcore.dll
0x00007ffe3fd40000 - 0x00007ffe3fd4a000 	c:\Users\Administrator\.vscode\extensions\redhat.java-1.18.0-win32-x64\jre\17.0.7-win32-x86_64\bin\jimage.dll
0x00007ffe45210000 - 0x00007ffe453a2000 	C:\Windows\SYSTEM32\DBGHELP.DLL
0x00007ffe45060000 - 0x00007ffe45089000 	C:\Windows\SYSTEM32\dbgcore.DLL
0x00007ffe3ea60000 - 0x00007ffe3ea6e000 	c:\Users\Administrator\.vscode\extensions\redhat.java-1.18.0-win32-x64\jre\17.0.7-win32-x86_64\bin\instrument.dll
0x00007ffe3b4f0000 - 0x00007ffe3b515000 	c:\Users\Administrator\.vscode\extensions\redhat.java-1.18.0-win32-x64\jre\17.0.7-win32-x86_64\bin\java.dll
0x00007ffe3c260000 - 0x00007ffe3c278000 	c:\Users\Administrator\.vscode\extensions\redhat.java-1.18.0-win32-x64\jre\17.0.7-win32-x86_64\bin\zip.dll
0x00007ffe51260000 - 0x00007ffe52765000 	C:\Windows\System32\SHELL32.dll
0x00007ffe4f6d0000 - 0x00007ffe4fda9000 	C:\Windows\System32\windows.storage.dll
0x00007ffe4ecc0000 - 0x00007ffe4ed0c000 	C:\Windows\System32\powrprof.dll
0x00007ffe507e0000 - 0x00007ffe50832000 	C:\Windows\System32\shlwapi.dll
0x00007ffe4ef00000 - 0x00007ffe4efa9000 	C:\Windows\System32\shcore.dll
0x00007ffe4eca0000 - 0x00007ffe4ecb4000 	C:\Windows\System32\profapi.dll
0x00007ffe3b930000 - 0x00007ffe3b949000 	C:\Users\Administrator\.vscode\extensions\redhat.java-1.18.0-win32-x64\jre\17.0.7-win32-x86_64\bin\net.dll
0x00007ffe4a4d0000 - 0x00007ffe4a59c000 	C:\Windows\SYSTEM32\WINHTTP.dll
0x00007ffe4e550000 - 0x00007ffe4e5ac000 	C:\Windows\system32\mswsock.dll
0x00007ffe3b7e0000 - 0x00007ffe3b7f5000 	C:\Users\Administrator\.vscode\extensions\redhat.java-1.18.0-win32-x64\jre\17.0.7-win32-x86_64\bin\nio.dll
0x00007ffe3e780000 - 0x00007ffe3e790000 	c:\Users\Administrator\.vscode\extensions\redhat.java-1.18.0-win32-x64\jre\17.0.7-win32-x86_64\bin\verify.dll
0x00007ffe38380000 - 0x00007ffe383be000 	C:\Users\Administrator\AppData\Roaming\Code\User\globalStorage\redhat.java\1.18.0\config_win\org.eclipse.equinox.launcher\org.eclipse.equinox.launcher.win32.win32.x86_64_1.2.700.v20221108-1024\eclipse_11801.dll
0x00007ffe4fdc0000 - 0x00007ffe4fef8000 	C:\Windows\System32\ole32.dll
0x00007ffe4e6f0000 - 0x00007ffe4e707000 	C:\Windows\SYSTEM32\CRYPTSP.dll
0x00007ffe4e150000 - 0x00007ffe4e183000 	C:\Windows\system32\rsaenh.dll
0x00007ffe4ebc0000 - 0x00007ffe4ebeb000 	C:\Windows\SYSTEM32\bcrypt.dll
0x00007ffe4e3d0000 - 0x00007ffe4e3ef000 	C:\Windows\SYSTEM32\USERENV.dll
0x00007ffe4e710000 - 0x00007ffe4e71b000 	C:\Windows\SYSTEM32\CRYPTBASE.dll
0x00007ffe4e2d0000 - 0x00007ffe4e308000 	C:\Windows\SYSTEM32\IPHLPAPI.DLL
0x00007ffe4fdb0000 - 0x00007ffe4fdb8000 	C:\Windows\System32\NSI.dll
0x00007ffe49170000 - 0x00007ffe49186000 	C:\Windows\SYSTEM32\dhcpcsvc6.DLL
0x00007ffe48dd0000 - 0x00007ffe48dea000 	C:\Windows\SYSTEM32\dhcpcsvc.DLL
0x00007ffe27dd0000 - 0x00007ffe27e15000 	C:\Users\Administrator\AppData\Local\Temp\2\jna-146731693\jna9717704291817004308.dll
0x00007ffe50840000 - 0x00007ffe50848000 	C:\Windows\System32\PSAPI.DLL
0x00007ffe47cd0000 - 0x00007ffe47ce5000 	C:\Windows\SYSTEM32\ondemandconnroutehelper.dll
0x00007ffe27da0000 - 0x00007ffe27dc7000 	C:\Users\Administrator\.gradle\native\68d5fa5c4cc2d200863cafc0d521ce42e7d3e7ee720ec0a83991735586a16f82\windows-amd64\native-platform.dll
0x00007ffe48420000 - 0x00007ffe48429000 	C:\Users\Administrator\.vscode\extensions\redhat.java-1.18.0-win32-x64\jre\17.0.7-win32-x86_64\bin\management.dll
0x00007ffe3c5b0000 - 0x00007ffe3c5bb000 	C:\Users\Administrator\.vscode\extensions\redhat.java-1.18.0-win32-x64\jre\17.0.7-win32-x86_64\bin\management_ext.dll
0x00007ffe3bac0000 - 0x00007ffe3bace000 	C:\Users\Administrator\.vscode\extensions\redhat.java-1.18.0-win32-x64\jre\17.0.7-win32-x86_64\bin\sunmscapi.dll
0x00007ffe4f240000 - 0x00007ffe4f409000 	C:\Windows\System32\CRYPT32.dll
0x00007ffe4ec80000 - 0x00007ffe4ec90000 	C:\Windows\System32\MSASN1.dll
0x00007ffe4e7d0000 - 0x00007ffe4e7f6000 	C:\Windows\SYSTEM32\ncrypt.dll
0x00007ffe4e790000 - 0x00007ffe4e7cb000 	C:\Windows\SYSTEM32\NTASN1.dll

dbghelp: loaded successfully - version: 4.0.5 - missing functions: none
symbol engine: initialized successfully - sym options: 0x614 - pdb path: .;c:\Users\Administrator\.vscode\extensions\redhat.java-1.18.0-win32-x64\jre\17.0.7-win32-x86_64\bin;C:\Windows\SYSTEM32;C:\Windows\WinSxS\amd64_microsoft.windows.common-controls_6595b64144ccf1df_6.0.14393.2273_none_7de240fc83403786;c:\Users\Administrator\.vscode\extensions\redhat.java-1.18.0-win32-x64\jre\17.0.7-win32-x86_64\bin\server;C:\Users\Administrator\AppData\Roaming\Code\User\globalStorage\redhat.java\1.18.0\config_win\org.eclipse.equinox.launcher\org.eclipse.equinox.launcher.win32.win32.x86_64_1.2.700.v20221108-1024;C:\Users\Administrator\AppData\Local\Temp\2\jna-146731693;C:\Users\Administrator\.gradle\native\68d5fa5c4cc2d200863cafc0d521ce42e7d3e7ee720ec0a83991735586a16f82\windows-amd64

VM Arguments:
jvm_args: --add-modules=ALL-SYSTEM --add-opens=java.base/java.util=ALL-UNNAMED --add-opens=java.base/java.lang=ALL-UNNAMED --add-opens=java.base/sun.nio.fs=ALL-UNNAMED -Declipse.application=org.eclipse.jdt.ls.core.id1 -Dosgi.bundles.defaultStartLevel=4 -Declipse.product=org.eclipse.jdt.ls.core.product -Djava.import.generatesMetadataFilesAtProjectRoot=false -Dfile.encoding=utf8 -XX:+UseParallelGC -XX:GCTimeRatio=4 -XX:AdaptiveSizePolicyWeight=90 -Dsun.zip.disableMemoryMapping=true -Xmx1G -Xms100m -Xlog:disable -javaagent:c:\Users\Administrator\.vscode\extensions\redhat.java-1.18.0-win32-x64\lombok\lombok-1.18.27.jar -XX:+HeapDumpOnOutOfMemoryError -XX:HeapDumpPath=c:\Users\Administrator\AppData\Roaming\Code\User\workspaceStorage\780d521fef09cf6154d922225696aa9e\redhat.java -Daether.dependencyCollector.impl=bf 
java_command: c:\Users\Administrator\.vscode\extensions\redhat.java-1.18.0-win32-x64\server\plugins\org.eclipse.equinox.launcher_1.6.400.v20210924-0641.jar -configuration c:\Users\Administrator\AppData\Roaming\Code\User\globalStorage\redhat.java\1.18.0\config_win -data c:\Users\Administrator\AppData\Roaming\Code\User\workspaceStorage\780d521fef09cf6154d922225696aa9e\redhat.java\jdt_ws
java_class_path (initial): c:\Users\Administrator\.vscode\extensions\redhat.java-1.18.0-win32-x64\server\plugins\org.eclipse.equinox.launcher_1.6.400.v20210924-0641.jar
Launcher Type: SUN_STANDARD

[Global flags]
    uintx AdaptiveSizePolicyWeight                 = 90                                        {product} {command line}
     intx CICompilerCount                          = 2                                         {product} {ergonomic}
    uintx GCTimeRatio                              = 4                                         {product} {command line}
     bool HeapDumpOnOutOfMemoryError               = true                                   {manageable} {command line}
    ccstr HeapDumpPath                             = c:\Users\Administrator\AppData\Roaming\Code\User\workspaceStorage\780d521fef09cf6154d922225696aa9e\redhat.java         {manageable} {command line}
   size_t InitialHeapSize                          = 104857600                                 {product} {command line}
   size_t MaxHeapSize                              = 1073741824                                {product} {command line}
   size_t MaxNewSize                               = 357564416                                 {product} {ergonomic}
   size_t MinHeapDeltaBytes                        = 524288                                    {product} {ergonomic}
   size_t MinHeapSize                              = 104857600                                 {product} {command line}
   size_t NewSize                                  = 34603008                                  {product} {ergonomic}
    uintx NonNMethodCodeHeapSize                   = 5826188                                {pd product} {ergonomic}
    uintx NonProfiledCodeHeapSize                  = 122916026                              {pd product} {ergonomic}
   size_t OldSize                                  = 70254592                                  {product} {ergonomic}
    uintx ProfiledCodeHeapSize                     = 122916026                              {pd product} {ergonomic}
    uintx ReservedCodeCacheSize                    = 251658240                              {pd product} {ergonomic}
     bool SegmentedCodeCache                       = true                                      {product} {ergonomic}
   size_t SoftMaxHeapSize                          = 1073741824                             {manageable} {ergonomic}
     bool UseCompressedClassPointers               = true                           {product lp64_product} {ergonomic}
     bool UseCompressedOops                        = true                           {product lp64_product} {ergonomic}
     bool UseLargePagesIndividualAllocation        = false                                  {pd product} {ergonomic}
     bool UseParallelGC                            = true                                      {product} {command line}

Logging:
Log output configuration:
 #0: stdout all=off uptime,level,tags
 #1: stderr all=off uptime,level,tags

Environment Variables:
PATH=C:\Program Files (x86)\Common Files\Oracle\Java\javapath;C:\Windows\system32;C:\Windows;C:\Windows\System32\Wbem;C:\Windows\System32\WindowsPowerShell\v1.0\;C:\Users\Administrator\AppData\Local\Programs\Python\Python39\Scripts\;C:\Users\Administrator\AppData\Local\Programs\Python\Python39\;C:\Users\Administrator\AppData\Local\Microsoft\WindowsApps;;C:\Users\Administrator\AppData\Local\Programs\Microsoft VS Code\bin
USERNAME=Administrator
OS=Windows_NT
PROCESSOR_IDENTIFIER=Intel64 Family 6 Model 6 Stepping 3, GenuineIntel
TMP=C:\Users\ADMINI~1\AppData\Local\Temp\2
TEMP=C:\Users\ADMINI~1\AppData\Local\Temp\2



---------------  S Y S T E M  ---------------

OS:
 Windows Server 2016 , 64 bit Build 14393 (10.0.14393.2214)
OS uptime: 10 days 11:12 hours
KVM virtualization detected

CPU: total 2 (initial active 2) (2 cores per cpu, 1 threads per core) family 6 model 6 stepping 3 microcode 0x1, cx8, cmov, fxsr, mmx, sse, sse2, sse3, tsc, clflush, hv

Memory: 4k page, system-wide physical 2047M (54M free)
TotalPageFile size 5824M (AvailPageFile size 3M)
current process WorkingSet (physical memory assigned to process): 137M, peak: 212M
current process commit charge ("private bytes"): 284M, peak: 286M

vm_info: OpenJDK 64-Bit Server VM (17.0.7+7) for windows-amd64 JRE (17.0.7+7), built on Apr 18 2023 22:10:42 by "temurin" with MS VC++ 16.7 (VS2019)

END.
