#
# There is insufficient memory for the Java Runtime Environment to continue.
# Native memory allocation (malloc) failed to allocate 45424 bytes for Chunk::new
# Possible reasons:
#   The system is out of physical RAM or swap space
#   The process is running with CompressedOops enabled, and the Java Heap may be blocking the growth of the native heap
# Possible solutions:
#   Reduce memory load on the system
#   Increase physical memory or swap space
#   Check if swap backing store is full
#   Decrease Java heap size (-Xmx/-Xms)
#   Decrease number of Java threads
#   Decrease Java thread stack sizes (-Xss)
#   Set larger code cache with -XX:ReservedCodeCacheSize=
#   JVM is running with Unscaled Compressed Oops mode in which the Java heap is
#     placed in the first 4GB address space. The Java Heap base address is the
#     maximum limit for the native heap growth. Please use -XX:HeapBaseMinAddress
#     to set the Java Heap base and to place the Java Heap above 4GB virtual address.
# This output file may be truncated or incomplete.
#
#  Out of Memory Error (arena.cpp:189), pid=4764, tid=4692
#
# JRE version: OpenJDK Runtime Environment Temurin-17.0.7+7 (17.0.7+7) (build 17.0.7+7)
# Java VM: OpenJDK 64-Bit Server VM Temurin-17.0.7+7 (17.0.7+7, mixed mode, tiered, compressed oops, compressed class ptrs, parallel gc, windows-amd64)
# Core dump will be written. Default location: c:\Users\Administrator\Desktop\vkbot\hs_err_pid4764.mdmp
#

---------------  S U M M A R Y ------------

Command Line: --add-modules=ALL-SYSTEM --add-opens=java.base/java.util=ALL-UNNAMED --add-opens=java.base/java.lang=ALL-UNNAMED --add-opens=java.base/sun.nio.fs=ALL-UNNAMED -Declipse.application=org.eclipse.jdt.ls.core.id1 -Dosgi.bundles.defaultStartLevel=4 -Declipse.product=org.eclipse.jdt.ls.core.product -Djava.import.generatesMetadataFilesAtProjectRoot=false -Dfile.encoding=utf8 -XX:+UseParallelGC -XX:GCTimeRatio=4 -XX:AdaptiveSizePolicyWeight=90 -Dsun.zip.disableMemoryMapping=true -Xmx1G -Xms100m -Xlog:disable -javaagent:c:\Users\Administrator\.vscode\extensions\redhat.java-1.18.0-win32-x64\lombok\lombok-1.18.27.jar -XX:+HeapDumpOnOutOfMemoryError -XX:HeapDumpPath=c:\Users\Administrator\AppData\Roaming\Code\User\workspaceStorage\780d521fef09cf6154d922225696aa9e\redhat.java -Daether.dependencyCollector.impl=bf c:\Users\Administrator\.vscode\extensions\redhat.java-1.18.0-win32-x64\server\plugins\org.eclipse.equinox.launcher_1.6.400.v20210924-0641.jar -configuration c:\Users\Administrator\AppData\Roaming\Code\User\globalStorage\redhat.java\1.18.0\config_win -data c:\Users\Administrator\AppData\Roaming\Code\User\workspaceStorage\780d521fef09cf6154d922225696aa9e\redhat.java\jdt_ws

Host: QEMU Virtual CPU version 2.5+, 2 cores, 1G,  Windows Server 2016 , 64 bit Build 14393 (10.0.14393.2214)
Time: Sat May 27 03:20:34 2023 Pacific Daylight Time elapsed time: 99.386734 seconds (0d 0h 1m 39s)

---------------  T H R E A D  ---------------

Current thread (0x000001cce1cef320):  JavaThread "C2 CompilerThread0" daemon [_thread_in_native, id=4692, stack(0x0000001dc7a00000,0x0000001dc7b00000)]


Current CompileTask:
C2:  99386 7600       4       org.eclipse.jdt.internal.compiler.util.SimpleLookupTable::put (104 bytes)

Stack: [0x0000001dc7a00000,0x0000001dc7b00000]
Native frames: (J=compiled Java code, j=interpreted, Vv=VM code, C=native code)
V  [jvm.dll+0x67754a]
V  [jvm.dll+0x834304]
V  [jvm.dll+0x835aae]
V  [jvm.dll+0x836113]
V  [jvm.dll+0x24696f]
V  [jvm.dll+0xac0ac]
V  [jvm.dll+0xac67c]
V  [jvm.dll+0x364e37]
V  [jvm.dll+0x1bc895]
V  [jvm.dll+0x219799]
V  [jvm.dll+0x218a61]
V  [jvm.dll+0x1a4d8d]
V  [jvm.dll+0x2284da]
V  [jvm.dll+0x226615]
V  [jvm.dll+0x7ea90b]
V  [jvm.dll+0x7e4e7a]
V  [jvm.dll+0x676395]
C  [ucrtbase.dll+0x1cd70]
C  [KERNEL32.DLL+0x8364]
C  [ntdll.dll+0x6e851]


---------------  P R O C E S S  ---------------

Threads class SMR info:
_java_thread_list=0x000001ccea28cc90, length=36, elements={
0x000001cccdedf570, 0x000001cce1caa9f0, 0x000001cce1cacbc0, 0x000001cce1ce8280,
0x000001cce1ce9000, 0x000001cce1cebb90, 0x000001cce1cec710, 0x000001cce1cef320,
0x000001cce1cf07e0, 0x000001cce1d075e0, 0x000001cccdf9dca0, 0x000001cce6ae5290,
0x000001cce7094950, 0x000001cce704de70, 0x000001cce70a1170, 0x000001cce7435700,
0x000001cce7913480, 0x000001cce7e01340, 0x000001cce7e03e90, 0x000001cce7e034f0,
0x000001cce7e01810, 0x000001cce7e02680, 0x000001cce7e01ce0, 0x000001cce7e04830,
0x000001cce7e021b0, 0x000001cce7e03020, 0x000001cce86bc530, 0x000001cce86c2570,
0x000001cce86c33e0, 0x000001cce86bca00, 0x000001cce86bf550, 0x000001cce86bced0,
0x000001cce86c1230, 0x000001cce86c0890, 0x000001cce86c38b0, 0x000001cce86bd3a0
}

Java Threads: ( => current thread )
  0x000001cccdedf570 JavaThread "main" [_thread_blocked, id=1108, stack(0x0000001dc7000000,0x0000001dc7100000)]
  0x000001cce1caa9f0 JavaThread "Reference Handler" daemon [_thread_blocked, id=4372, stack(0x0000001dc7400000,0x0000001dc7500000)]
  0x000001cce1cacbc0 JavaThread "Finalizer" daemon [_thread_blocked, id=5408, stack(0x0000001dc7500000,0x0000001dc7600000)]
  0x000001cce1ce8280 JavaThread "Signal Dispatcher" daemon [_thread_blocked, id=2844, stack(0x0000001dc7600000,0x0000001dc7700000)]
  0x000001cce1ce9000 JavaThread "Attach Listener" daemon [_thread_blocked, id=4172, stack(0x0000001dc7700000,0x0000001dc7800000)]
  0x000001cce1cebb90 JavaThread "Service Thread" daemon [_thread_blocked, id=5336, stack(0x0000001dc7800000,0x0000001dc7900000)]
  0x000001cce1cec710 JavaThread "Monitor Deflation Thread" daemon [_thread_blocked, id=5520, stack(0x0000001dc7900000,0x0000001dc7a00000)]
=>0x000001cce1cef320 JavaThread "C2 CompilerThread0" daemon [_thread_in_native, id=4692, stack(0x0000001dc7a00000,0x0000001dc7b00000)]
  0x000001cce1cf07e0 JavaThread "C1 CompilerThread0" daemon [_thread_blocked, id=3352, stack(0x0000001dc7b00000,0x0000001dc7c00000)]
  0x000001cce1d075e0 JavaThread "Sweeper thread" daemon [_thread_blocked, id=3516, stack(0x0000001dc7c00000,0x0000001dc7d00000)]
  0x000001cccdf9dca0 JavaThread "Common-Cleaner" daemon [_thread_blocked, id=2380, stack(0x0000001dc7d00000,0x0000001dc7e00000)]
  0x000001cce6ae5290 JavaThread "Notification Thread" daemon [_thread_blocked, id=4480, stack(0x0000001dc7e00000,0x0000001dc7f00000)]
  0x000001cce7094950 JavaThread "Active Thread: Equinox Container: 6d6d3b5d-d179-4006-87ca-c657836116cc" [_thread_blocked, id=4436, stack(0x0000001dc8300000,0x0000001dc8400000)]
  0x000001cce704de70 JavaThread "Framework Event Dispatcher: Equinox Container: 6d6d3b5d-d179-4006-87ca-c657836116cc" daemon [_thread_blocked, id=5424, stack(0x0000001dc8400000,0x0000001dc8500000)]
  0x000001cce70a1170 JavaThread "Start Level: Equinox Container: 6d6d3b5d-d179-4006-87ca-c657836116cc" daemon [_thread_blocked, id=6116, stack(0x0000001dc8500000,0x0000001dc8600000)]
  0x000001cce7435700 JavaThread "Refresh Thread: Equinox Container: 6d6d3b5d-d179-4006-87ca-c657836116cc" daemon [_thread_blocked, id=5840, stack(0x0000001dc8600000,0x0000001dc8700000)]
  0x000001cce7913480 JavaThread "SCR Component Actor" daemon [_thread_blocked, id=5940, stack(0x0000001dc8700000,0x0000001dc8800000)]
  0x000001cce7e01340 JavaThread "Worker-JM" [_thread_blocked, id=6108, stack(0x0000001dc8900000,0x0000001dc8a00000)]
  0x000001cce7e03e90 JavaThread "Worker-0: Java indexing... " [_thread_blocked, id=3052, stack(0x0000001dc8a00000,0x0000001dc8b00000)]
  0x000001cce7e034f0 JavaThread "Worker-1: Initialize Workspace" [_thread_blocked, id=5356, stack(0x0000001dc8b00000,0x0000001dc8c00000)]
  0x000001cce7e01810 JavaThread "Bundle File Closer" daemon [_thread_blocked, id=1596, stack(0x0000001dc8c00000,0x0000001dc8d00000)]
  0x000001cce7e02680 JavaThread "Worker-2" [_thread_blocked, id=5316, stack(0x0000001dc8d00000,0x0000001dc8e00000)]
  0x000001cce7e01ce0 JavaThread "Java indexing" daemon [_thread_in_Java, id=5816, stack(0x0000001dc8e00000,0x0000001dc8f00000)]
  0x000001cce7e04830 JavaThread "Worker-3" [_thread_blocked, id=5716, stack(0x0000001dc8f00000,0x0000001dc9000000)]
  0x000001cce7e021b0 JavaThread "JNA Cleaner" daemon [_thread_blocked, id=1564, stack(0x0000001dc9000000,0x0000001dc9100000)]
  0x000001cce7e03020 JavaThread "pool-2-thread-1" [_thread_blocked, id=3416, stack(0x0000001dc9100000,0x0000001dc9200000)]
  0x000001cce86bc530 JavaThread "Worker-4" [_thread_blocked, id=6624, stack(0x0000001dca000000,0x0000001dca100000)]
  0x000001cce86c2570 JavaThread "Timer-0" [_thread_blocked, id=6704, stack(0x0000001dca300000,0x0000001dca400000)]
  0x000001cce86c33e0 JavaThread "Exec process" [_thread_blocked, id=6996, stack(0x0000001dca500000,0x0000001dca600000)]
  0x000001cce86bca00 JavaThread "Exec process Thread 2" [_thread_blocked, id=7008, stack(0x0000001dca600000,0x0000001dca700000)]
  0x000001cce86bf550 JavaThread "Exec process Thread 3" [_thread_blocked, id=7012, stack(0x0000001dca700000,0x0000001dca800000)]
  0x000001cce86bced0 JavaThread "Timer-1" [_thread_blocked, id=7120, stack(0x0000001dca800000,0x0000001dca900000)]
  0x000001cce86c1230 JavaThread "Timer-2" [_thread_blocked, id=7124, stack(0x0000001dca900000,0x0000001dcaa00000)]
  0x000001cce86c0890 JavaThread "Connection worker" [_thread_in_native, id=7128, stack(0x0000001dcaa00000,0x0000001dcab00000)]
  0x000001cce86c38b0 JavaThread "pool-3-thread-1" [_thread_blocked, id=4576, stack(0x0000001dcab00000,0x0000001dcac00000)]
  0x000001cce86bd3a0 JavaThread "Forward input" [_thread_blocked, id=6516, stack(0x0000001dcb000000,0x0000001dcb100000)]

Other Threads:
  0x000001cce1ca7a60 VMThread "VM Thread" [stack: 0x0000001dc7300000,0x0000001dc7400000] [id=5480]
  0x000001cce6ae8b80 WatcherThread [stack: 0x0000001dc7f00000,0x0000001dc8000000] [id=3036]
  0x000001cccdef5480 GCTaskThread "GC Thread#0" [stack: 0x0000001dc7100000,0x0000001dc7200000] [id=1224]
  0x000001cce6f7b350 GCTaskThread "GC Thread#1" [stack: 0x0000001dc8000000,0x0000001dc8100000] [id=4608]

Threads with active compile tasks:
C2 CompilerThread0    99423 7600       4       org.eclipse.jdt.internal.compiler.util.SimpleLookupTable::put (104 bytes)

VM state: not at safepoint (normal execution)

VM Mutex/Monitor currently owned by a thread: None

Heap address: 0x00000000c0000000, size: 1024 MB, Compressed Oops mode: 32-bit

CDS archive(s) not mapped
Compressed class space mapped at: 0x0000000100000000-0x0000000140000000, reserved size: 1073741824
Narrow klass base: 0x0000000000000000, Narrow klass shift: 3, Narrow klass range: 0x140000000

GC Precious Log:
 CPUs: 2 total, 2 available
 Memory: 2047M
 Large Page Support: Disabled
 NUMA Support: Disabled
 Compressed Oops: Enabled (32-bit)
 Alignments: Space 512K, Generation 512K, Heap 2M
 Heap Min Capacity: 100M
 Heap Initial Capacity: 100M
 Heap Max Capacity: 1G
 Pre-touch: Disabled
 Parallel Workers: 2

Heap:
 PSYoungGen      total 6144K, used 3761K [0x00000000eab00000, 0x00000000eb500000, 0x0000000100000000)
  eden space 5632K, 57% used [0x00000000eab00000,0x00000000eae2ec90,0x00000000eb080000)
  from space 512K, 98% used [0x00000000eb480000,0x00000000eb4fd808,0x00000000eb500000)
  to   space 1536K, 0% used [0x00000000eb200000,0x00000000eb200000,0x00000000eb380000)
 ParOldGen       total 175104K, used 164852K [0x00000000c0000000, 0x00000000cab00000, 0x00000000eab00000)
  object space 175104K, 94% used [0x00000000c0000000,0x00000000ca0fd080,0x00000000cab00000)
 Metaspace       used 67685K, committed 68672K, reserved 1114112K
  class space    used 8219K, committed 8640K, reserved 1048576K

Card table byte_map: [0x000001cccd890000,0x000001cccdaa0000] _byte_map_base: 0x000001cccd290000

Marking Bits: (ParMarkBitMap*) 0x00007ffe247952c0
 Begin Bits: [0x000001ccdfb70000, 0x000001cce0b70000)
 End Bits:   [0x000001cce0b70000, 0x000001cce1b70000)

Polling page: 0x000001cccbe90000

Metaspace:

Usage:
  Non-class:     58.07 MB used.
      Class:      8.03 MB used.
       Both:     66.10 MB used.

Virtual space:
  Non-class space:       64.00 MB reserved,      58.63 MB ( 92%) committed,  1 nodes.
      Class space:        1.00 GB reserved,       8.44 MB ( <1%) committed,  1 nodes.
             Both:        1.06 GB reserved,      67.06 MB (  6%) committed. 

Chunk freelists:
   Non-Class:  4.73 MB
       Class:  7.44 MB
        Both:  12.17 MB

MaxMetaspaceSize: unlimited
CompressedClassSpaceSize: 1.00 GB
Initial GC threshold: 21.00 MB
Current GC threshold: 111.19 MB
CDS: off
MetaspaceReclaimPolicy: balanced
 - commit_granule_bytes: 65536.
 - commit_granule_words: 8192.
 - virtual_space_node_default_size: 8388608.
 - enlarge_chunks_in_place: 1.
 - new_chunks_are_fully_committed: 0.
 - uncommit_free_chunks: 1.
 - use_allocation_guard: 0.
 - handle_deallocations: 1.


Internal statistics:

num_allocs_failed_limit: 9.
num_arena_births: 484.
num_arena_deaths: 14.
num_vsnodes_births: 2.
num_vsnodes_deaths: 0.
num_space_committed: 1073.
num_space_uncommitted: 0.
num_chunks_returned_to_freelist: 23.
num_chunks_taken_from_freelist: 2836.
num_chunk_merges: 7.
num_chunk_splits: 1879.
num_chunks_enlarged: 1255.
num_inconsistent_stats: 0.

CodeHeap 'non-profiled nmethods': size=120064Kb used=4412Kb max_used=4412Kb free=115652Kb
 bounds [0x000001ccd8630000, 0x000001ccd8a80000, 0x000001ccdfb70000]
CodeHeap 'profiled nmethods': size=120000Kb used=12541Kb max_used=13502Kb free=107458Kb
 bounds [0x000001ccd0b70000, 0x000001ccd18b0000, 0x000001ccd80a0000]
CodeHeap 'non-nmethods': size=5696Kb used=1335Kb max_used=1384Kb free=4360Kb
 bounds [0x000001ccd80a0000, 0x000001ccd8310000, 0x000001ccd8630000]
 total_blobs=6953 nmethods=6278 adapters=590
 compilation: enabled
              stopped_count=0, restarted_count=0
 full_count=0

Compilation events (20 events):
Event: 98.531 Thread 0x000001cce1cf07e0 nmethod 7590 0x000001ccd0d02690 code [0x000001ccd0d02840, 0x000001ccd0d02b68]
Event: 98.532 Thread 0x000001cce1cf07e0 7591       3       java.io.ObjectInputStream$HandleTable::finish (111 bytes)
Event: 98.533 Thread 0x000001cce1cf07e0 nmethod 7591 0x000001ccd0eca690 code [0x000001ccd0eca880, 0x000001ccd0ecae08]
Event: 98.533 Thread 0x000001cce1cf07e0 7592       3       java.io.ObjectInputStream::readByte (8 bytes)
Event: 98.533 Thread 0x000001cce1cf07e0 nmethod 7592 0x000001ccd0eca010 code [0x000001ccd0eca1e0, 0x000001ccd0eca498]
Event: 98.533 Thread 0x000001cce1cf07e0 7593       3       java.io.ObjectInputStream::readUTF (8 bytes)
Event: 99.257 Thread 0x000001cce1cf07e0 nmethod 7593 0x000001ccd0ed2690 code [0x000001ccd0ed2840, 0x000001ccd0ed2a38]
Event: 99.257 Thread 0x000001cce1cef320 7594       4       sun.nio.fs.WindowsNativeDispatcher::asNativeBuffer (105 bytes)
Event: 99.282 Thread 0x000001cce1cef320 nmethod 7594 0x000001ccd89e9410 code [0x000001ccd89e95e0, 0x000001ccd89e9af0]
Event: 99.284 Thread 0x000001cce1cef320 7595       4       java.io.StringWriter::write (11 bytes)
Event: 99.296 Thread 0x000001cce1cef320 nmethod 7595 0x000001ccd89e8810 code [0x000001ccd89e89c0, 0x000001ccd89e9048]
Event: 99.335 Thread 0x000001cce1cf07e0 7596       3       java.io.ObjectInputStream$BlockDataInputStream::readUTFBody (192 bytes)
Event: 99.337 Thread 0x000001cce1cf07e0 nmethod 7596 0x000001ccd10b2090 code [0x000001ccd10b2300, 0x000001ccd10b2e98]
Event: 99.337 Thread 0x000001cce1cf07e0 7598       3       java.io.ObjectStreamClass::getSuperDesc (9 bytes)
Event: 99.338 Thread 0x000001cce1cf07e0 nmethod 7598 0x000001ccd0ed2190 code [0x000001ccd0ed2340, 0x000001ccd0ed25a8]
Event: 99.338 Thread 0x000001cce1cf07e0 7597       1       java.io.ObjectInputStream$BlockDataInputStream::getBlockDataMode (5 bytes)
Event: 99.338 Thread 0x000001cce1cf07e0 nmethod 7597 0x000001ccd89e8510 code [0x000001ccd89e86a0, 0x000001ccd89e8778]
Event: 99.365 Thread 0x000001cce1cf07e0 7599       1       org.eclipse.core.internal.jobs.InternalJob::setWaitQueueStamp (6 bytes)
Event: 99.365 Thread 0x000001cce1cf07e0 nmethod 7599 0x000001ccd89e8210 code [0x000001ccd89e83a0, 0x000001ccd89e8478]
Event: 99.366 Thread 0x000001cce1cef320 7600       4       org.eclipse.jdt.internal.compiler.util.SimpleLookupTable::put (104 bytes)

GC Heap History (20 events):
Event: 70.197 GC heap before
{Heap before GC invocations=88 (full 7):
 PSYoungGen      total 11776K, used 11730K [0x00000000eab00000, 0x00000000ebe00000, 0x0000000100000000)
  eden space 5632K, 100% used [0x00000000eab00000,0x00000000eb080000,0x00000000eb080000)
  from space 6144K, 99% used [0x00000000eb700000,0x00000000ebcf49c0,0x00000000ebd00000)
  to   space 6656K, 0% used [0x00000000eb080000,0x00000000eb080000,0x00000000eb700000)
 ParOldGen       total 175104K, used 150670K [0x00000000c0000000, 0x00000000cab00000, 0x00000000eab00000)
  object space 175104K, 86% used [0x00000000c0000000,0x00000000c9323888,0x00000000cab00000)
 Metaspace       used 67429K, committed 68288K, reserved 1114112K
  class space    used 8195K, committed 8576K, reserved 1048576K
}
Event: 70.216 GC heap after
{Heap after GC invocations=88 (full 7):
 PSYoungGen      total 10240K, used 4115K [0x00000000eab00000, 0x00000000eba80000, 0x0000000100000000)
  eden space 5632K, 0% used [0x00000000eab00000,0x00000000eab00000,0x00000000eb080000)
  from space 4608K, 89% used [0x00000000eb080000,0x00000000eb484fd0,0x00000000eb500000)
  to   space 5120K, 0% used [0x00000000eb580000,0x00000000eb580000,0x00000000eba80000)
 ParOldGen       total 175104K, used 155989K [0x00000000c0000000, 0x00000000cab00000, 0x00000000eab00000)
  object space 175104K, 89% used [0x00000000c0000000,0x00000000c98556b0,0x00000000cab00000)
 Metaspace       used 67429K, committed 68288K, reserved 1114112K
  class space    used 8195K, committed 8576K, reserved 1048576K
}
Event: 76.387 GC heap before
{Heap before GC invocations=89 (full 7):
 PSYoungGen      total 10240K, used 9747K [0x00000000eab00000, 0x00000000eba80000, 0x0000000100000000)
  eden space 5632K, 100% used [0x00000000eab00000,0x00000000eb080000,0x00000000eb080000)
  from space 4608K, 89% used [0x00000000eb080000,0x00000000eb484fd0,0x00000000eb500000)
  to   space 5120K, 0% used [0x00000000eb580000,0x00000000eb580000,0x00000000eba80000)
 ParOldGen       total 175104K, used 155989K [0x00000000c0000000, 0x00000000cab00000, 0x00000000eab00000)
  object space 175104K, 89% used [0x00000000c0000000,0x00000000c98556b0,0x00000000cab00000)
 Metaspace       used 67588K, committed 68544K, reserved 1114112K
  class space    used 8218K, committed 8640K, reserved 1048576K
}
Event: 76.405 GC heap after
{Heap after GC invocations=89 (full 7):
 PSYoungGen      total 8192K, used 2272K [0x00000000eab00000, 0x00000000eb800000, 0x0000000100000000)
  eden space 5632K, 0% used [0x00000000eab00000,0x00000000eab00000,0x00000000eb080000)
  from space 2560K, 88% used [0x00000000eb580000,0x00000000eb7b8390,0x00000000eb800000)
  to   space 3584K, 0% used [0x00000000eb100000,0x00000000eb100000,0x00000000eb480000)
 ParOldGen       total 175104K, used 159957K [0x00000000c0000000, 0x00000000cab00000, 0x00000000eab00000)
  object space 175104K, 91% used [0x00000000c0000000,0x00000000c9c35630,0x00000000cab00000)
 Metaspace       used 67588K, committed 68544K, reserved 1114112K
  class space    used 8218K, committed 8640K, reserved 1048576K
}
Event: 76.616 GC heap before
{Heap before GC invocations=90 (full 7):
 PSYoungGen      total 8192K, used 7904K [0x00000000eab00000, 0x00000000eb800000, 0x0000000100000000)
  eden space 5632K, 100% used [0x00000000eab00000,0x00000000eb080000,0x00000000eb080000)
  from space 2560K, 88% used [0x00000000eb580000,0x00000000eb7b8390,0x00000000eb800000)
  to   space 3584K, 0% used [0x00000000eb100000,0x00000000eb100000,0x00000000eb480000)
 ParOldGen       total 175104K, used 159957K [0x00000000c0000000, 0x00000000cab00000, 0x00000000eab00000)
  object space 175104K, 91% used [0x00000000c0000000,0x00000000c9c35630,0x00000000cab00000)
 Metaspace       used 67588K, committed 68544K, reserved 1114112K
  class space    used 8218K, committed 8640K, reserved 1048576K
}
Event: 76.723 GC heap after
{Heap after GC invocations=90 (full 7):
 PSYoungGen      total 9216K, used 635K [0x00000000eab00000, 0x00000000eb600000, 0x0000000100000000)
  eden space 5632K, 0% used [0x00000000eab00000,0x00000000eab00000,0x00000000eb080000)
  from space 3584K, 17% used [0x00000000eb100000,0x00000000eb19ec08,0x00000000eb480000)
  to   space 1536K, 0% used [0x00000000eb480000,0x00000000eb480000,0x00000000eb600000)
 ParOldGen       total 175104K, used 162190K [0x00000000c0000000, 0x00000000cab00000, 0x00000000eab00000)
  object space 175104K, 92% used [0x00000000c0000000,0x00000000c9e63860,0x00000000cab00000)
 Metaspace       used 67588K, committed 68544K, reserved 1114112K
  class space    used 8218K, committed 8640K, reserved 1048576K
}
Event: 78.582 GC heap before
{Heap before GC invocations=91 (full 7):
 PSYoungGen      total 9216K, used 6267K [0x00000000eab00000, 0x00000000eb600000, 0x0000000100000000)
  eden space 5632K, 100% used [0x00000000eab00000,0x00000000eb080000,0x00000000eb080000)
  from space 3584K, 17% used [0x00000000eb100000,0x00000000eb19ec08,0x00000000eb480000)
  to   space 1536K, 0% used [0x00000000eb480000,0x00000000eb480000,0x00000000eb600000)
 ParOldGen       total 175104K, used 162190K [0x00000000c0000000, 0x00000000cab00000, 0x00000000eab00000)
  object space 175104K, 92% used [0x00000000c0000000,0x00000000c9e63860,0x00000000cab00000)
 Metaspace       used 67592K, committed 68544K, reserved 1114112K
  class space    used 8218K, committed 8640K, reserved 1048576K
}
Event: 78.590 GC heap after
{Heap after GC invocations=91 (full 7):
 PSYoungGen      total 6656K, used 662K [0x00000000eab00000, 0x00000000eb580000, 0x0000000100000000)
  eden space 5632K, 0% used [0x00000000eab00000,0x00000000eab00000,0x00000000eb080000)
  from space 1024K, 64% used [0x00000000eb480000,0x00000000eb525808,0x00000000eb580000)
  to   space 1024K, 0% used [0x00000000eb380000,0x00000000eb380000,0x00000000eb480000)
 ParOldGen       total 175104K, used 162762K [0x00000000c0000000, 0x00000000cab00000, 0x00000000eab00000)
  object space 175104K, 92% used [0x00000000c0000000,0x00000000c9ef2a68,0x00000000cab00000)
 Metaspace       used 67592K, committed 68544K, reserved 1114112K
  class space    used 8218K, committed 8640K, reserved 1048576K
}
Event: 79.318 GC heap before
{Heap before GC invocations=92 (full 7):
 PSYoungGen      total 6656K, used 6294K [0x00000000eab00000, 0x00000000eb580000, 0x0000000100000000)
  eden space 5632K, 100% used [0x00000000eab00000,0x00000000eb080000,0x00000000eb080000)
  from space 1024K, 64% used [0x00000000eb480000,0x00000000eb525808,0x00000000eb580000)
  to   space 1024K, 0% used [0x00000000eb380000,0x00000000eb380000,0x00000000eb480000)
 ParOldGen       total 175104K, used 162762K [0x00000000c0000000, 0x00000000cab00000, 0x00000000eab00000)
  object space 175104K, 92% used [0x00000000c0000000,0x00000000c9ef2a68,0x00000000cab00000)
 Metaspace       used 67593K, committed 68544K, reserved 1114112K
  class space    used 8218K, committed 8640K, reserved 1048576K
}
Event: 79.324 GC heap after
{Heap after GC invocations=92 (full 7):
 PSYoungGen      total 6656K, used 748K [0x00000000eab00000, 0x00000000eb500000, 0x0000000100000000)
  eden space 5632K, 0% used [0x00000000eab00000,0x00000000eab00000,0x00000000eb080000)
  from space 1024K, 73% used [0x00000000eb380000,0x00000000eb43b008,0x00000000eb480000)
  to   space 512K, 0% used [0x00000000eb480000,0x00000000eb480000,0x00000000eb500000)
 ParOldGen       total 175104K, used 163346K [0x00000000c0000000, 0x00000000cab00000, 0x00000000eab00000)
  object space 175104K, 93% used [0x00000000c0000000,0x00000000c9f84a68,0x00000000cab00000)
 Metaspace       used 67593K, committed 68544K, reserved 1114112K
  class space    used 8218K, committed 8640K, reserved 1048576K
}
Event: 84.087 GC heap before
{Heap before GC invocations=93 (full 7):
 PSYoungGen      total 6656K, used 6380K [0x00000000eab00000, 0x00000000eb500000, 0x0000000100000000)
  eden space 5632K, 100% used [0x00000000eab00000,0x00000000eb080000,0x00000000eb080000)
  from space 1024K, 73% used [0x00000000eb380000,0x00000000eb43b008,0x00000000eb480000)
  to   space 512K, 0% used [0x00000000eb480000,0x00000000eb480000,0x00000000eb500000)
 ParOldGen       total 175104K, used 163346K [0x00000000c0000000, 0x00000000cab00000, 0x00000000eab00000)
  object space 175104K, 93% used [0x00000000c0000000,0x00000000c9f84a68,0x00000000cab00000)
 Metaspace       used 67630K, committed 68544K, reserved 1114112K
  class space    used 8218K, committed 8640K, reserved 1048576K
}
Event: 84.094 GC heap after
{Heap after GC invocations=93 (full 7):
 PSYoungGen      total 6144K, used 448K [0x00000000eab00000, 0x00000000eb500000, 0x0000000100000000)
  eden space 5632K, 0% used [0x00000000eab00000,0x00000000eab00000,0x00000000eb080000)
  from space 512K, 87% used [0x00000000eb480000,0x00000000eb4f0000,0x00000000eb500000)
  to   space 1024K, 0% used [0x00000000eb300000,0x00000000eb300000,0x00000000eb400000)
 ParOldGen       total 175104K, used 164038K [0x00000000c0000000, 0x00000000cab00000, 0x00000000eab00000)
  object space 175104K, 93% used [0x00000000c0000000,0x00000000ca031a70,0x00000000cab00000)
 Metaspace       used 67630K, committed 68544K, reserved 1114112K
  class space    used 8218K, committed 8640K, reserved 1048576K
}
Event: 90.530 GC heap before
{Heap before GC invocations=94 (full 7):
 PSYoungGen      total 6144K, used 6065K [0x00000000eab00000, 0x00000000eb500000, 0x0000000100000000)
  eden space 5632K, 99% used [0x00000000eab00000,0x00000000eb07c558,0x00000000eb080000)
  from space 512K, 87% used [0x00000000eb480000,0x00000000eb4f0000,0x00000000eb500000)
  to   space 1024K, 0% used [0x00000000eb300000,0x00000000eb300000,0x00000000eb400000)
 ParOldGen       total 175104K, used 164038K [0x00000000c0000000, 0x00000000cab00000, 0x00000000eab00000)
  object space 175104K, 93% used [0x00000000c0000000,0x00000000ca031a70,0x00000000cab00000)
 Metaspace       used 67645K, committed 68608K, reserved 1114112K
  class space    used 8219K, committed 8640K, reserved 1048576K
}
Event: 90.551 GC heap after
{Heap after GC invocations=94 (full 7):
 PSYoungGen      total 6656K, used 256K [0x00000000eab00000, 0x00000000eb500000, 0x0000000100000000)
  eden space 5632K, 0% used [0x00000000eab00000,0x00000000eab00000,0x00000000eb080000)
  from space 1024K, 25% used [0x00000000eb300000,0x00000000eb340000,0x00000000eb400000)
  to   space 512K, 0% used [0x00000000eb480000,0x00000000eb480000,0x00000000eb500000)
 ParOldGen       total 175104K, used 164380K [0x00000000c0000000, 0x00000000cab00000, 0x00000000eab00000)
  object space 175104K, 93% used [0x00000000c0000000,0x00000000ca087080,0x00000000cab00000)
 Metaspace       used 67645K, committed 68608K, reserved 1114112K
  class space    used 8219K, committed 8640K, reserved 1048576K
}
Event: 92.412 GC heap before
{Heap before GC invocations=95 (full 7):
 PSYoungGen      total 6656K, used 5860K [0x00000000eab00000, 0x00000000eb500000, 0x0000000100000000)
  eden space 5632K, 99% used [0x00000000eab00000,0x00000000eb079238,0x00000000eb080000)
  from space 1024K, 25% used [0x00000000eb300000,0x00000000eb340000,0x00000000eb400000)
  to   space 512K, 0% used [0x00000000eb480000,0x00000000eb480000,0x00000000eb500000)
 ParOldGen       total 175104K, used 164380K [0x00000000c0000000, 0x00000000cab00000, 0x00000000eab00000)
  object space 175104K, 93% used [0x00000000c0000000,0x00000000ca087080,0x00000000cab00000)
 Metaspace       used 67647K, committed 68608K, reserved 1114112K
  class space    used 8219K, committed 8640K, reserved 1048576K
}
Event: 92.441 GC heap after
{Heap after GC invocations=95 (full 7):
 PSYoungGen      total 6144K, used 512K [0x00000000eab00000, 0x00000000eb500000, 0x0000000100000000)
  eden space 5632K, 0% used [0x00000000eab00000,0x00000000eab00000,0x00000000eb080000)
  from space 512K, 100% used [0x00000000eb480000,0x00000000eb500000,0x00000000eb500000)
  to   space 1024K, 0% used [0x00000000eb300000,0x00000000eb300000,0x00000000eb400000)
 ParOldGen       total 175104K, used 164388K [0x00000000c0000000, 0x00000000cab00000, 0x00000000eab00000)
  object space 175104K, 93% used [0x00000000c0000000,0x00000000ca089080,0x00000000cab00000)
 Metaspace       used 67647K, committed 68608K, reserved 1114112K
  class space    used 8219K, committed 8640K, reserved 1048576K
}
Event: 95.262 GC heap before
{Heap before GC invocations=96 (full 7):
 PSYoungGen      total 6144K, used 6144K [0x00000000eab00000, 0x00000000eb500000, 0x0000000100000000)
  eden space 5632K, 100% used [0x00000000eab00000,0x00000000eb080000,0x00000000eb080000)
  from space 512K, 100% used [0x00000000eb480000,0x00000000eb500000,0x00000000eb500000)
  to   space 1024K, 0% used [0x00000000eb300000,0x00000000eb300000,0x00000000eb400000)
 ParOldGen       total 175104K, used 164388K [0x00000000c0000000, 0x00000000cab00000, 0x00000000eab00000)
  object space 175104K, 93% used [0x00000000c0000000,0x00000000ca089080,0x00000000cab00000)
 Metaspace       used 67666K, committed 68608K, reserved 1114112K
  class space    used 8219K, committed 8640K, reserved 1048576K
}
Event: 95.272 GC heap after
{Heap after GC invocations=96 (full 7):
 PSYoungGen      total 6656K, used 416K [0x00000000eab00000, 0x00000000eb500000, 0x0000000100000000)
  eden space 5632K, 0% used [0x00000000eab00000,0x00000000eab00000,0x00000000eb080000)
  from space 1024K, 40% used [0x00000000eb300000,0x00000000eb368000,0x00000000eb400000)
  to   space 512K, 0% used [0x00000000eb480000,0x00000000eb480000,0x00000000eb500000)
 ParOldGen       total 175104K, used 164404K [0x00000000c0000000, 0x00000000cab00000, 0x00000000eab00000)
  object space 175104K, 93% used [0x00000000c0000000,0x00000000ca08d080,0x00000000cab00000)
 Metaspace       used 67666K, committed 68608K, reserved 1114112K
  class space    used 8219K, committed 8640K, reserved 1048576K
}
Event: 99.251 GC heap before
{Heap before GC invocations=97 (full 7):
 PSYoungGen      total 6656K, used 6047K [0x00000000eab00000, 0x00000000eb500000, 0x0000000100000000)
  eden space 5632K, 99% used [0x00000000eab00000,0x00000000eb07fff8,0x00000000eb080000)
  from space 1024K, 40% used [0x00000000eb300000,0x00000000eb368000,0x00000000eb400000)
  to   space 512K, 0% used [0x00000000eb480000,0x00000000eb480000,0x00000000eb500000)
 ParOldGen       total 175104K, used 164404K [0x00000000c0000000, 0x00000000cab00000, 0x00000000eab00000)
  object space 175104K, 93% used [0x00000000c0000000,0x00000000ca08d080,0x00000000cab00000)
 Metaspace       used 67680K, committed 68608K, reserved 1114112K
  class space    used 8219K, committed 8640K, reserved 1048576K
}
Event: 99.257 GC heap after
{Heap after GC invocations=97 (full 7):
 PSYoungGen      total 6144K, used 502K [0x00000000eab00000, 0x00000000eb500000, 0x0000000100000000)
  eden space 5632K, 0% used [0x00000000eab00000,0x00000000eab00000,0x00000000eb080000)
  from space 512K, 98% used [0x00000000eb480000,0x00000000eb4fd808,0x00000000eb500000)
  to   space 1536K, 0% used [0x00000000eb200000,0x00000000eb200000,0x00000000eb380000)
 ParOldGen       total 175104K, used 164852K [0x00000000c0000000, 0x00000000cab00000, 0x00000000eab00000)
  object space 175104K, 94% used [0x00000000c0000000,0x00000000ca0fd080,0x00000000cab00000)
 Metaspace       used 67680K, committed 68608K, reserved 1114112K
  class space    used 8219K, committed 8640K, reserved 1048576K
}

Dll operation events (14 events):
Event: 0.006 Loaded shared library c:\Users\Administrator\.vscode\extensions\redhat.java-1.18.0-win32-x64\jre\17.0.7-win32-x86_64\bin\java.dll
Event: 0.342 Loaded shared library c:\Users\Administrator\.vscode\extensions\redhat.java-1.18.0-win32-x64\jre\17.0.7-win32-x86_64\bin\zip.dll
Event: 0.345 Loaded shared library C:\Users\Administrator\.vscode\extensions\redhat.java-1.18.0-win32-x64\jre\17.0.7-win32-x86_64\bin\instrument.dll
Event: 0.362 Loaded shared library C:\Users\Administrator\.vscode\extensions\redhat.java-1.18.0-win32-x64\jre\17.0.7-win32-x86_64\bin\net.dll
Event: 0.363 Loaded shared library C:\Users\Administrator\.vscode\extensions\redhat.java-1.18.0-win32-x64\jre\17.0.7-win32-x86_64\bin\nio.dll
Event: 0.373 Loaded shared library C:\Users\Administrator\.vscode\extensions\redhat.java-1.18.0-win32-x64\jre\17.0.7-win32-x86_64\bin\zip.dll
Event: 0.401 Loaded shared library C:\Users\Administrator\.vscode\extensions\redhat.java-1.18.0-win32-x64\jre\17.0.7-win32-x86_64\bin\jimage.dll
Event: 0.465 Loaded shared library c:\Users\Administrator\.vscode\extensions\redhat.java-1.18.0-win32-x64\jre\17.0.7-win32-x86_64\bin\verify.dll
Event: 5.030 Loaded shared library C:\Users\Administrator\AppData\Roaming\Code\User\globalStorage\redhat.java\1.18.0\config_win\org.eclipse.equinox.launcher\org.eclipse.equinox.launcher.win32.win32.x86_64_1.2.700.v20221108-1024\eclipse_11801.dll
Event: 11.181 Loaded shared library C:\Users\Administrator\.vscode\extensions\redhat.java-1.18.0-win32-x64\jre\17.0.7-win32-x86_64\bin\management.dll
Event: 11.187 Loaded shared library C:\Users\Administrator\.vscode\extensions\redhat.java-1.18.0-win32-x64\jre\17.0.7-win32-x86_64\bin\management_ext.dll
Event: 17.504 Loaded shared library C:\Users\Administrator\AppData\Local\Temp\2\jna-146731693\jna7013657931905379494.dll
Event: 31.207 Loaded shared library C:\Users\Administrator\.vscode\extensions\redhat.java-1.18.0-win32-x64\jre\17.0.7-win32-x86_64\bin\sunmscapi.dll
Event: 39.257 Loaded shared library C:\Users\Administrator\.gradle\native\68d5fa5c4cc2d200863cafc0d521ce42e7d3e7ee720ec0a83991735586a16f82\windows-amd64\native-platform.dll

Deoptimization events (20 events):
Event: 87.647 Thread 0x000001cce86c0890 DEOPT PACKING pc=0x000001ccd86c80a0 sp=0x0000001dcaafe1a0
Event: 87.647 Thread 0x000001cce86c0890 DEOPT UNPACKING pc=0x000001ccd80f669d sp=0x0000001dcaafe108 mode 2
Event: 93.221 Thread 0x000001cce7e01ce0 DEOPT PACKING pc=0x000001ccd0dec811 sp=0x0000001dc8efef70
Event: 93.222 Thread 0x000001cce7e01ce0 DEOPT UNPACKING pc=0x000001ccd80f6e24 sp=0x0000001dc8efe430 mode 0
Event: 93.261 Thread 0x000001cce7e01ce0 Uncommon trap: trap_request=0xffffffbe fr.pc=0x000001ccd89fbf24 relative=0x0000000000000544
Event: 93.262 Thread 0x000001cce7e01ce0 Uncommon trap: reason=profile_predicate action=maybe_recompile pc=0x000001ccd89fbf24 method=org.eclipse.jdt.internal.compiler.util.SimpleLookupTable.put(Ljava/lang/Object;Ljava/lang/Object;)Ljava/lang/Object; @ 61 c2
Event: 93.262 Thread 0x000001cce7e01ce0 DEOPT PACKING pc=0x000001ccd89fbf24 sp=0x0000001dc8eff1b0
Event: 93.263 Thread 0x000001cce7e01ce0 DEOPT UNPACKING pc=0x000001ccd80f669d sp=0x0000001dc8eff168 mode 2
Event: 93.794 Thread 0x000001cce7e01ce0 Uncommon trap: trap_request=0xffffffbe fr.pc=0x000001ccd89fbf24 relative=0x0000000000000544
Event: 93.794 Thread 0x000001cce7e01ce0 Uncommon trap: reason=profile_predicate action=maybe_recompile pc=0x000001ccd89fbf24 method=org.eclipse.jdt.internal.compiler.util.SimpleLookupTable.put(Ljava/lang/Object;Ljava/lang/Object;)Ljava/lang/Object; @ 61 c2
Event: 93.794 Thread 0x000001cce7e01ce0 DEOPT PACKING pc=0x000001ccd89fbf24 sp=0x0000001dc8eff190
Event: 93.794 Thread 0x000001cce7e01ce0 DEOPT UNPACKING pc=0x000001ccd80f669d sp=0x0000001dc8eff148 mode 2
Event: 97.927 Thread 0x000001cce7e01ce0 DEOPT PACKING pc=0x000001ccd181a705 sp=0x0000001dc8efefc0
Event: 97.927 Thread 0x000001cce7e01ce0 DEOPT UNPACKING pc=0x000001ccd80f6e24 sp=0x0000001dc8efe4e8 mode 0
Event: 97.995 Thread 0x000001cce7e01ce0 DEOPT PACKING pc=0x000001ccd0dec811 sp=0x0000001dc8efef70
Event: 97.995 Thread 0x000001cce7e01ce0 DEOPT UNPACKING pc=0x000001ccd80f6e24 sp=0x0000001dc8efe430 mode 0
Event: 99.338 Thread 0x000001cce7e01ce0 Uncommon trap: trap_request=0xffffffbe fr.pc=0x000001ccd89fbf24 relative=0x0000000000000544
Event: 99.338 Thread 0x000001cce7e01ce0 Uncommon trap: reason=profile_predicate action=maybe_recompile pc=0x000001ccd89fbf24 method=org.eclipse.jdt.internal.compiler.util.SimpleLookupTable.put(Ljava/lang/Object;Ljava/lang/Object;)Ljava/lang/Object; @ 61 c2
Event: 99.338 Thread 0x000001cce7e01ce0 DEOPT PACKING pc=0x000001ccd89fbf24 sp=0x0000001dc8eff1b0
Event: 99.338 Thread 0x000001cce7e01ce0 DEOPT UNPACKING pc=0x000001ccd80f669d sp=0x0000001dc8eff168 mode 2

Classes unloaded (7 events):
Event: 11.212 Thread 0x000001cce1ca7a60 Unloading class 0x0000000100222000 'java/lang/invoke/LambdaForm$MH+0x0000000100222000'
Event: 11.212 Thread 0x000001cce1ca7a60 Unloading class 0x0000000100221c00 'java/lang/invoke/LambdaForm$MH+0x0000000100221c00'
Event: 11.212 Thread 0x000001cce1ca7a60 Unloading class 0x0000000100221800 'java/lang/invoke/LambdaForm$MH+0x0000000100221800'
Event: 11.212 Thread 0x000001cce1ca7a60 Unloading class 0x0000000100221400 'java/lang/invoke/LambdaForm$MH+0x0000000100221400'
Event: 11.212 Thread 0x000001cce1ca7a60 Unloading class 0x0000000100220c00 'java/lang/invoke/LambdaForm$BMH+0x0000000100220c00'
Event: 11.212 Thread 0x000001cce1ca7a60 Unloading class 0x0000000100220800 'java/lang/invoke/LambdaForm$DMH+0x0000000100220800'
Event: 11.212 Thread 0x000001cce1ca7a60 Unloading class 0x000000010021e000 'java/lang/invoke/LambdaForm$DMH+0x000000010021e000'

Classes redefined (0 events):
No events

Internal exceptions (20 events):
Event: 92.448 Thread 0x000001cce86bced0 Exception <a 'java/io/IOException'{0x00000000eab081c0}> (0x00000000eab081c0) 
thrown [s\src\hotspot\share\prims\jni.cpp, line 516]
Event: 92.449 Thread 0x000001cce86bced0 Exception <a 'java/io/IOException'{0x00000000eab084d0}> (0x00000000eab084d0) 
thrown [s\src\hotspot\share\prims\jni.cpp, line 516]
Event: 92.449 Thread 0x000001cce86bced0 Exception <a 'java/io/IOException'{0x00000000eab087e0}> (0x00000000eab087e0) 
thrown [s\src\hotspot\share\prims\jni.cpp, line 516]
Event: 92.449 Thread 0x000001cce86bced0 Exception <a 'java/io/IOException'{0x00000000eab09c20}> (0x00000000eab09c20) 
thrown [s\src\hotspot\share\prims\jni.cpp, line 516]
Event: 92.449 Thread 0x000001cce86bced0 Exception <a 'java/io/IOException'{0x00000000eab09f30}> (0x00000000eab09f30) 
thrown [s\src\hotspot\share\prims\jni.cpp, line 516]
Event: 92.449 Thread 0x000001cce86bced0 Exception <a 'java/io/IOException'{0x00000000eab0a4a8}> (0x00000000eab0a4a8) 
thrown [s\src\hotspot\share\prims\jni.cpp, line 516]
Event: 93.249 Thread 0x000001cce7e01ce0 Exception <a 'sun/nio/fs/WindowsException'{0x00000000eaddbdb0}> (0x00000000eaddbdb0) 
thrown [s\src\hotspot\share\prims\jni.cpp, line 516]
Event: 93.799 Thread 0x000001cce86bced0 Exception <a 'java/io/IOException'{0x00000000eae03760}> (0x00000000eae03760) 
thrown [s\src\hotspot\share\prims\jni.cpp, line 516]
Event: 93.799 Thread 0x000001cce86bced0 Exception <a 'java/io/IOException'{0x00000000eae03a70}> (0x00000000eae03a70) 
thrown [s\src\hotspot\share\prims\jni.cpp, line 516]
Event: 93.799 Thread 0x000001cce86bced0 Exception <a 'java/io/IOException'{0x00000000eae03d80}> (0x00000000eae03d80) 
thrown [s\src\hotspot\share\prims\jni.cpp, line 516]
Event: 93.802 Thread 0x000001cce86bced0 Exception <a 'java/io/IOException'{0x00000000eae052c8}> (0x00000000eae052c8) 
thrown [s\src\hotspot\share\prims\jni.cpp, line 516]
Event: 93.802 Thread 0x000001cce86bced0 Exception <a 'java/io/IOException'{0x00000000eae06230}> (0x00000000eae06230) 
thrown [s\src\hotspot\share\prims\jni.cpp, line 516]
Event: 93.802 Thread 0x000001cce86bced0 Exception <a 'java/io/IOException'{0x00000000eae06540}> (0x00000000eae06540) 
thrown [s\src\hotspot\share\prims\jni.cpp, line 516]
Event: 98.481 Thread 0x000001cce7e01ce0 Exception <a 'sun/nio/fs/WindowsException'{0x00000000eb05c178}> (0x00000000eb05c178) 
thrown [s\src\hotspot\share\prims\jni.cpp, line 516]
Event: 99.259 Thread 0x000001cce86bced0 Exception <a 'java/io/IOException'{0x00000000eab01708}> (0x00000000eab01708) 
thrown [s\src\hotspot\share\prims\jni.cpp, line 516]
Event: 99.259 Thread 0x000001cce86bced0 Exception <a 'java/io/IOException'{0x00000000eab01a18}> (0x00000000eab01a18) 
thrown [s\src\hotspot\share\prims\jni.cpp, line 516]
Event: 99.259 Thread 0x000001cce86bced0 Exception <a 'java/io/IOException'{0x00000000eab01d28}> (0x00000000eab01d28) 
thrown [s\src\hotspot\share\prims\jni.cpp, line 516]
Event: 99.297 Thread 0x000001cce86bced0 Exception <a 'java/io/IOException'{0x00000000eab03c08}> (0x00000000eab03c08) 
thrown [s\src\hotspot\share\prims\jni.cpp, line 516]
Event: 99.297 Thread 0x000001cce86bced0 Exception <a 'java/io/IOException'{0x00000000eab03f18}> (0x00000000eab03f18) 
thrown [s\src\hotspot\share\prims\jni.cpp, line 516]
Event: 99.297 Thread 0x000001cce86bced0 Exception <a 'java/io/IOException'{0x00000000eab04498}> (0x00000000eab04498) 
thrown [s\src\hotspot\share\prims\jni.cpp, line 516]

VM Operations (20 events):
Event: 83.638 Executing VM operation: Cleanup
Event: 83.638 Executing VM operation: Cleanup done
Event: 84.087 Executing VM operation: ParallelGCFailedAllocation
Event: 84.094 Executing VM operation: ParallelGCFailedAllocation done
Event: 86.345 Executing VM operation: Cleanup
Event: 86.386 Executing VM operation: Cleanup done
Event: 88.388 Executing VM operation: Cleanup
Event: 88.407 Executing VM operation: Cleanup done
Event: 90.529 Executing VM operation: ParallelGCFailedAllocation
Event: 90.555 Executing VM operation: ParallelGCFailedAllocation done
Event: 92.412 Executing VM operation: ParallelGCFailedAllocation
Event: 92.447 Executing VM operation: ParallelGCFailedAllocation done
Event: 93.723 Executing VM operation: Cleanup
Event: 93.741 Executing VM operation: Cleanup done
Event: 95.128 Executing VM operation: ParallelGCFailedAllocation
Event: 95.298 Executing VM operation: ParallelGCFailedAllocation done
Event: 97.505 Executing VM operation: Cleanup
Event: 98.015 Executing VM operation: Cleanup done
Event: 98.534 Executing VM operation: ParallelGCFailedAllocation
Event: 99.334 Executing VM operation: ParallelGCFailedAllocation done

Events (20 events):
Event: 73.127 loading class java/io/ObjectInputStream$HandleTable done
Event: 73.127 loading class java/io/ObjectInputStream$HandleTable$HandleList
Event: 73.127 loading class java/io/ObjectInputStream$HandleTable$HandleList done
Event: 73.127 loading class java/io/ObjectInputStream$ValidationList
Event: 73.127 loading class java/io/ObjectInputStream$ValidationList done
Event: 73.127 loading class java/io/ObjectInputFilter$Config
Event: 73.128 loading class java/io/ObjectInputFilter$Config done
Event: 73.130 loading class java/io/ObjectInputFilter
Event: 73.130 loading class java/io/ObjectInputFilter done
Event: 73.131 loading class java/io/ObjectInputFilter$Config$BuiltinFilterFactory
Event: 73.131 loading class java/io/ObjectInputFilter$Config$BuiltinFilterFactory done
Event: 73.131 loading class jdk/internal/access/JavaObjectInputFilterAccess
Event: 73.131 loading class jdk/internal/access/JavaObjectInputFilterAccess done
Event: 73.133 loading class jdk/internal/event/DeserializationEvent
Event: 73.134 loading class jdk/internal/event/DeserializationEvent done
Event: 73.137 loading class java/io/ObjectInputStream$FieldValues
Event: 73.138 loading class java/io/ObjectInputStream$GetField
Event: 73.138 loading class java/io/ObjectInputStream$GetField done
Event: 73.138 loading class java/io/ObjectInputStream$FieldValues done
Event: 91.387 Thread 0x000001cce7e04360 Thread exited: 0x000001cce7e04360


Dynamic libraries:
0x00007ff629d50000 - 0x00007ff629d5e000 	c:\Users\Administrator\.vscode\extensions\redhat.java-1.18.0-win32-x64\jre\17.0.7-win32-x86_64\bin\java.exe
0x00007ffe52820000 - 0x00007ffe529f0000 	C:\Windows\SYSTEM32\ntdll.dll
0x00007ffe52770000 - 0x00007ffe5281c000 	C:\Windows\System32\KERNEL32.DLL
0x00007ffe4f020000 - 0x00007ffe4f23d000 	C:\Windows\System32\KERNELBASE.dll
0x00007ffe4ed10000 - 0x00007ffe4ee05000 	C:\Windows\System32\ucrtbase.dll
0x00007ffe3b710000 - 0x00007ffe3b727000 	c:\Users\Administrator\.vscode\extensions\redhat.java-1.18.0-win32-x64\jre\17.0.7-win32-x86_64\bin\jli.dll
0x00007ffe50430000 - 0x00007ffe50595000 	C:\Windows\System32\USER32.dll
0x00007ffe4f6b0000 - 0x00007ffe4f6ce000 	C:\Windows\System32\win32u.dll
0x00007ffe50c10000 - 0x00007ffe50c44000 	C:\Windows\System32\GDI32.dll
0x00007ffe4f470000 - 0x00007ffe4f5f1000 	C:\Windows\System32\gdi32full.dll
0x00007ffe38f40000 - 0x00007ffe38f59000 	c:\Users\Administrator\.vscode\extensions\redhat.java-1.18.0-win32-x64\jre\17.0.7-win32-x86_64\bin\VCRUNTIME140.dll
0x00007ffe43290000 - 0x00007ffe4350a000 	C:\Windows\WinSxS\amd64_microsoft.windows.common-controls_6595b64144ccf1df_6.0.14393.2273_none_7de240fc83403786\COMCTL32.dll
0x00007ffe50a10000 - 0x00007ffe50aae000 	C:\Windows\System32\msvcrt.dll
0x00007ffe50db0000 - 0x00007ffe51078000 	C:\Windows\System32\combase.dll
0x00007ffe50610000 - 0x00007ffe50731000 	C:\Windows\System32\RPCRT4.dll
0x00007ffe4efb0000 - 0x00007ffe4f01a000 	C:\Windows\System32\bcryptPrimitives.dll
0x00007ffe507b0000 - 0x00007ffe507de000 	C:\Windows\System32\IMM32.DLL
0x00007ffe3ea60000 - 0x00007ffe3ea6c000 	c:\Users\Administrator\.vscode\extensions\redhat.java-1.18.0-win32-x64\jre\17.0.7-win32-x86_64\bin\vcruntime140_1.dll
0x00007ffe2a660000 - 0x00007ffe2a6f1000 	c:\Users\Administrator\.vscode\extensions\redhat.java-1.18.0-win32-x64\jre\17.0.7-win32-x86_64\bin\msvcp140.dll
0x00007ffe23c10000 - 0x00007ffe24858000 	c:\Users\Administrator\.vscode\extensions\redhat.java-1.18.0-win32-x64\jre\17.0.7-win32-x86_64\bin\server\jvm.dll
0x00007ffe51090000 - 0x00007ffe51132000 	C:\Windows\System32\ADVAPI32.dll
0x00007ffe51140000 - 0x00007ffe51199000 	C:\Windows\System32\sechost.dll
0x00007ffe3e2e0000 - 0x00007ffe3e2e9000 	C:\Windows\SYSTEM32\WSOCK32.dll
0x00007ffe50740000 - 0x00007ffe507aa000 	C:\Windows\System32\WS2_32.dll
0x00007ffe4d200000 - 0x00007ffe4d223000 	C:\Windows\SYSTEM32\WINMM.dll
0x00007ffe46fa0000 - 0x00007ffe46faa000 	C:\Windows\SYSTEM32\VERSION.dll
0x00007ffe4d1a0000 - 0x00007ffe4d1cb000 	C:\Windows\SYSTEM32\WINMMBASE.dll
0x00007ffe4eeb0000 - 0x00007ffe4eef2000 	C:\Windows\System32\cfgmgr32.dll
0x00007ffe4ec90000 - 0x00007ffe4ec9f000 	C:\Windows\System32\kernel.appcore.dll
0x00007ffe3e780000 - 0x00007ffe3e78a000 	c:\Users\Administrator\.vscode\extensions\redhat.java-1.18.0-win32-x64\jre\17.0.7-win32-x86_64\bin\jimage.dll
0x00007ffe45210000 - 0x00007ffe453a2000 	C:\Windows\SYSTEM32\DBGHELP.DLL
0x00007ffe45060000 - 0x00007ffe45089000 	C:\Windows\SYSTEM32\dbgcore.DLL
0x00007ffe3e730000 - 0x00007ffe3e73e000 	c:\Users\Administrator\.vscode\extensions\redhat.java-1.18.0-win32-x64\jre\17.0.7-win32-x86_64\bin\instrument.dll
0x00007ffe38f10000 - 0x00007ffe38f35000 	c:\Users\Administrator\.vscode\extensions\redhat.java-1.18.0-win32-x64\jre\17.0.7-win32-x86_64\bin\java.dll
0x00007ffe38ef0000 - 0x00007ffe38f08000 	c:\Users\Administrator\.vscode\extensions\redhat.java-1.18.0-win32-x64\jre\17.0.7-win32-x86_64\bin\zip.dll
0x00007ffe51260000 - 0x00007ffe52765000 	C:\Windows\System32\SHELL32.dll
0x00007ffe4f6d0000 - 0x00007ffe4fda9000 	C:\Windows\System32\windows.storage.dll
0x00007ffe4ecc0000 - 0x00007ffe4ed0c000 	C:\Windows\System32\powrprof.dll
0x00007ffe507e0000 - 0x00007ffe50832000 	C:\Windows\System32\shlwapi.dll
0x00007ffe4ef00000 - 0x00007ffe4efa9000 	C:\Windows\System32\shcore.dll
0x00007ffe4eca0000 - 0x00007ffe4ecb4000 	C:\Windows\System32\profapi.dll
0x00007ffe383a0000 - 0x00007ffe383b9000 	C:\Users\Administrator\.vscode\extensions\redhat.java-1.18.0-win32-x64\jre\17.0.7-win32-x86_64\bin\net.dll
0x00007ffe4a4d0000 - 0x00007ffe4a59c000 	C:\Windows\SYSTEM32\WINHTTP.dll
0x00007ffe4e550000 - 0x00007ffe4e5ac000 	C:\Windows\system32\mswsock.dll
0x00007ffe38380000 - 0x00007ffe38395000 	C:\Users\Administrator\.vscode\extensions\redhat.java-1.18.0-win32-x64\jre\17.0.7-win32-x86_64\bin\nio.dll
0x00007ffe3e500000 - 0x00007ffe3e510000 	c:\Users\Administrator\.vscode\extensions\redhat.java-1.18.0-win32-x64\jre\17.0.7-win32-x86_64\bin\verify.dll
0x00007ffe36d40000 - 0x00007ffe36d7e000 	C:\Users\Administrator\AppData\Roaming\Code\User\globalStorage\redhat.java\1.18.0\config_win\org.eclipse.equinox.launcher\org.eclipse.equinox.launcher.win32.win32.x86_64_1.2.700.v20221108-1024\eclipse_11801.dll
0x00007ffe4fdc0000 - 0x00007ffe4fef8000 	C:\Windows\System32\ole32.dll
0x00007ffe3e2c0000 - 0x00007ffe3e2c9000 	C:\Users\Administrator\.vscode\extensions\redhat.java-1.18.0-win32-x64\jre\17.0.7-win32-x86_64\bin\management.dll
0x00007ffe3c5b0000 - 0x00007ffe3c5bb000 	C:\Users\Administrator\.vscode\extensions\redhat.java-1.18.0-win32-x64\jre\17.0.7-win32-x86_64\bin\management_ext.dll
0x00007ffe50840000 - 0x00007ffe50848000 	C:\Windows\System32\PSAPI.DLL
0x00007ffe4e6f0000 - 0x00007ffe4e707000 	C:\Windows\SYSTEM32\CRYPTSP.dll
0x00007ffe4e150000 - 0x00007ffe4e183000 	C:\Windows\system32\rsaenh.dll
0x00007ffe4ebc0000 - 0x00007ffe4ebeb000 	C:\Windows\SYSTEM32\bcrypt.dll
0x00007ffe4e3d0000 - 0x00007ffe4e3ef000 	C:\Windows\SYSTEM32\USERENV.dll
0x00007ffe4e710000 - 0x00007ffe4e71b000 	C:\Windows\SYSTEM32\CRYPTBASE.dll
0x00007ffe4e2d0000 - 0x00007ffe4e308000 	C:\Windows\SYSTEM32\IPHLPAPI.DLL
0x00007ffe4fdb0000 - 0x00007ffe4fdb8000 	C:\Windows\System32\NSI.dll
0x00007ffe49170000 - 0x00007ffe49186000 	C:\Windows\SYSTEM32\dhcpcsvc6.DLL
0x00007ffe48dd0000 - 0x00007ffe48dea000 	C:\Windows\SYSTEM32\dhcpcsvc.DLL
0x00007ffe3b4e0000 - 0x00007ffe3b525000 	C:\Users\Administrator\AppData\Local\Temp\2\jna-146731693\jna7013657931905379494.dll
0x00007ffe47cd0000 - 0x00007ffe47ce5000 	C:\Windows\SYSTEM32\ondemandconnroutehelper.dll
0x00007ffe3fd40000 - 0x00007ffe3fd4e000 	C:\Users\Administrator\.vscode\extensions\redhat.java-1.18.0-win32-x64\jre\17.0.7-win32-x86_64\bin\sunmscapi.dll
0x00007ffe4f240000 - 0x00007ffe4f409000 	C:\Windows\System32\CRYPT32.dll
0x00007ffe4ec80000 - 0x00007ffe4ec90000 	C:\Windows\System32\MSASN1.dll
0x00007ffe4e7d0000 - 0x00007ffe4e7f6000 	C:\Windows\SYSTEM32\ncrypt.dll
0x00007ffe4e790000 - 0x00007ffe4e7cb000 	C:\Windows\SYSTEM32\NTASN1.dll
0x00007ffe4e310000 - 0x00007ffe4e3b1000 	C:\Windows\SYSTEM32\DNSAPI.dll
0x00007ffe47cc0000 - 0x00007ffe47cca000 	C:\Windows\System32\rasadhlp.dll
0x00007ffe49580000 - 0x00007ffe495ea000 	C:\Windows\System32\fwpuclnt.dll
0x00007ffe27ae0000 - 0x00007ffe27b07000 	C:\Users\Administrator\.gradle\native\68d5fa5c4cc2d200863cafc0d521ce42e7d3e7ee720ec0a83991735586a16f82\windows-amd64\native-platform.dll

dbghelp: loaded successfully - version: 4.0.5 - missing functions: none
symbol engine: initialized successfully - sym options: 0x614 - pdb path: .;c:\Users\Administrator\.vscode\extensions\redhat.java-1.18.0-win32-x64\jre\17.0.7-win32-x86_64\bin;C:\Windows\SYSTEM32;C:\Windows\WinSxS\amd64_microsoft.windows.common-controls_6595b64144ccf1df_6.0.14393.2273_none_7de240fc83403786;c:\Users\Administrator\.vscode\extensions\redhat.java-1.18.0-win32-x64\jre\17.0.7-win32-x86_64\bin\server;C:\Users\Administrator\AppData\Roaming\Code\User\globalStorage\redhat.java\1.18.0\config_win\org.eclipse.equinox.launcher\org.eclipse.equinox.launcher.win32.win32.x86_64_1.2.700.v20221108-1024;C:\Users\Administrator\AppData\Local\Temp\2\jna-146731693;C:\Users\Administrator\.gradle\native\68d5fa5c4cc2d200863cafc0d521ce42e7d3e7ee720ec0a83991735586a16f82\windows-amd64

VM Arguments:
jvm_args: --add-modules=ALL-SYSTEM --add-opens=java.base/java.util=ALL-UNNAMED --add-opens=java.base/java.lang=ALL-UNNAMED --add-opens=java.base/sun.nio.fs=ALL-UNNAMED -Declipse.application=org.eclipse.jdt.ls.core.id1 -Dosgi.bundles.defaultStartLevel=4 -Declipse.product=org.eclipse.jdt.ls.core.product -Djava.import.generatesMetadataFilesAtProjectRoot=false -Dfile.encoding=utf8 -XX:+UseParallelGC -XX:GCTimeRatio=4 -XX:AdaptiveSizePolicyWeight=90 -Dsun.zip.disableMemoryMapping=true -Xmx1G -Xms100m -Xlog:disable -javaagent:c:\Users\Administrator\.vscode\extensions\redhat.java-1.18.0-win32-x64\lombok\lombok-1.18.27.jar -XX:+HeapDumpOnOutOfMemoryError -XX:HeapDumpPath=c:\Users\Administrator\AppData\Roaming\Code\User\workspaceStorage\780d521fef09cf6154d922225696aa9e\redhat.java -Daether.dependencyCollector.impl=bf 
java_command: c:\Users\Administrator\.vscode\extensions\redhat.java-1.18.0-win32-x64\server\plugins\org.eclipse.equinox.launcher_1.6.400.v20210924-0641.jar -configuration c:\Users\Administrator\AppData\Roaming\Code\User\globalStorage\redhat.java\1.18.0\config_win -data c:\Users\Administrator\AppData\Roaming\Code\User\workspaceStorage\780d521fef09cf6154d922225696aa9e\redhat.java\jdt_ws
java_class_path (initial): c:\Users\Administrator\.vscode\extensions\redhat.java-1.18.0-win32-x64\server\plugins\org.eclipse.equinox.launcher_1.6.400.v20210924-0641.jar
Launcher Type: SUN_STANDARD

[Global flags]
    uintx AdaptiveSizePolicyWeight                 = 90                                        {product} {command line}
     intx CICompilerCount                          = 2                                         {product} {ergonomic}
    uintx GCTimeRatio                              = 4                                         {product} {command line}
     bool HeapDumpOnOutOfMemoryError               = true                                   {manageable} {command line}
    ccstr HeapDumpPath                             = c:\Users\Administrator\AppData\Roaming\Code\User\workspaceStorage\780d521fef09cf6154d922225696aa9e\redhat.java         {manageable} {command line}
   size_t InitialHeapSize                          = 104857600                                 {product} {command line}
   size_t MaxHeapSize                              = 1073741824                                {product} {command line}
   size_t MaxNewSize                               = 357564416                                 {product} {ergonomic}
   size_t MinHeapDeltaBytes                        = 524288                                    {product} {ergonomic}
   size_t MinHeapSize                              = 104857600                                 {product} {command line}
   size_t NewSize                                  = 34603008                                  {product} {ergonomic}
    uintx NonNMethodCodeHeapSize                   = 5826188                                {pd product} {ergonomic}
    uintx NonProfiledCodeHeapSize                  = 122916026                              {pd product} {ergonomic}
   size_t OldSize                                  = 70254592                                  {product} {ergonomic}
    uintx ProfiledCodeHeapSize                     = 122916026                              {pd product} {ergonomic}
    uintx ReservedCodeCacheSize                    = 251658240                              {pd product} {ergonomic}
     bool SegmentedCodeCache                       = true                                      {product} {ergonomic}
   size_t SoftMaxHeapSize                          = 1073741824                             {manageable} {ergonomic}
     bool UseCompressedClassPointers               = true                           {product lp64_product} {ergonomic}
     bool UseCompressedOops                        = true                           {product lp64_product} {ergonomic}
     bool UseLargePagesIndividualAllocation        = false                                  {pd product} {ergonomic}
     bool UseParallelGC                            = true                                      {product} {command line}

Logging:
Log output configuration:
 #0: stdout all=off uptime,level,tags
 #1: stderr all=off uptime,level,tags

Environment Variables:
PATH=C:\Program Files (x86)\Common Files\Oracle\Java\javapath;C:\Windows\system32;C:\Windows;C:\Windows\System32\Wbem;C:\Windows\System32\WindowsPowerShell\v1.0\;C:\Users\Administrator\AppData\Local\Programs\Python\Python39\Scripts\;C:\Users\Administrator\AppData\Local\Programs\Python\Python39\;C:\Users\Administrator\AppData\Local\Microsoft\WindowsApps;;C:\Users\Administrator\AppData\Local\Programs\Microsoft VS Code\bin
USERNAME=Administrator
OS=Windows_NT
PROCESSOR_IDENTIFIER=Intel64 Family 6 Model 6 Stepping 3, GenuineIntel
TMP=C:\Users\ADMINI~1\AppData\Local\Temp\2
TEMP=C:\Users\ADMINI~1\AppData\Local\Temp\2



---------------  S Y S T E M  ---------------

OS:
 Windows Server 2016 , 64 bit Build 14393 (10.0.14393.2214)
OS uptime: 10 days 10:39 hours
KVM virtualization detected

CPU: total 2 (initial active 2) (2 cores per cpu, 1 threads per core) family 6 model 6 stepping 3 microcode 0x1, cx8, cmov, fxsr, mmx, sse, sse2, sse3, tsc, clflush, hv

Memory: 4k page, system-wide physical 2047M (42M free)
TotalPageFile size 5824M (AvailPageFile size 2M)
current process WorkingSet (physical memory assigned to process): 131M, peak: 312M
current process commit charge ("private bytes"): 376M, peak: 406M

vm_info: OpenJDK 64-Bit Server VM (17.0.7+7) for windows-amd64 JRE (17.0.7+7), built on Apr 18 2023 22:10:42 by "temurin" with MS VC++ 16.7 (VS2019)

END.
