#
# There is insufficient memory for the Java Runtime Environment to continue.
# Native memory allocation (malloc) failed to allocate 65552 bytes for Chunk::new
# Possible reasons:
#   The system is out of physical RAM or swap space
#   The process is running with CompressedOops enabled, and the Java Heap may be blocking the growth of the native heap
# Possible solutions:
#   Reduce memory load on the system
#   Increase physical memory or swap space
#   Check if swap backing store is full
#   Decrease Java heap size (-Xmx/-Xms)
#   Decrease number of Java threads
#   Decrease Java thread stack sizes (-Xss)
#   Set larger code cache with -XX:ReservedCodeCacheSize=
#   JVM is running with Unscaled Compressed Oops mode in which the Java heap is
#     placed in the first 4GB address space. The Java Heap base address is the
#     maximum limit for the native heap growth. Please use -XX:HeapBaseMinAddress
#     to set the Java Heap base and to place the Java Heap above 4GB virtual address.
# This output file may be truncated or incomplete.
#
#  Out of Memory Error (arena.cpp:189), pid=4328, tid=2328
#
# JRE version: OpenJDK Runtime Environment Temurin-17.0.7+7 (17.0.7+7) (build 17.0.7+7)
# Java VM: OpenJDK 64-Bit Server VM Temurin-17.0.7+7 (17.0.7+7, mixed mode, tiered, compressed oops, compressed class ptrs, parallel gc, windows-amd64)
# Core dump will be written. Default location: c:\Users\Administrator\Desktop\vkbot\hs_err_pid4328.mdmp
#

---------------  S U M M A R Y ------------

Command Line: --add-modules=ALL-SYSTEM --add-opens=java.base/java.util=ALL-UNNAMED --add-opens=java.base/java.lang=ALL-UNNAMED --add-opens=java.base/sun.nio.fs=ALL-UNNAMED -Declipse.application=org.eclipse.jdt.ls.core.id1 -Dosgi.bundles.defaultStartLevel=4 -Declipse.product=org.eclipse.jdt.ls.core.product -Djava.import.generatesMetadataFilesAtProjectRoot=false -Dfile.encoding=utf8 -XX:+UseParallelGC -XX:GCTimeRatio=4 -XX:AdaptiveSizePolicyWeight=90 -Dsun.zip.disableMemoryMapping=true -Xmx1G -Xms100m -Xlog:disable -javaagent:c:\Users\Administrator\.vscode\extensions\redhat.java-1.18.0-win32-x64\lombok\lombok-1.18.27.jar -XX:+HeapDumpOnOutOfMemoryError -XX:HeapDumpPath=c:\Users\Administrator\AppData\Roaming\Code\User\workspaceStorage\780d521fef09cf6154d922225696aa9e\redhat.java -Daether.dependencyCollector.impl=bf c:\Users\Administrator\.vscode\extensions\redhat.java-1.18.0-win32-x64\server\plugins\org.eclipse.equinox.launcher_1.6.400.v20210924-0641.jar -configuration c:\Users\Administrator\AppData\Roaming\Code\User\globalStorage\redhat.java\1.18.0\config_win -data c:\Users\Administrator\AppData\Roaming\Code\User\workspaceStorage\780d521fef09cf6154d922225696aa9e\redhat.java\jdt_ws

Host: QEMU Virtual CPU version 2.5+, 2 cores, 1G,  Windows Server 2016 , 64 bit Build 14393 (10.0.14393.2214)
Time: Sat May 27 03:56:38 2023 Pacific Daylight Time elapsed time: 60.096396 seconds (0d 0h 1m 0s)

---------------  T H R E A D  ---------------

Current thread (0x0000024ab19abf90):  JavaThread "C2 CompilerThread0" daemon [_thread_in_native, id=2328, stack(0x0000009bc3200000,0x0000009bc3300000)]


Current CompileTask:
C2:  60096 9029       4       org.objectweb.asm.SymbolTable::<init> (536 bytes)

Stack: [0x0000009bc3200000,0x0000009bc3300000]
Native frames: (J=compiled Java code, j=interpreted, Vv=VM code, C=native code)
V  [jvm.dll+0x67754a]
V  [jvm.dll+0x834304]
V  [jvm.dll+0x835aae]
V  [jvm.dll+0x836113]
V  [jvm.dll+0x24696f]
V  [jvm.dll+0xac0ac]
V  [jvm.dll+0xac67c]
V  [jvm.dll+0xac1bb]
V  [jvm.dll+0x654c7c]
V  [jvm.dll+0x56d07e]
V  [jvm.dll+0x56c253]
V  [jvm.dll+0x56c20c]
V  [jvm.dll+0x56fa0c]
V  [jvm.dll+0x56f317]
V  [jvm.dll+0x56e92e]
V  [jvm.dll+0x56e941]
V  [jvm.dll+0x56e941]
V  [jvm.dll+0x56e941]
V  [jvm.dll+0x56e941]
V  [jvm.dll+0x56e941]
V  [jvm.dll+0x56e941]
V  [jvm.dll+0x56e941]
V  [jvm.dll+0x56e941]
V  [jvm.dll+0x56e941]
V  [jvm.dll+0x56e941]
V  [jvm.dll+0x56e941]
V  [jvm.dll+0x56e941]
V  [jvm.dll+0x56e941]
V  [jvm.dll+0x56e941]
V  [jvm.dll+0x56e941]
V  [jvm.dll+0x56e941]
V  [jvm.dll+0x56e941]
V  [jvm.dll+0x56e8f5]
V  [jvm.dll+0x5808af]
V  [jvm.dll+0x221e72]
V  [jvm.dll+0x21b152]
V  [jvm.dll+0x21895b]
V  [jvm.dll+0x1a4d8d]
V  [jvm.dll+0x2284da]
V  [jvm.dll+0x226615]
V  [jvm.dll+0x7ea90b]
V  [jvm.dll+0x7e4e7a]
V  [jvm.dll+0x676395]
C  [ucrtbase.dll+0x1cd70]
C  [KERNEL32.DLL+0x8364]
C  [ntdll.dll+0x6e851]


---------------  P R O C E S S  ---------------

Threads class SMR info:
_java_thread_list=0x0000024ab83b89b0, length=45, elements={
0x0000024a9dba2c30, 0x0000024ab196b250, 0x0000024ab196cf90, 0x0000024ab19a5150,
0x0000024ab19a5dd0, 0x0000024ab19a8960, 0x0000024ab19aa390, 0x0000024ab19abf90,
0x0000024ab1a0b260, 0x0000024ab1a0b770, 0x0000024a9dc60560, 0x0000024ab66fb230,
0x0000024ab6c6eb90, 0x0000024ab6d03fc0, 0x0000024ab6fb28a0, 0x0000024ab6ddc040,
0x0000024ab6e6a430, 0x0000024ab7774920, 0x0000024ab7038800, 0x0000024ab7039670,
0x0000024ab7039b40, 0x0000024ab7036ff0, 0x0000024ab7037e60, 0x0000024ab7037990,
0x0000024ab7038cd0, 0x0000024ab70374c0, 0x0000024ab7038330, 0x0000024ab70391a0,
0x0000024ab703a9b0, 0x0000024ab7cf5d00, 0x0000024ab7cfaa00, 0x0000024ab7cf91f0,
0x0000024ab7cfc210, 0x0000024ab7cfc6e0, 0x0000024ab7cf79e0, 0x0000024ab7cf9b90,
0x0000024ab7cfcbb0, 0x0000024ab7cfa530, 0x0000024ab7cfb870, 0x0000024ab7cfbd40,
0x0000024ab7cf66a0, 0x0000024ab7cf7eb0, 0x0000024abbe3b870, 0x0000024abbe3d080,
0x0000024abbe3aa00
}

Java Threads: ( => current thread )
  0x0000024a9dba2c30 JavaThread "main" [_thread_blocked, id=4508, stack(0x0000009bc2800000,0x0000009bc2900000)]
  0x0000024ab196b250 JavaThread "Reference Handler" daemon [_thread_blocked, id=6616, stack(0x0000009bc2c00000,0x0000009bc2d00000)]
  0x0000024ab196cf90 JavaThread "Finalizer" daemon [_thread_blocked, id=6292, stack(0x0000009bc2d00000,0x0000009bc2e00000)]
  0x0000024ab19a5150 JavaThread "Signal Dispatcher" daemon [_thread_blocked, id=2316, stack(0x0000009bc2e00000,0x0000009bc2f00000)]
  0x0000024ab19a5dd0 JavaThread "Attach Listener" daemon [_thread_blocked, id=4176, stack(0x0000009bc2f00000,0x0000009bc3000000)]
  0x0000024ab19a8960 JavaThread "Service Thread" daemon [_thread_blocked, id=5104, stack(0x0000009bc3000000,0x0000009bc3100000)]
  0x0000024ab19aa390 JavaThread "Monitor Deflation Thread" daemon [_thread_blocked, id=984, stack(0x0000009bc3100000,0x0000009bc3200000)]
=>0x0000024ab19abf90 JavaThread "C2 CompilerThread0" daemon [_thread_in_native, id=2328, stack(0x0000009bc3200000,0x0000009bc3300000)]
  0x0000024ab1a0b260 JavaThread "C1 CompilerThread0" daemon [_thread_blocked, id=4044, stack(0x0000009bc3300000,0x0000009bc3400000)]
  0x0000024ab1a0b770 JavaThread "Sweeper thread" daemon [_thread_blocked, id=6156, stack(0x0000009bc3400000,0x0000009bc3500000)]
  0x0000024a9dc60560 JavaThread "Common-Cleaner" daemon [_thread_blocked, id=2940, stack(0x0000009bc3500000,0x0000009bc3600000)]
  0x0000024ab66fb230 JavaThread "Notification Thread" daemon [_thread_blocked, id=4236, stack(0x0000009bc3600000,0x0000009bc3700000)]
  0x0000024ab6c6eb90 JavaThread "Active Thread: Equinox Container: cb16b40e-e90e-4250-b370-bd5c0c5c58e9" [_thread_blocked, id=5292, stack(0x0000009bc3900000,0x0000009bc3a00000)]
  0x0000024ab6d03fc0 JavaThread "Framework Event Dispatcher: Equinox Container: cb16b40e-e90e-4250-b370-bd5c0c5c58e9" daemon [_thread_blocked, id=6448, stack(0x0000009bc3a00000,0x0000009bc3b00000)]
  0x0000024ab6fb28a0 JavaThread "Start Level: Equinox Container: cb16b40e-e90e-4250-b370-bd5c0c5c58e9" daemon [_thread_blocked, id=3040, stack(0x0000009bc3b00000,0x0000009bc3c00000)]
  0x0000024ab6ddc040 JavaThread "SCR Component Actor" daemon [_thread_blocked, id=6720, stack(0x0000009bc3c00000,0x0000009bc3d00000)]
  0x0000024ab6e6a430 JavaThread "Bundle File Closer" daemon [_thread_blocked, id=4904, stack(0x0000009bc3e00000,0x0000009bc3f00000)]
  0x0000024ab7774920 JavaThread "Worker-JM" [_thread_blocked, id=6400, stack(0x0000009bc3f00000,0x0000009bc4000000)]
  0x0000024ab7038800 JavaThread "Worker-0" [_thread_blocked, id=3944, stack(0x0000009bc4000000,0x0000009bc4100000)]
  0x0000024ab7039670 JavaThread "Worker-1" [_thread_blocked, id=3600, stack(0x0000009bc4100000,0x0000009bc4200000)]
  0x0000024ab7039b40 JavaThread "Worker-2: Initialize workspace" [_thread_blocked, id=3668, stack(0x0000009bc4200000,0x0000009bc4300000)]
  0x0000024ab7036ff0 JavaThread "Java indexing" daemon [_thread_in_native, id=2544, stack(0x0000009bc4300000,0x0000009bc4400000)]
  0x0000024ab7037e60 JavaThread "Worker-3" [_thread_blocked, id=5952, stack(0x0000009bc4400000,0x0000009bc4500000)]
  0x0000024ab7037990 JavaThread "JNA Cleaner" daemon [_thread_blocked, id=4560, stack(0x0000009bc4500000,0x0000009bc4600000)]
  0x0000024ab7038cd0 JavaThread "pool-2-thread-1" [_thread_blocked, id=2492, stack(0x0000009bc4600000,0x0000009bc4700000)]
  0x0000024ab70374c0 JavaThread "pool-1-thread-1" [_thread_in_native, id=5648, stack(0x0000009bc4700000,0x0000009bc4800000)]
  0x0000024ab7038330 JavaThread "Timer-0" [_thread_blocked, id=5272, stack(0x0000009bc4800000,0x0000009bc4900000)]
  0x0000024ab70391a0 JavaThread "Timer-1" [_thread_blocked, id=7020, stack(0x0000009bc4900000,0x0000009bc4a00000)]
  0x0000024ab703a9b0 JavaThread "Timer-2" [_thread_blocked, id=940, stack(0x0000009bc4a00000,0x0000009bc4b00000)]
  0x0000024ab7cf5d00 JavaThread "Exec process" [_thread_blocked, id=908, stack(0x0000009bc4c00000,0x0000009bc4d00000)]
  0x0000024ab7cfaa00 JavaThread "Exec process Thread 2" [_thread_blocked, id=5208, stack(0x0000009bc4d00000,0x0000009bc4e00000)]
  0x0000024ab7cf91f0 JavaThread "Exec process Thread 3" [_thread_blocked, id=5532, stack(0x0000009bc4e00000,0x0000009bc4f00000)]
  0x0000024ab7cfc210 JavaThread "Timer-3" [_thread_blocked, id=3644, stack(0x0000009bc4f00000,0x0000009bc5000000)]
  0x0000024ab7cfc6e0 JavaThread "Timer-4" [_thread_blocked, id=6636, stack(0x0000009bc5000000,0x0000009bc5100000)]
  0x0000024ab7cf79e0 JavaThread "Timer-5" [_thread_blocked, id=5788, stack(0x0000009bc5600000,0x0000009bc5700000)]
  0x0000024ab7cf9b90 JavaThread "Timer-6" [_thread_blocked, id=4412, stack(0x0000009bc5900000,0x0000009bc5a00000)]
  0x0000024ab7cfcbb0 JavaThread "Timer-7" [_thread_blocked, id=4256, stack(0x0000009bc5c00000,0x0000009bc5d00000)]
  0x0000024ab7cfa530 JavaThread "Worker-4" [_thread_blocked, id=6724, stack(0x0000009bc6200000,0x0000009bc6300000)]
  0x0000024ab7cfb870 JavaThread "Worker-5: Java indexing... " [_thread_blocked, id=6632, stack(0x0000009bc6400000,0x0000009bc6500000)]
  0x0000024ab7cfbd40 JavaThread "Worker-6" [_thread_blocked, id=1016, stack(0x0000009bc6500000,0x0000009bc6600000)]
  0x0000024ab7cf66a0 JavaThread "Thread-26" [_thread_in_vm, id=6972, stack(0x0000009bc6600000,0x0000009bc6700000)]
  0x0000024ab7cf7eb0 JavaThread "Timer-8" [_thread_blocked, id=7128, stack(0x0000009bc6a00000,0x0000009bc6b00000)]
  0x0000024abbe3b870 JavaThread "Thread-41" [_thread_blocked, id=6700, stack(0x0000009bc7600000,0x0000009bc7700000)]
  0x0000024abbe3d080 JavaThread "Timer-9" [_thread_blocked, id=3548, stack(0x0000009bc7900000,0x0000009bc7a00000)]
  0x0000024abbe3aa00 JavaThread "Timer-10" [_thread_blocked, id=2276, stack(0x0000009bc7f00000,0x0000009bc8000000)]

Other Threads:
  0x0000024ab19682c0 VMThread "VM Thread" [stack: 0x0000009bc2b00000,0x0000009bc2c00000] [id=6000]
  0x0000024ab66fb700 WatcherThread [stack: 0x0000009bc3700000,0x0000009bc3800000] [id=6428]
  0x0000024a9dbb14c0 GCTaskThread "GC Thread#0" [stack: 0x0000009bc2a00000,0x0000009bc2b00000] [id=6508]
  0x0000024ab6c0c5f0 GCTaskThread "GC Thread#1" [stack: 0x0000009bc3800000,0x0000009bc3900000] [id=6676]

Threads with active compile tasks:
C2 CompilerThread0    60122 9029       4       org.objectweb.asm.SymbolTable::<init> (536 bytes)

VM state: not at safepoint (normal execution)

VM Mutex/Monitor currently owned by a thread: None

Heap address: 0x00000000c0000000, size: 1024 MB, Compressed Oops mode: 32-bit

CDS archive(s) not mapped
Compressed class space mapped at: 0x0000000100000000-0x0000000140000000, reserved size: 1073741824
Narrow klass base: 0x0000000000000000, Narrow klass shift: 3, Narrow klass range: 0x140000000

GC Precious Log:
 CPUs: 2 total, 2 available
 Memory: 2047M
 Large Page Support: Disabled
 NUMA Support: Disabled
 Compressed Oops: Enabled (32-bit)
 Alignments: Space 512K, Generation 512K, Heap 2M
 Heap Min Capacity: 100M
 Heap Initial Capacity: 100M
 Heap Max Capacity: 1G
 Pre-touch: Disabled
 Parallel Workers: 2

Heap:
 PSYoungGen      total 26112K, used 4527K [0x00000000eab00000, 0x00000000eca00000, 0x0000000100000000)
  eden space 22528K, 4% used [0x00000000eab00000,0x00000000eabebe28,0x00000000ec100000)
  from space 3584K, 100% used [0x00000000ec580000,0x00000000ec900000,0x00000000ec900000)
  to   space 4096K, 0% used [0x00000000ec100000,0x00000000ec100000,0x00000000ec500000)
 ParOldGen       total 202240K, used 132766K [0x00000000c0000000, 0x00000000cc580000, 0x00000000eab00000)
  object space 202240K, 65% used [0x00000000c0000000,0x00000000c81a7aa8,0x00000000cc580000)
 Metaspace       used 79549K, committed 80768K, reserved 1179648K
  class space    used 9361K, committed 9920K, reserved 1048576K

Card table byte_map: [0x0000024a9d550000,0x0000024a9d760000] _byte_map_base: 0x0000024a9cf50000

Marking Bits: (ParMarkBitMap*) 0x00007ffe253d52c0
 Begin Bits: [0x0000024aaf830000, 0x0000024ab0830000)
 End Bits:   [0x0000024ab0830000, 0x0000024ab1830000)

Polling page: 0x0000024a9ba30000

Metaspace:

Usage:
  Non-class:     68.54 MB used.
      Class:      9.14 MB used.
       Both:     77.69 MB used.

Virtual space:
  Non-class space:      128.00 MB reserved,      69.19 MB ( 54%) committed,  2 nodes.
      Class space:        1.00 GB reserved,       9.69 MB ( <1%) committed,  1 nodes.
             Both:        1.13 GB reserved,      78.88 MB (  7%) committed. 

Chunk freelists:
   Non-Class:  10.20 MB
       Class:  6.22 MB
        Both:  16.42 MB

MaxMetaspaceSize: unlimited
CompressedClassSpaceSize: 1.00 GB
Initial GC threshold: 21.00 MB
Current GC threshold: 131.38 MB
CDS: off
MetaspaceReclaimPolicy: balanced
 - commit_granule_bytes: 65536.
 - commit_granule_words: 8192.
 - virtual_space_node_default_size: 8388608.
 - enlarge_chunks_in_place: 1.
 - new_chunks_are_fully_committed: 0.
 - uncommit_free_chunks: 1.
 - use_allocation_guard: 0.
 - handle_deallocations: 1.


Internal statistics:

num_allocs_failed_limit: 11.
num_arena_births: 752.
num_arena_deaths: 14.
num_vsnodes_births: 3.
num_vsnodes_deaths: 0.
num_space_committed: 1262.
num_space_uncommitted: 0.
num_chunks_returned_to_freelist: 25.
num_chunks_taken_from_freelist: 3939.
num_chunk_merges: 12.
num_chunk_splits: 2541.
num_chunks_enlarged: 1583.
num_inconsistent_stats: 0.

CodeHeap 'non-profiled nmethods': size=120064Kb used=5754Kb max_used=5754Kb free=114309Kb
 bounds [0x0000024aa82f0000, 0x0000024aa8890000, 0x0000024aaf830000]
CodeHeap 'profiled nmethods': size=120000Kb used=16703Kb max_used=16703Kb free=103296Kb
 bounds [0x0000024aa0830000, 0x0000024aa1890000, 0x0000024aa7d60000]
CodeHeap 'non-nmethods': size=5696Kb used=1364Kb max_used=1412Kb free=4331Kb
 bounds [0x0000024aa7d60000, 0x0000024aa7fd0000, 0x0000024aa82f0000]
 total_blobs=8321 nmethods=7597 adapters=636
 compilation: enabled
              stopped_count=0, restarted_count=0
 full_count=0

Compilation events (20 events):
Event: 59.295 Thread 0x0000024ab1a0b260 nmethod 9019 0x0000024aa187f310 code [0x0000024aa187f4c0, 0x0000024aa187f658]
Event: 59.296 Thread 0x0000024ab1a0b260 9020       3       org.eclipse.jdt.internal.compiler.lookup.AnnotatableTypeSystem::getParameterizedType (11 bytes)
Event: 59.296 Thread 0x0000024ab1a0b260 nmethod 9020 0x0000024aa187f710 code [0x0000024aa187f8c0, 0x0000024aa187fa08]
Event: 59.300 Thread 0x0000024ab1a0b260 9021       3       org.eclipse.jdt.internal.compiler.ast.Statement::complainIfUnreachable (102 bytes)
Event: 59.300 Thread 0x0000024ab1a0b260 nmethod 9021 0x0000024aa187fb10 code [0x0000024aa187fd40, 0x0000024aa18807d8]
Event: 59.301 Thread 0x0000024ab1a0b260 9022   !   3       org.eclipse.jdt.internal.compiler.lookup.MethodBinding::sourceMethod (78 bytes)
Event: 59.301 Thread 0x0000024ab1a0b260 nmethod 9022 0x0000024aa1880a90 code [0x0000024aa1880c80, 0x0000024aa18811f8]
Event: 59.302 Thread 0x0000024ab1a0b260 9023       3       org.eclipse.jdt.internal.compiler.lookup.SortedSimpleNameVector::elementAt (7 bytes)
Event: 59.302 Thread 0x0000024ab1a0b260 nmethod 9023 0x0000024aa1881410 code [0x0000024aa18815a0, 0x0000024aa18816d8]
Event: 59.359 Thread 0x0000024ab19abf90 9024       4       java.lang.AbstractStringBuilder::getChars (61 bytes)
Event: 59.364 Thread 0x0000024ab19abf90 nmethod 9024 0x0000024aa888a590 code [0x0000024aa888a720, 0x0000024aa888aa38]
Event: 59.364 Thread 0x0000024ab19abf90 9006   !   4       org.eclipse.jdt.internal.core.search.JavaSearchDocument::getByteContents (39 bytes)
Event: 59.364 Thread 0x0000024ab19abf90 nmethod 9006 0x0000024aa888ac90 code [0x0000024aa888ae00, 0x0000024aa888ae98]
Event: 59.581 Thread 0x0000024ab19abf90 9025       4       org.eclipse.core.internal.resources.Workspace::newResource (190 bytes)
Event: 59.632 Thread 0x0000024ab19abf90 nmethod 9025 0x0000024aa888af90 code [0x0000024aa888b2c0, 0x0000024aa888cc88]
Event: 59.642 Thread 0x0000024ab19abf90 9026       4       java.util.LinkedHashMap$LinkedValueIterator::next (8 bytes)
Event: 59.643 Thread 0x0000024ab19abf90 nmethod 9026 0x0000024aa888e290 code [0x0000024aa888e400, 0x0000024aa888e4f8]
Event: 59.646 Thread 0x0000024ab1a0b260 9027   !   3       org.eclipse.core.internal.jobs.OrderedLock::acquire (32 bytes)
Event: 59.646 Thread 0x0000024ab1a0b260 nmethod 9027 0x0000024aa1881790 code [0x0000024aa1881960, 0x0000024aa1881d38]
Event: 60.030 Thread 0x0000024ab19abf90 9029       4       org.objectweb.asm.SymbolTable::<init> (536 bytes)

GC Heap History (20 events):
Event: 52.261 GC heap before
{Heap before GC invocations=84 (full 6):
 PSYoungGen      total 25088K, used 25077K [0x00000000eab00000, 0x00000000ece00000, 0x0000000100000000)
  eden space 22016K, 100% used [0x00000000eab00000,0x00000000ec080000,0x00000000ec080000)
  from space 3072K, 99% used [0x00000000ec600000,0x00000000ec8fd538,0x00000000ec900000)
  to   space 5632K, 0% used [0x00000000ec080000,0x00000000ec080000,0x00000000ec600000)
 ParOldGen       total 132096K, used 113208K [0x00000000c0000000, 0x00000000c8100000, 0x00000000eab00000)
  object space 132096K, 85% used [0x00000000c0000000,0x00000000c6e8e280,0x00000000c8100000)
 Metaspace       used 77539K, committed 78848K, reserved 1179648K
  class space    used 9137K, committed 9728K, reserved 1048576K
}
Event: 52.280 GC heap after
{Heap after GC invocations=84 (full 6):
 PSYoungGen      total 27648K, used 2653K [0x00000000eab00000, 0x00000000ec980000, 0x0000000100000000)
  eden space 22016K, 0% used [0x00000000eab00000,0x00000000eab00000,0x00000000ec080000)
  from space 5632K, 47% used [0x00000000ec080000,0x00000000ec317470,0x00000000ec600000)
  to   space 3584K, 0% used [0x00000000ec600000,0x00000000ec600000,0x00000000ec980000)
 ParOldGen       total 132096K, used 116275K [0x00000000c0000000, 0x00000000c8100000, 0x00000000eab00000)
  object space 132096K, 88% used [0x00000000c0000000,0x00000000c718cd08,0x00000000c8100000)
 Metaspace       used 77539K, committed 78848K, reserved 1179648K
  class space    used 9137K, committed 9728K, reserved 1048576K
}
Event: 53.764 GC heap before
{Heap before GC invocations=85 (full 6):
 PSYoungGen      total 27648K, used 24669K [0x00000000eab00000, 0x00000000ec980000, 0x0000000100000000)
  eden space 22016K, 100% used [0x00000000eab00000,0x00000000ec080000,0x00000000ec080000)
  from space 5632K, 47% used [0x00000000ec080000,0x00000000ec317470,0x00000000ec600000)
  to   space 3584K, 0% used [0x00000000ec600000,0x00000000ec600000,0x00000000ec980000)
 ParOldGen       total 132096K, used 116275K [0x00000000c0000000, 0x00000000c8100000, 0x00000000eab00000)
  object space 132096K, 88% used [0x00000000c0000000,0x00000000c718cd08,0x00000000c8100000)
 Metaspace       used 77946K, committed 79168K, reserved 1179648K
  class space    used 9178K, committed 9728K, reserved 1048576K
}
Event: 53.776 GC heap after
{Heap after GC invocations=85 (full 6):
 PSYoungGen      total 25088K, used 3567K [0x00000000eab00000, 0x00000000ecc80000, 0x0000000100000000)
  eden space 21504K, 0% used [0x00000000eab00000,0x00000000eab00000,0x00000000ec000000)
  from space 3584K, 99% used [0x00000000ec600000,0x00000000ec97bfd8,0x00000000ec980000)
  to   space 6144K, 0% used [0x00000000ec000000,0x00000000ec000000,0x00000000ec600000)
 ParOldGen       total 132096K, used 118099K [0x00000000c0000000, 0x00000000c8100000, 0x00000000eab00000)
  object space 132096K, 89% used [0x00000000c0000000,0x00000000c7354d08,0x00000000c8100000)
 Metaspace       used 77946K, committed 79168K, reserved 1179648K
  class space    used 9178K, committed 9728K, reserved 1048576K
}
Event: 53.910 GC heap before
{Heap before GC invocations=86 (full 6):
 PSYoungGen      total 25088K, used 25071K [0x00000000eab00000, 0x00000000ecc80000, 0x0000000100000000)
  eden space 21504K, 100% used [0x00000000eab00000,0x00000000ec000000,0x00000000ec000000)
  from space 3584K, 99% used [0x00000000ec600000,0x00000000ec97bfd8,0x00000000ec980000)
  to   space 6144K, 0% used [0x00000000ec000000,0x00000000ec000000,0x00000000ec600000)
 ParOldGen       total 132096K, used 118099K [0x00000000c0000000, 0x00000000c8100000, 0x00000000eab00000)
  object space 132096K, 89% used [0x00000000c0000000,0x00000000c7354d08,0x00000000c8100000)
 Metaspace       used 77946K, committed 79168K, reserved 1179648K
  class space    used 9178K, committed 9728K, reserved 1048576K
}
Event: 53.929 GC heap after
{Heap after GC invocations=86 (full 6):
 PSYoungGen      total 27648K, used 4288K [0x00000000eab00000, 0x00000000ecc00000, 0x0000000100000000)
  eden space 21504K, 0% used [0x00000000eab00000,0x00000000eab00000,0x00000000ec000000)
  from space 6144K, 69% used [0x00000000ec000000,0x00000000ec430008,0x00000000ec600000)
  to   space 5120K, 0% used [0x00000000ec700000,0x00000000ec700000,0x00000000ecc00000)
 ParOldGen       total 132096K, used 121699K [0x00000000c0000000, 0x00000000c8100000, 0x00000000eab00000)
  object space 132096K, 92% used [0x00000000c0000000,0x00000000c76d8e98,0x00000000c8100000)
 Metaspace       used 77946K, committed 79168K, reserved 1179648K
  class space    used 9178K, committed 9728K, reserved 1048576K
}
Event: 55.108 GC heap before
{Heap before GC invocations=87 (full 6):
 PSYoungGen      total 27648K, used 25792K [0x00000000eab00000, 0x00000000ecc00000, 0x0000000100000000)
  eden space 21504K, 100% used [0x00000000eab00000,0x00000000ec000000,0x00000000ec000000)
  from space 6144K, 69% used [0x00000000ec000000,0x00000000ec430008,0x00000000ec600000)
  to   space 5120K, 0% used [0x00000000ec700000,0x00000000ec700000,0x00000000ecc00000)
 ParOldGen       total 132096K, used 121699K [0x00000000c0000000, 0x00000000c8100000, 0x00000000eab00000)
  object space 132096K, 92% used [0x00000000c0000000,0x00000000c76d8e98,0x00000000c8100000)
 Metaspace       used 78051K, committed 79296K, reserved 1179648K
  class space    used 9182K, committed 9728K, reserved 1048576K
}
Event: 55.119 GC heap after
{Heap after GC invocations=87 (full 6):
 PSYoungGen      total 26624K, used 5088K [0x00000000eab00000, 0x00000000ece00000, 0x0000000100000000)
  eden space 21504K, 0% used [0x00000000eab00000,0x00000000eab00000,0x00000000ec000000)
  from space 5120K, 99% used [0x00000000ec700000,0x00000000ecbf8008,0x00000000ecc00000)
  to   space 7168K, 0% used [0x00000000ec000000,0x00000000ec000000,0x00000000ec700000)
 ParOldGen       total 132096K, used 123299K [0x00000000c0000000, 0x00000000c8100000, 0x00000000eab00000)
  object space 132096K, 93% used [0x00000000c0000000,0x00000000c7868e98,0x00000000c8100000)
 Metaspace       used 78051K, committed 79296K, reserved 1179648K
  class space    used 9182K, committed 9728K, reserved 1048576K
}
Event: 55.587 GC heap before
{Heap before GC invocations=88 (full 6):
 PSYoungGen      total 26624K, used 26592K [0x00000000eab00000, 0x00000000ece00000, 0x0000000100000000)
  eden space 21504K, 100% used [0x00000000eab00000,0x00000000ec000000,0x00000000ec000000)
  from space 5120K, 99% used [0x00000000ec700000,0x00000000ecbf8008,0x00000000ecc00000)
  to   space 7168K, 0% used [0x00000000ec000000,0x00000000ec000000,0x00000000ec700000)
 ParOldGen       total 132096K, used 123299K [0x00000000c0000000, 0x00000000c8100000, 0x00000000eab00000)
  object space 132096K, 93% used [0x00000000c0000000,0x00000000c7868e98,0x00000000c8100000)
 Metaspace       used 78837K, committed 80064K, reserved 1179648K
  class space    used 9298K, committed 9856K, reserved 1048576K
}
Event: 55.621 GC heap after
{Heap after GC invocations=88 (full 6):
 PSYoungGen      total 24064K, used 2304K [0x00000000eab00000, 0x00000000ec800000, 0x0000000100000000)
  eden space 21504K, 0% used [0x00000000eab00000,0x00000000eab00000,0x00000000ec000000)
  from space 2560K, 90% used [0x00000000ec000000,0x00000000ec240000,0x00000000ec280000)
  to   space 4096K, 0% used [0x00000000ec400000,0x00000000ec400000,0x00000000ec800000)
 ParOldGen       total 132096K, used 128427K [0x00000000c0000000, 0x00000000c8100000, 0x00000000eab00000)
  object space 132096K, 97% used [0x00000000c0000000,0x00000000c7d6aea0,0x00000000c8100000)
 Metaspace       used 78837K, committed 80064K, reserved 1179648K
  class space    used 9298K, committed 9856K, reserved 1048576K
}
Event: 55.621 GC heap before
{Heap before GC invocations=89 (full 7):
 PSYoungGen      total 24064K, used 2304K [0x00000000eab00000, 0x00000000ec800000, 0x0000000100000000)
  eden space 21504K, 0% used [0x00000000eab00000,0x00000000eab00000,0x00000000ec000000)
  from space 2560K, 90% used [0x00000000ec000000,0x00000000ec240000,0x00000000ec280000)
  to   space 4096K, 0% used [0x00000000ec400000,0x00000000ec400000,0x00000000ec800000)
 ParOldGen       total 132096K, used 128427K [0x00000000c0000000, 0x00000000c8100000, 0x00000000eab00000)
  object space 132096K, 97% used [0x00000000c0000000,0x00000000c7d6aea0,0x00000000c8100000)
 Metaspace       used 78837K, committed 80064K, reserved 1179648K
  class space    used 9298K, committed 9856K, reserved 1048576K
}
Event: 56.047 GC heap after
{Heap after GC invocations=89 (full 7):
 PSYoungGen      total 25600K, used 0K [0x00000000eab00000, 0x00000000ec800000, 0x0000000100000000)
  eden space 21504K, 0% used [0x00000000eab00000,0x00000000eab00000,0x00000000ec000000)
  from space 4096K, 0% used [0x00000000ec400000,0x00000000ec400000,0x00000000ec800000)
  to   space 4096K, 0% used [0x00000000ec000000,0x00000000ec000000,0x00000000ec400000)
 ParOldGen       total 132096K, used 127377K [0x00000000c0000000, 0x00000000c8100000, 0x00000000eab00000)
  object space 132096K, 96% used [0x00000000c0000000,0x00000000c7c64440,0x00000000c8100000)
 Metaspace       used 78837K, committed 80064K, reserved 1179648K
  class space    used 9298K, committed 9856K, reserved 1048576K
}
Event: 56.960 GC heap before
{Heap before GC invocations=90 (full 8):
 PSYoungGen      total 25600K, used 21504K [0x00000000eab00000, 0x00000000ec800000, 0x0000000100000000)
  eden space 21504K, 100% used [0x00000000eab00000,0x00000000ec000000,0x00000000ec000000)
  from space 4096K, 0% used [0x00000000ec400000,0x00000000ec400000,0x00000000ec800000)
  to   space 4096K, 0% used [0x00000000ec000000,0x00000000ec000000,0x00000000ec400000)
 ParOldGen       total 132096K, used 127377K [0x00000000c0000000, 0x00000000c8100000, 0x00000000eab00000)
  object space 132096K, 96% used [0x00000000c0000000,0x00000000c7c64440,0x00000000c8100000)
 Metaspace       used 78993K, committed 80256K, reserved 1179648K
  class space    used 9315K, committed 9920K, reserved 1048576K
}
Event: 57.296 GC heap after
{Heap after GC invocations=90 (full 8):
 PSYoungGen      total 25600K, used 0K [0x00000000eab00000, 0x00000000ec980000, 0x0000000100000000)
  eden space 21504K, 0% used [0x00000000eab00000,0x00000000eab00000,0x00000000ec000000)
  from space 4096K, 0% used [0x00000000ec000000,0x00000000ec000000,0x00000000ec400000)
  to   space 4096K, 0% used [0x00000000ec580000,0x00000000ec580000,0x00000000ec980000)
 ParOldGen       total 132096K, used 129145K [0x00000000c0000000, 0x00000000c8100000, 0x00000000eab00000)
  object space 132096K, 97% used [0x00000000c0000000,0x00000000c7e1e5c0,0x00000000c8100000)
 Metaspace       used 78993K, committed 80256K, reserved 1179648K
  class space    used 9315K, committed 9920K, reserved 1048576K
}
Event: 57.441 GC heap before
{Heap before GC invocations=91 (full 9):
 PSYoungGen      total 25600K, used 21503K [0x00000000eab00000, 0x00000000ec980000, 0x0000000100000000)
  eden space 21504K, 99% used [0x00000000eab00000,0x00000000ebffffd8,0x00000000ec000000)
  from space 4096K, 0% used [0x00000000ec000000,0x00000000ec000000,0x00000000ec400000)
  to   space 4096K, 0% used [0x00000000ec580000,0x00000000ec580000,0x00000000ec980000)
 ParOldGen       total 132096K, used 129145K [0x00000000c0000000, 0x00000000c8100000, 0x00000000eab00000)
  object space 132096K, 97% used [0x00000000c0000000,0x00000000c7e1e5c0,0x00000000c8100000)
 Metaspace       used 79185K, committed 80448K, reserved 1179648K
  class space    used 9346K, committed 9920K, reserved 1048576K
}
Event: 57.690 GC heap after
{Heap after GC invocations=91 (full 9):
 PSYoungGen      total 26112K, used 0K [0x00000000eab00000, 0x00000000ec900000, 0x0000000100000000)
  eden space 22528K, 0% used [0x00000000eab00000,0x00000000eab00000,0x00000000ec100000)
  from space 3584K, 0% used [0x00000000ec580000,0x00000000ec580000,0x00000000ec900000)
  to   space 4096K, 0% used [0x00000000ec100000,0x00000000ec100000,0x00000000ec500000)
 ParOldGen       total 132096K, used 131608K [0x00000000c0000000, 0x00000000c8100000, 0x00000000eab00000)
  object space 132096K, 99% used [0x00000000c0000000,0x00000000c8086118,0x00000000c8100000)
 Metaspace       used 79185K, committed 80448K, reserved 1179648K
  class space    used 9346K, committed 9920K, reserved 1048576K
}
Event: 58.293 GC heap before
{Heap before GC invocations=92 (full 10):
 PSYoungGen      total 26112K, used 22528K [0x00000000eab00000, 0x00000000ec900000, 0x0000000100000000)
  eden space 22528K, 100% used [0x00000000eab00000,0x00000000ec100000,0x00000000ec100000)
  from space 3584K, 0% used [0x00000000ec580000,0x00000000ec580000,0x00000000ec900000)
  to   space 4096K, 0% used [0x00000000ec100000,0x00000000ec100000,0x00000000ec500000)
 ParOldGen       total 132096K, used 131608K [0x00000000c0000000, 0x00000000c8100000, 0x00000000eab00000)
  object space 132096K, 99% used [0x00000000c0000000,0x00000000c8086118,0x00000000c8100000)
 Metaspace       used 79453K, committed 80704K, reserved 1179648K
  class space    used 9352K, committed 9920K, reserved 1048576K
}
Event: 58.626 GC heap after
{Heap after GC invocations=92 (full 10):
 PSYoungGen      total 26624K, used 2239K [0x00000000eab00000, 0x00000000eca00000, 0x0000000100000000)
  eden space 22528K, 9% used [0x00000000eab00000,0x00000000ead2fdf8,0x00000000ec100000)
  from space 4096K, 0% used [0x00000000ec100000,0x00000000ec100000,0x00000000ec500000)
  to   space 3584K, 0% used [0x00000000ec580000,0x00000000ec580000,0x00000000ec900000)
 ParOldGen       total 202240K, used 132062K [0x00000000c0000000, 0x00000000cc580000, 0x00000000eab00000)
  object space 202240K, 65% used [0x00000000c0000000,0x00000000c80f7aa8,0x00000000cc580000)
 Metaspace       used 79453K, committed 80704K, reserved 1179648K
  class space    used 9352K, committed 9920K, reserved 1048576K
}
Event: 59.661 GC heap before
{Heap before GC invocations=93 (full 10):
 PSYoungGen      total 26624K, used 22527K [0x00000000eab00000, 0x00000000eca00000, 0x0000000100000000)
  eden space 22528K, 99% used [0x00000000eab00000,0x00000000ec0ffff8,0x00000000ec100000)
  from space 4096K, 0% used [0x00000000ec100000,0x00000000ec100000,0x00000000ec500000)
  to   space 3584K, 0% used [0x00000000ec580000,0x00000000ec580000,0x00000000ec900000)
 ParOldGen       total 202240K, used 132062K [0x00000000c0000000, 0x00000000cc580000, 0x00000000eab00000)
  object space 202240K, 65% used [0x00000000c0000000,0x00000000c80f7aa8,0x00000000cc580000)
 Metaspace       used 79502K, committed 80768K, reserved 1179648K
  class space    used 9356K, committed 9920K, reserved 1048576K
}
Event: 59.758 GC heap after
{Heap after GC invocations=93 (full 10):
 PSYoungGen      total 26112K, used 3584K [0x00000000eab00000, 0x00000000eca00000, 0x0000000100000000)
  eden space 22528K, 0% used [0x00000000eab00000,0x00000000eab00000,0x00000000ec100000)
  from space 3584K, 100% used [0x00000000ec580000,0x00000000ec900000,0x00000000ec900000)
  to   space 4096K, 0% used [0x00000000ec100000,0x00000000ec100000,0x00000000ec500000)
 ParOldGen       total 202240K, used 132766K [0x00000000c0000000, 0x00000000cc580000, 0x00000000eab00000)
  object space 202240K, 65% used [0x00000000c0000000,0x00000000c81a7aa8,0x00000000cc580000)
 Metaspace       used 79502K, committed 80768K, reserved 1179648K
  class space    used 9356K, committed 9920K, reserved 1048576K
}

Dll operation events (14 events):
Event: 0.071 Loaded shared library c:\Users\Administrator\.vscode\extensions\redhat.java-1.18.0-win32-x64\jre\17.0.7-win32-x86_64\bin\java.dll
Event: 0.906 Loaded shared library c:\Users\Administrator\.vscode\extensions\redhat.java-1.18.0-win32-x64\jre\17.0.7-win32-x86_64\bin\zip.dll
Event: 0.909 Loaded shared library C:\Users\Administrator\.vscode\extensions\redhat.java-1.18.0-win32-x64\jre\17.0.7-win32-x86_64\bin\instrument.dll
Event: 0.926 Loaded shared library C:\Users\Administrator\.vscode\extensions\redhat.java-1.18.0-win32-x64\jre\17.0.7-win32-x86_64\bin\net.dll
Event: 0.927 Loaded shared library C:\Users\Administrator\.vscode\extensions\redhat.java-1.18.0-win32-x64\jre\17.0.7-win32-x86_64\bin\nio.dll
Event: 0.936 Loaded shared library C:\Users\Administrator\.vscode\extensions\redhat.java-1.18.0-win32-x64\jre\17.0.7-win32-x86_64\bin\zip.dll
Event: 0.959 Loaded shared library C:\Users\Administrator\.vscode\extensions\redhat.java-1.18.0-win32-x64\jre\17.0.7-win32-x86_64\bin\jimage.dll
Event: 1.025 Loaded shared library c:\Users\Administrator\.vscode\extensions\redhat.java-1.18.0-win32-x64\jre\17.0.7-win32-x86_64\bin\verify.dll
Event: 3.842 Loaded shared library C:\Users\Administrator\AppData\Roaming\Code\User\globalStorage\redhat.java\1.18.0\config_win\org.eclipse.equinox.launcher\org.eclipse.equinox.launcher.win32.win32.x86_64_1.2.700.v20221108-1024\eclipse_11801.dll
Event: 10.406 Loaded shared library C:\Users\Administrator\AppData\Local\Temp\2\jna-146731693\jna14013391460886679499.dll
Event: 19.917 Loaded shared library C:\Users\Administrator\.gradle\native\68d5fa5c4cc2d200863cafc0d521ce42e7d3e7ee720ec0a83991735586a16f82\windows-amd64\native-platform.dll
Event: 21.620 Loaded shared library C:\Users\Administrator\.vscode\extensions\redhat.java-1.18.0-win32-x64\jre\17.0.7-win32-x86_64\bin\management.dll
Event: 21.629 Loaded shared library C:\Users\Administrator\.vscode\extensions\redhat.java-1.18.0-win32-x64\jre\17.0.7-win32-x86_64\bin\management_ext.dll
Event: 25.154 Loaded shared library C:\Users\Administrator\.vscode\extensions\redhat.java-1.18.0-win32-x64\jre\17.0.7-win32-x86_64\bin\sunmscapi.dll

Deoptimization events (20 events):
Event: 58.783 Thread 0x0000024ab7cf66a0 Uncommon trap: trap_request=0xffffff45 fr.pc=0x0000024aa883144c relative=0x00000000000020cc
Event: 58.783 Thread 0x0000024ab7cf66a0 Uncommon trap: reason=unstable_if action=reinterpret pc=0x0000024aa883144c method=org.eclipse.jdt.internal.compiler.parser.Scanner.getNextToken0()I @ 489 c2
Event: 58.783 Thread 0x0000024ab7cf66a0 DEOPT PACKING pc=0x0000024aa883144c sp=0x0000009bc66fdf30
Event: 58.783 Thread 0x0000024ab7cf66a0 DEOPT UNPACKING pc=0x0000024aa7db669d sp=0x0000009bc66fde98 mode 2
Event: 58.784 Thread 0x0000024ab7cf66a0 Uncommon trap: trap_request=0xffffff45 fr.pc=0x0000024aa85bc6cc relative=0x00000000000009ac
Event: 58.784 Thread 0x0000024ab7cf66a0 Uncommon trap: reason=unstable_if action=reinterpret pc=0x0000024aa85bc6cc method=lombok.eclipse.EclipseNode.traverse(Llombok/eclipse/EclipseASTVisitor;)V @ 28 c2
Event: 58.784 Thread 0x0000024ab7cf66a0 DEOPT PACKING pc=0x0000024aa85bc6cc sp=0x0000009bc66fda30
Event: 58.784 Thread 0x0000024ab7cf66a0 DEOPT UNPACKING pc=0x0000024aa7db669d sp=0x0000009bc66fd9e8 mode 2
Event: 58.819 Thread 0x0000024ab7cf66a0 Uncommon trap: trap_request=0xffffff45 fr.pc=0x0000024aa84fdaf8 relative=0x00000000000076f8
Event: 58.819 Thread 0x0000024ab7cf66a0 Uncommon trap: reason=unstable_if action=reinterpret pc=0x0000024aa84fdaf8 method=org.eclipse.jdt.internal.compiler.lookup.BinaryTypeBinding.createMethod(Lorg/eclipse/jdt/internal/compiler/env/IBinaryMethod;Lorg/eclipse/jdt/internal/compiler/env/IBinaryTy
Event: 58.819 Thread 0x0000024ab7cf66a0 DEOPT PACKING pc=0x0000024aa84fdaf8 sp=0x0000009bc66fd8a0
Event: 58.819 Thread 0x0000024ab7cf66a0 DEOPT UNPACKING pc=0x0000024aa7db669d sp=0x0000009bc66fd860 mode 2
Event: 59.265 Thread 0x0000024abbe3d550 Uncommon trap: trap_request=0xffffffde fr.pc=0x0000024aa887e1b8 relative=0x0000000000000798
Event: 59.265 Thread 0x0000024abbe3d550 Uncommon trap: reason=class_check action=maybe_recompile pc=0x0000024aa887e1b8 method=org.eclipse.jdt.internal.compiler.lookup.ReferenceBinding.storeAnnotationHolder(Lorg/eclipse/jdt/internal/compiler/lookup/Binding;Lorg/eclipse/jdt/internal/compiler/look
Event: 59.265 Thread 0x0000024abbe3d550 DEOPT PACKING pc=0x0000024aa887e1b8 sp=0x0000009bc8dfedc0
Event: 59.265 Thread 0x0000024abbe3d550 DEOPT UNPACKING pc=0x0000024aa7db669d sp=0x0000009bc8dfed78 mode 2
Event: 59.268 Thread 0x0000024abbe3d550 Uncommon trap: trap_request=0xffffff45 fr.pc=0x0000024aa8883e7c relative=0x00000000000037bc
Event: 59.268 Thread 0x0000024abbe3d550 Uncommon trap: reason=unstable_if action=reinterpret pc=0x0000024aa8883e7c method=org.eclipse.jdt.internal.compiler.lookup.BinaryTypeBinding$ExternalAnnotationStatus.isPotentiallyUnannotatedLib()Z @ 8 c2
Event: 59.268 Thread 0x0000024abbe3d550 DEOPT PACKING pc=0x0000024aa8883e7c sp=0x0000009bc8dfe580
Event: 59.268 Thread 0x0000024abbe3d550 DEOPT UNPACKING pc=0x0000024aa7db669d sp=0x0000009bc8dfe4e8 mode 2

Classes unloaded (7 events):
Event: 6.988 Thread 0x0000024ab19682c0 Unloading class 0x000000010021a400 'java/lang/invoke/LambdaForm$MH+0x000000010021a400'
Event: 6.988 Thread 0x0000024ab19682c0 Unloading class 0x000000010021a000 'java/lang/invoke/LambdaForm$MH+0x000000010021a000'
Event: 6.988 Thread 0x0000024ab19682c0 Unloading class 0x0000000100219c00 'java/lang/invoke/LambdaForm$MH+0x0000000100219c00'
Event: 6.988 Thread 0x0000024ab19682c0 Unloading class 0x0000000100219800 'java/lang/invoke/LambdaForm$MH+0x0000000100219800'
Event: 6.988 Thread 0x0000024ab19682c0 Unloading class 0x0000000100219000 'java/lang/invoke/LambdaForm$BMH+0x0000000100219000'
Event: 6.988 Thread 0x0000024ab19682c0 Unloading class 0x0000000100218c00 'java/lang/invoke/LambdaForm$DMH+0x0000000100218c00'
Event: 6.988 Thread 0x0000024ab19682c0 Unloading class 0x0000000100216000 'java/lang/invoke/LambdaForm$DMH+0x0000000100216000'

Classes redefined (0 events):
No events

Internal exceptions (20 events):
Event: 57.424 Thread 0x0000024ab7cf66a0 Exception <a 'sun/nio/fs/WindowsException'{0x00000000ebf7a9c8}> (0x00000000ebf7a9c8) 
thrown [s\src\hotspot\share\prims\jni.cpp, line 516]
Event: 57.430 Thread 0x0000024ab7cf66a0 Exception <a 'sun/nio/fs/WindowsException'{0x00000000ebf9a268}> (0x00000000ebf9a268) 
thrown [s\src\hotspot\share\prims\jni.cpp, line 516]
Event: 58.112 Thread 0x0000024ab7cf66a0 Exception <a 'sun/nio/fs/WindowsException'{0x00000000eab3bb80}> (0x00000000eab3bb80) 
thrown [s\src\hotspot\share\prims\jni.cpp, line 516]
Event: 58.634 Thread 0x0000024ab7cf66a0 Exception <a 'sun/nio/fs/WindowsException'{0x00000000ead472f0}> (0x00000000ead472f0) 
thrown [s\src\hotspot\share\prims\jni.cpp, line 516]
Event: 58.638 Thread 0x0000024ab7cf66a0 Exception <a 'sun/nio/fs/WindowsException'{0x00000000ead63f38}> (0x00000000ead63f38) 
thrown [s\src\hotspot\share\prims\jni.cpp, line 516]
Event: 58.648 Thread 0x0000024ab7cf66a0 Exception <a 'sun/nio/fs/WindowsException'{0x00000000ead7c928}> (0x00000000ead7c928) 
thrown [s\src\hotspot\share\prims\jni.cpp, line 516]
Event: 58.651 Thread 0x0000024ab7cf66a0 Exception <a 'sun/nio/fs/WindowsException'{0x00000000ead94548}> (0x00000000ead94548) 
thrown [s\src\hotspot\share\prims\jni.cpp, line 516]
Event: 58.654 Thread 0x0000024ab7cf66a0 Exception <a 'sun/nio/fs/WindowsException'{0x00000000eadad060}> (0x00000000eadad060) 
thrown [s\src\hotspot\share\prims\jni.cpp, line 516]
Event: 58.686 Thread 0x0000024ab7cf66a0 Exception <a 'sun/nio/fs/WindowsException'{0x00000000eadcf8f0}> (0x00000000eadcf8f0) 
thrown [s\src\hotspot\share\prims\jni.cpp, line 516]
Event: 58.689 Thread 0x0000024ab7cf66a0 Exception <a 'sun/nio/fs/WindowsException'{0x00000000eade7d78}> (0x00000000eade7d78) 
thrown [s\src\hotspot\share\prims\jni.cpp, line 516]
Event: 58.693 Thread 0x0000024ab7cf66a0 Exception <a 'sun/nio/fs/WindowsException'{0x00000000eae001b8}> (0x00000000eae001b8) 
thrown [s\src\hotspot\share\prims\jni.cpp, line 516]
Event: 58.700 Thread 0x0000024ab7cf66a0 Exception <a 'sun/nio/fs/WindowsException'{0x00000000eae18610}> (0x00000000eae18610) 
thrown [s\src\hotspot\share\prims\jni.cpp, line 516]
Event: 58.706 Thread 0x0000024ab7cf66a0 Exception <a 'sun/nio/fs/WindowsException'{0x00000000eae30b10}> (0x00000000eae30b10) 
thrown [s\src\hotspot\share\prims\jni.cpp, line 516]
Event: 58.710 Thread 0x0000024ab7cf66a0 Exception <a 'sun/nio/fs/WindowsException'{0x00000000eae4ae70}> (0x00000000eae4ae70) 
thrown [s\src\hotspot\share\prims\jni.cpp, line 516]
Event: 58.720 Thread 0x0000024ab7cf66a0 Exception <a 'sun/nio/fs/WindowsException'{0x00000000eae69fe0}> (0x00000000eae69fe0) 
thrown [s\src\hotspot\share\prims\jni.cpp, line 516]
Event: 58.747 Thread 0x0000024ab7cf66a0 Exception <a 'sun/nio/fs/WindowsException'{0x00000000eae87100}> (0x00000000eae87100) 
thrown [s\src\hotspot\share\prims\jni.cpp, line 516]
Event: 58.768 Thread 0x0000024ab7cf66a0 Exception <a 'sun/nio/fs/WindowsException'{0x00000000eae95cd8}> (0x00000000eae95cd8) 
thrown [s\src\hotspot\share\prims\jni.cpp, line 516]
Event: 58.769 Thread 0x0000024ab7cf66a0 Exception <a 'sun/nio/fs/WindowsException'{0x00000000eae9a4b8}> (0x00000000eae9a4b8) 
thrown [s\src\hotspot\share\prims\jni.cpp, line 516]
Event: 59.479 Thread 0x0000024ab7cf66a0 Exception <a 'sun/nio/fs/WindowsException'{0x00000000ebf5a818}> (0x00000000ebf5a818) 
thrown [s\src\hotspot\share\prims\jni.cpp, line 516]
Event: 60.019 Thread 0x0000024ab7cf66a0 Exception <a 'java/lang/NoSuchMethodError'{0x00000000eab62480}: 'java.lang.Object java.lang.invoke.DirectMethodHandle$Holder.newInvokeSpecial(java.lang.Object, java.lang.Object, java.lang.Object, java.lang.Object, java.lang.Object, java.lang.Object)'> (0x00000000eab62480) 
thrown [s\src\hotspot\share\interpreter\linkResolver.cpp, line 759]

VM Operations (20 events):
Event: 53.764 Executing VM operation: ParallelGCFailedAllocation
Event: 53.776 Executing VM operation: ParallelGCFailedAllocation done
Event: 53.907 Executing VM operation: ParallelGCFailedAllocation
Event: 55.011 Executing VM operation: ParallelGCFailedAllocation done
Event: 55.104 Executing VM operation: ParallelGCFailedAllocation
Event: 55.154 Executing VM operation: ParallelGCFailedAllocation done
Event: 55.217 Executing VM operation: HandshakeAllThreads
Event: 55.218 Executing VM operation: HandshakeAllThreads done
Event: 55.524 Executing VM operation: ParallelGCFailedAllocation
Event: 56.133 Executing VM operation: ParallelGCFailedAllocation done
Event: 56.947 Executing VM operation: ParallelGCFailedAllocation
Event: 57.312 Executing VM operation: ParallelGCFailedAllocation done
Event: 57.440 Executing VM operation: ParallelGCFailedAllocation
Event: 57.696 Executing VM operation: ParallelGCFailedAllocation done
Event: 58.292 Executing VM operation: ParallelGCFailedAllocation
Event: 58.656 Executing VM operation: ParallelGCFailedAllocation done
Event: 59.657 Executing VM operation: Cleanup
Event: 59.660 Executing VM operation: Cleanup done
Event: 59.661 Executing VM operation: ParallelGCFailedAllocation
Event: 59.967 Executing VM operation: ParallelGCFailedAllocation done

Events (20 events):
Event: 47.576 loading class java/util/AbstractMap$2
Event: 47.576 loading class java/util/AbstractMap$2 done
Event: 47.577 loading class java/util/AbstractMap$2$1
Event: 47.577 loading class java/util/AbstractMap$2$1 done
Event: 47.577 loading class java/util/TreeMap$AscendingSubMap$AscendingEntrySetView
Event: 47.578 loading class java/util/TreeMap$NavigableSubMap$EntrySetView
Event: 47.578 loading class java/util/TreeMap$NavigableSubMap$EntrySetView done
Event: 47.578 loading class java/util/TreeMap$AscendingSubMap$AscendingEntrySetView done
Event: 47.578 loading class java/util/TreeMap$NavigableSubMap$SubMapEntryIterator
Event: 47.578 loading class java/util/TreeMap$NavigableSubMap$SubMapIterator
Event: 47.578 loading class java/util/TreeMap$NavigableSubMap$SubMapIterator done
Event: 47.578 loading class java/util/TreeMap$NavigableSubMap$SubMapEntryIterator done
Event: 50.149 Thread 0x0000024ab7cf6b70 Thread exited: 0x0000024ab7cf6b70
Event: 50.686 Thread 0x0000024abbe3aed0 Thread exited: 0x0000024abbe3aed0
Event: 51.962 Thread 0x0000024ab1a0b770 flushing nmethod 0x0000024aa864ac90
Event: 52.527 Thread 0x0000024abbe400a0 Thread added: 0x0000024abbe400a0
Event: 58.101 Thread 0x0000024abbe400a0 Thread exited: 0x0000024abbe400a0
Event: 58.109 Thread 0x0000024abbe3a060 Thread exited: 0x0000024abbe3a060
Event: 59.074 Thread 0x0000024abbe3d550 Thread added: 0x0000024abbe3d550
Event: 59.302 Thread 0x0000024abbe3d550 Thread exited: 0x0000024abbe3d550


Dynamic libraries:
0x00007ff629d50000 - 0x00007ff629d5e000 	c:\Users\Administrator\.vscode\extensions\redhat.java-1.18.0-win32-x64\jre\17.0.7-win32-x86_64\bin\java.exe
0x00007ffe52820000 - 0x00007ffe529f0000 	C:\Windows\SYSTEM32\ntdll.dll
0x00007ffe52770000 - 0x00007ffe5281c000 	C:\Windows\System32\KERNEL32.DLL
0x00007ffe4f020000 - 0x00007ffe4f23d000 	C:\Windows\System32\KERNELBASE.dll
0x00007ffe4ed10000 - 0x00007ffe4ee05000 	C:\Windows\System32\ucrtbase.dll
0x00007ffe3c630000 - 0x00007ffe3c647000 	c:\Users\Administrator\.vscode\extensions\redhat.java-1.18.0-win32-x64\jre\17.0.7-win32-x86_64\bin\jli.dll
0x00007ffe50430000 - 0x00007ffe50595000 	C:\Windows\System32\USER32.dll
0x00007ffe4f6b0000 - 0x00007ffe4f6ce000 	C:\Windows\System32\win32u.dll
0x00007ffe50c10000 - 0x00007ffe50c44000 	C:\Windows\System32\GDI32.dll
0x00007ffe4f470000 - 0x00007ffe4f5f1000 	C:\Windows\System32\gdi32full.dll
0x00007ffe3c2a0000 - 0x00007ffe3c2b9000 	c:\Users\Administrator\.vscode\extensions\redhat.java-1.18.0-win32-x64\jre\17.0.7-win32-x86_64\bin\VCRUNTIME140.dll
0x00007ffe43290000 - 0x00007ffe4350a000 	C:\Windows\WinSxS\amd64_microsoft.windows.common-controls_6595b64144ccf1df_6.0.14393.2273_none_7de240fc83403786\COMCTL32.dll
0x00007ffe50a10000 - 0x00007ffe50aae000 	C:\Windows\System32\msvcrt.dll
0x00007ffe50db0000 - 0x00007ffe51078000 	C:\Windows\System32\combase.dll
0x00007ffe50610000 - 0x00007ffe50731000 	C:\Windows\System32\RPCRT4.dll
0x00007ffe4efb0000 - 0x00007ffe4f01a000 	C:\Windows\System32\bcryptPrimitives.dll
0x00007ffe507b0000 - 0x00007ffe507de000 	C:\Windows\System32\IMM32.DLL
0x00007ffe40400000 - 0x00007ffe4040c000 	c:\Users\Administrator\.vscode\extensions\redhat.java-1.18.0-win32-x64\jre\17.0.7-win32-x86_64\bin\vcruntime140_1.dll
0x00007ffe39f10000 - 0x00007ffe39fa1000 	c:\Users\Administrator\.vscode\extensions\redhat.java-1.18.0-win32-x64\jre\17.0.7-win32-x86_64\bin\msvcp140.dll
0x00007ffe24850000 - 0x00007ffe25498000 	c:\Users\Administrator\.vscode\extensions\redhat.java-1.18.0-win32-x64\jre\17.0.7-win32-x86_64\bin\server\jvm.dll
0x00007ffe51090000 - 0x00007ffe51132000 	C:\Windows\System32\ADVAPI32.dll
0x00007ffe51140000 - 0x00007ffe51199000 	C:\Windows\System32\sechost.dll
0x00007ffe3e2e0000 - 0x00007ffe3e2e9000 	C:\Windows\SYSTEM32\WSOCK32.dll
0x00007ffe50740000 - 0x00007ffe507aa000 	C:\Windows\System32\WS2_32.dll
0x00007ffe4d200000 - 0x00007ffe4d223000 	C:\Windows\SYSTEM32\WINMM.dll
0x00007ffe46fa0000 - 0x00007ffe46faa000 	C:\Windows\SYSTEM32\VERSION.dll
0x00007ffe4d1a0000 - 0x00007ffe4d1cb000 	C:\Windows\SYSTEM32\WINMMBASE.dll
0x00007ffe4eeb0000 - 0x00007ffe4eef2000 	C:\Windows\System32\cfgmgr32.dll
0x00007ffe4ec90000 - 0x00007ffe4ec9f000 	C:\Windows\System32\kernel.appcore.dll
0x00007ffe3fd40000 - 0x00007ffe3fd4a000 	c:\Users\Administrator\.vscode\extensions\redhat.java-1.18.0-win32-x64\jre\17.0.7-win32-x86_64\bin\jimage.dll
0x00007ffe45210000 - 0x00007ffe453a2000 	C:\Windows\SYSTEM32\DBGHELP.DLL
0x00007ffe45060000 - 0x00007ffe45089000 	C:\Windows\SYSTEM32\dbgcore.DLL
0x00007ffe3ea60000 - 0x00007ffe3ea6e000 	c:\Users\Administrator\.vscode\extensions\redhat.java-1.18.0-win32-x64\jre\17.0.7-win32-x86_64\bin\instrument.dll
0x00007ffe3b4f0000 - 0x00007ffe3b515000 	c:\Users\Administrator\.vscode\extensions\redhat.java-1.18.0-win32-x64\jre\17.0.7-win32-x86_64\bin\java.dll
0x00007ffe3c260000 - 0x00007ffe3c278000 	c:\Users\Administrator\.vscode\extensions\redhat.java-1.18.0-win32-x64\jre\17.0.7-win32-x86_64\bin\zip.dll
0x00007ffe51260000 - 0x00007ffe52765000 	C:\Windows\System32\SHELL32.dll
0x00007ffe4f6d0000 - 0x00007ffe4fda9000 	C:\Windows\System32\windows.storage.dll
0x00007ffe4ecc0000 - 0x00007ffe4ed0c000 	C:\Windows\System32\powrprof.dll
0x00007ffe507e0000 - 0x00007ffe50832000 	C:\Windows\System32\shlwapi.dll
0x00007ffe4ef00000 - 0x00007ffe4efa9000 	C:\Windows\System32\shcore.dll
0x00007ffe4eca0000 - 0x00007ffe4ecb4000 	C:\Windows\System32\profapi.dll
0x00007ffe3b930000 - 0x00007ffe3b949000 	C:\Users\Administrator\.vscode\extensions\redhat.java-1.18.0-win32-x64\jre\17.0.7-win32-x86_64\bin\net.dll
0x00007ffe4a4d0000 - 0x00007ffe4a59c000 	C:\Windows\SYSTEM32\WINHTTP.dll
0x00007ffe4e550000 - 0x00007ffe4e5ac000 	C:\Windows\system32\mswsock.dll
0x00007ffe3b7e0000 - 0x00007ffe3b7f5000 	C:\Users\Administrator\.vscode\extensions\redhat.java-1.18.0-win32-x64\jre\17.0.7-win32-x86_64\bin\nio.dll
0x00007ffe3e780000 - 0x00007ffe3e790000 	c:\Users\Administrator\.vscode\extensions\redhat.java-1.18.0-win32-x64\jre\17.0.7-win32-x86_64\bin\verify.dll
0x00007ffe36d40000 - 0x00007ffe36d7e000 	C:\Users\Administrator\AppData\Roaming\Code\User\globalStorage\redhat.java\1.18.0\config_win\org.eclipse.equinox.launcher\org.eclipse.equinox.launcher.win32.win32.x86_64_1.2.700.v20221108-1024\eclipse_11801.dll
0x00007ffe4fdc0000 - 0x00007ffe4fef8000 	C:\Windows\System32\ole32.dll
0x00007ffe4e6f0000 - 0x00007ffe4e707000 	C:\Windows\SYSTEM32\CRYPTSP.dll
0x00007ffe4e150000 - 0x00007ffe4e183000 	C:\Windows\system32\rsaenh.dll
0x00007ffe4ebc0000 - 0x00007ffe4ebeb000 	C:\Windows\SYSTEM32\bcrypt.dll
0x00007ffe4e3d0000 - 0x00007ffe4e3ef000 	C:\Windows\SYSTEM32\USERENV.dll
0x00007ffe4e710000 - 0x00007ffe4e71b000 	C:\Windows\SYSTEM32\CRYPTBASE.dll
0x00007ffe4e2d0000 - 0x00007ffe4e308000 	C:\Windows\SYSTEM32\IPHLPAPI.DLL
0x00007ffe4fdb0000 - 0x00007ffe4fdb8000 	C:\Windows\System32\NSI.dll
0x00007ffe49170000 - 0x00007ffe49186000 	C:\Windows\SYSTEM32\dhcpcsvc6.DLL
0x00007ffe48dd0000 - 0x00007ffe48dea000 	C:\Windows\SYSTEM32\dhcpcsvc.DLL
0x00007ffe27dd0000 - 0x00007ffe27e15000 	C:\Users\Administrator\AppData\Local\Temp\2\jna-146731693\jna14013391460886679499.dll
0x00007ffe50840000 - 0x00007ffe50848000 	C:\Windows\System32\PSAPI.DLL
0x00007ffe47cd0000 - 0x00007ffe47ce5000 	C:\Windows\SYSTEM32\ondemandconnroutehelper.dll
0x00007ffe27da0000 - 0x00007ffe27dc7000 	C:\Users\Administrator\.gradle\native\68d5fa5c4cc2d200863cafc0d521ce42e7d3e7ee720ec0a83991735586a16f82\windows-amd64\native-platform.dll
0x00007ffe3c5b0000 - 0x00007ffe3c5b9000 	C:\Users\Administrator\.vscode\extensions\redhat.java-1.18.0-win32-x64\jre\17.0.7-win32-x86_64\bin\management.dll
0x00007ffe3bac0000 - 0x00007ffe3bacb000 	C:\Users\Administrator\.vscode\extensions\redhat.java-1.18.0-win32-x64\jre\17.0.7-win32-x86_64\bin\management_ext.dll
0x00007ffe48420000 - 0x00007ffe4842e000 	C:\Users\Administrator\.vscode\extensions\redhat.java-1.18.0-win32-x64\jre\17.0.7-win32-x86_64\bin\sunmscapi.dll
0x00007ffe4f240000 - 0x00007ffe4f409000 	C:\Windows\System32\CRYPT32.dll
0x00007ffe4ec80000 - 0x00007ffe4ec90000 	C:\Windows\System32\MSASN1.dll
0x00007ffe4e7d0000 - 0x00007ffe4e7f6000 	C:\Windows\SYSTEM32\ncrypt.dll
0x00007ffe4e790000 - 0x00007ffe4e7cb000 	C:\Windows\SYSTEM32\NTASN1.dll

dbghelp: loaded successfully - version: 4.0.5 - missing functions: none
symbol engine: initialized successfully - sym options: 0x614 - pdb path: .;c:\Users\Administrator\.vscode\extensions\redhat.java-1.18.0-win32-x64\jre\17.0.7-win32-x86_64\bin;C:\Windows\SYSTEM32;C:\Windows\WinSxS\amd64_microsoft.windows.common-controls_6595b64144ccf1df_6.0.14393.2273_none_7de240fc83403786;c:\Users\Administrator\.vscode\extensions\redhat.java-1.18.0-win32-x64\jre\17.0.7-win32-x86_64\bin\server;C:\Users\Administrator\AppData\Roaming\Code\User\globalStorage\redhat.java\1.18.0\config_win\org.eclipse.equinox.launcher\org.eclipse.equinox.launcher.win32.win32.x86_64_1.2.700.v20221108-1024;C:\Users\Administrator\AppData\Local\Temp\2\jna-146731693;C:\Users\Administrator\.gradle\native\68d5fa5c4cc2d200863cafc0d521ce42e7d3e7ee720ec0a83991735586a16f82\windows-amd64

VM Arguments:
jvm_args: --add-modules=ALL-SYSTEM --add-opens=java.base/java.util=ALL-UNNAMED --add-opens=java.base/java.lang=ALL-UNNAMED --add-opens=java.base/sun.nio.fs=ALL-UNNAMED -Declipse.application=org.eclipse.jdt.ls.core.id1 -Dosgi.bundles.defaultStartLevel=4 -Declipse.product=org.eclipse.jdt.ls.core.product -Djava.import.generatesMetadataFilesAtProjectRoot=false -Dfile.encoding=utf8 -XX:+UseParallelGC -XX:GCTimeRatio=4 -XX:AdaptiveSizePolicyWeight=90 -Dsun.zip.disableMemoryMapping=true -Xmx1G -Xms100m -Xlog:disable -javaagent:c:\Users\Administrator\.vscode\extensions\redhat.java-1.18.0-win32-x64\lombok\lombok-1.18.27.jar -XX:+HeapDumpOnOutOfMemoryError -XX:HeapDumpPath=c:\Users\Administrator\AppData\Roaming\Code\User\workspaceStorage\780d521fef09cf6154d922225696aa9e\redhat.java -Daether.dependencyCollector.impl=bf 
java_command: c:\Users\Administrator\.vscode\extensions\redhat.java-1.18.0-win32-x64\server\plugins\org.eclipse.equinox.launcher_1.6.400.v20210924-0641.jar -configuration c:\Users\Administrator\AppData\Roaming\Code\User\globalStorage\redhat.java\1.18.0\config_win -data c:\Users\Administrator\AppData\Roaming\Code\User\workspaceStorage\780d521fef09cf6154d922225696aa9e\redhat.java\jdt_ws
java_class_path (initial): c:\Users\Administrator\.vscode\extensions\redhat.java-1.18.0-win32-x64\server\plugins\org.eclipse.equinox.launcher_1.6.400.v20210924-0641.jar
Launcher Type: SUN_STANDARD

[Global flags]
    uintx AdaptiveSizePolicyWeight                 = 90                                        {product} {command line}
     intx CICompilerCount                          = 2                                         {product} {ergonomic}
    uintx GCTimeRatio                              = 4                                         {product} {command line}
     bool HeapDumpOnOutOfMemoryError               = true                                   {manageable} {command line}
    ccstr HeapDumpPath                             = c:\Users\Administrator\AppData\Roaming\Code\User\workspaceStorage\780d521fef09cf6154d922225696aa9e\redhat.java         {manageable} {command line}
   size_t InitialHeapSize                          = 104857600                                 {product} {command line}
   size_t MaxHeapSize                              = 1073741824                                {product} {command line}
   size_t MaxNewSize                               = 357564416                                 {product} {ergonomic}
   size_t MinHeapDeltaBytes                        = 524288                                    {product} {ergonomic}
   size_t MinHeapSize                              = 104857600                                 {product} {command line}
   size_t NewSize                                  = 34603008                                  {product} {ergonomic}
    uintx NonNMethodCodeHeapSize                   = 5826188                                {pd product} {ergonomic}
    uintx NonProfiledCodeHeapSize                  = 122916026                              {pd product} {ergonomic}
   size_t OldSize                                  = 70254592                                  {product} {ergonomic}
    uintx ProfiledCodeHeapSize                     = 122916026                              {pd product} {ergonomic}
    uintx ReservedCodeCacheSize                    = 251658240                              {pd product} {ergonomic}
     bool SegmentedCodeCache                       = true                                      {product} {ergonomic}
   size_t SoftMaxHeapSize                          = 1073741824                             {manageable} {ergonomic}
     bool UseCompressedClassPointers               = true                           {product lp64_product} {ergonomic}
     bool UseCompressedOops                        = true                           {product lp64_product} {ergonomic}
     bool UseLargePagesIndividualAllocation        = false                                  {pd product} {ergonomic}
     bool UseParallelGC                            = true                                      {product} {command line}

Logging:
Log output configuration:
 #0: stdout all=off uptime,level,tags
 #1: stderr all=off uptime,level,tags

Environment Variables:
PATH=C:\Program Files (x86)\Common Files\Oracle\Java\javapath;C:\Windows\system32;C:\Windows;C:\Windows\System32\Wbem;C:\Windows\System32\WindowsPowerShell\v1.0\;C:\Users\Administrator\AppData\Local\Programs\Python\Python39\Scripts\;C:\Users\Administrator\AppData\Local\Programs\Python\Python39\;C:\Users\Administrator\AppData\Local\Microsoft\WindowsApps;;C:\Users\Administrator\AppData\Local\Programs\Microsoft VS Code\bin
USERNAME=Administrator
OS=Windows_NT
PROCESSOR_IDENTIFIER=Intel64 Family 6 Model 6 Stepping 3, GenuineIntel
TMP=C:\Users\ADMINI~1\AppData\Local\Temp\2
TEMP=C:\Users\ADMINI~1\AppData\Local\Temp\2



---------------  S Y S T E M  ---------------

OS:
 Windows Server 2016 , 64 bit Build 14393 (10.0.14393.2214)
OS uptime: 10 days 11:15 hours
KVM virtualization detected

CPU: total 2 (initial active 2) (2 cores per cpu, 1 threads per core) family 6 model 6 stepping 3 microcode 0x1, cx8, cmov, fxsr, mmx, sse, sse2, sse3, tsc, clflush, hv

Memory: 4k page, system-wide physical 2047M (72M free)
TotalPageFile size 5824M (AvailPageFile size 0M)
current process WorkingSet (physical memory assigned to process): 339M, peak: 341M
current process commit charge ("private bytes"): 473M, peak: 953M

vm_info: OpenJDK 64-Bit Server VM (17.0.7+7) for windows-amd64 JRE (17.0.7+7), built on Apr 18 2023 22:10:42 by "temurin" with MS VC++ 16.7 (VS2019)

END.
