#
# There is insufficient memory for the Java Runtime Environment to continue.
# Native memory allocation (malloc) failed to allocate 1780784 bytes for Chunk::new
# Possible reasons:
#   The system is out of physical RAM or swap space
#   The process is running with CompressedOops enabled, and the Java Heap may be blocking the growth of the native heap
# Possible solutions:
#   Reduce memory load on the system
#   Increase physical memory or swap space
#   Check if swap backing store is full
#   Decrease Java heap size (-Xmx/-Xms)
#   Decrease number of Java threads
#   Decrease Java thread stack sizes (-Xss)
#   Set larger code cache with -XX:ReservedCodeCacheSize=
#   JVM is running with Unscaled Compressed Oops mode in which the Java heap is
#     placed in the first 4GB address space. The Java Heap base address is the
#     maximum limit for the native heap growth. Please use -XX:HeapBaseMinAddress
#     to set the Java Heap base and to place the Java Heap above 4GB virtual address.
# This output file may be truncated or incomplete.
#
#  Out of Memory Error (arena.cpp:189), pid=3328, tid=3660
#
# JRE version: OpenJDK Runtime Environment Temurin-17.0.7+7 (17.0.7+7) (build 17.0.7+7)
# Java VM: OpenJDK 64-Bit Server VM Temurin-17.0.7+7 (17.0.7+7, mixed mode, tiered, compressed oops, compressed class ptrs, parallel gc, windows-amd64)
# Core dump will be written. Default location: c:\Users\Administrator\Desktop\vkbot\hs_err_pid3328.mdmp
#

---------------  S U M M A R Y ------------

Command Line: --add-modules=ALL-SYSTEM --add-opens=java.base/java.util=ALL-UNNAMED --add-opens=java.base/java.lang=ALL-UNNAMED --add-opens=java.base/sun.nio.fs=ALL-UNNAMED -Declipse.application=org.eclipse.jdt.ls.core.id1 -Dosgi.bundles.defaultStartLevel=4 -Declipse.product=org.eclipse.jdt.ls.core.product -Djava.import.generatesMetadataFilesAtProjectRoot=false -Dfile.encoding=utf8 -XX:+UseParallelGC -XX:GCTimeRatio=4 -XX:AdaptiveSizePolicyWeight=90 -Dsun.zip.disableMemoryMapping=true -Xmx1G -Xms100m -Xlog:disable -javaagent:c:\Users\Administrator\.vscode\extensions\redhat.java-1.18.0-win32-x64\lombok\lombok-1.18.27.jar -XX:+HeapDumpOnOutOfMemoryError -XX:HeapDumpPath=c:\Users\Administrator\AppData\Roaming\Code\User\workspaceStorage\780d521fef09cf6154d922225696aa9e\redhat.java -Daether.dependencyCollector.impl=bf c:\Users\Administrator\.vscode\extensions\redhat.java-1.18.0-win32-x64\server\plugins\org.eclipse.equinox.launcher_1.6.400.v20210924-0641.jar -configuration c:\Users\Administrator\AppData\Roaming\Code\User\globalStorage\redhat.java\1.18.0\config_win -data c:\Users\Administrator\AppData\Roaming\Code\User\workspaceStorage\780d521fef09cf6154d922225696aa9e\redhat.java\jdt_ws

Host: QEMU Virtual CPU version 2.5+, 2 cores, 1G,  Windows Server 2016 , 64 bit Build 14393 (10.0.14393.2214)
Time: Sat May 27 03:54:51 2023 Pacific Daylight Time elapsed time: 36.030703 seconds (0d 0h 0m 36s)

---------------  T H R E A D  ---------------

Current thread (0x0000023d2d8e78e0):  JavaThread "C2 CompilerThread0" daemon [_thread_in_native, id=3660, stack(0x000000764a100000,0x000000764a200000)]


Current CompileTask:
C2:  36030 6871       4       org.eclipse.jdt.internal.core.search.indexing.BinaryIndexer::extractReferenceFromConstantPool (341 bytes)

Stack: [0x000000764a100000,0x000000764a200000]
Native frames: (J=compiled Java code, j=interpreted, Vv=VM code, C=native code)
V  [jvm.dll+0x67754a]
V  [jvm.dll+0x834304]
V  [jvm.dll+0x835aae]
V  [jvm.dll+0x836113]
V  [jvm.dll+0x24696f]
V  [jvm.dll+0xac0ac]
V  [jvm.dll+0xac67c]
V  [jvm.dll+0x364e37]
V  [jvm.dll+0x1bcc02]
V  [jvm.dll+0x219799]
V  [jvm.dll+0x218a61]
V  [jvm.dll+0x1a4d8d]
V  [jvm.dll+0x2284da]
V  [jvm.dll+0x226615]
V  [jvm.dll+0x7ea90b]
V  [jvm.dll+0x7e4e7a]
V  [jvm.dll+0x676395]
C  [ucrtbase.dll+0x1cd70]
C  [KERNEL32.DLL+0x8364]
C  [ntdll.dll+0x6e851]


---------------  P R O C E S S  ---------------

Threads class SMR info:
_java_thread_list=0x0000023d34bfdda0, length=40, elements={
0x0000023d19ad6330, 0x0000023d2d89e7c0, 0x0000023d2d89f540, 0x0000023d2d8d9010,
0x0000023d2d8d9b30, 0x0000023d2d8dd060, 0x0000023d2d8dfd30, 0x0000023d2d8e78e0,
0x0000023d2d8e81e0, 0x0000023d2d8ec220, 0x0000023d2d7e12f0, 0x0000023d326e2b90,
0x0000023d32a82cf0, 0x0000023d3281ea20, 0x0000023d32c6b950, 0x0000023d32ed4ec0,
0x0000023d32b2ba00, 0x0000023d32b2a6c0, 0x0000023d32b29380, 0x0000023d32b29850,
0x0000023d32b289e0, 0x0000023d32b28eb0, 0x0000023d32b29d20, 0x0000023d32b2ab90,
0x0000023d32b2b060, 0x0000023d32b02310, 0x0000023d32b027e0, 0x0000023d32b01970,
0x0000023d32aff2f0, 0x0000023d32b00b00, 0x0000023d32b014a0, 0x0000023d32aff7c0,
0x0000023d32affc90, 0x0000023d32b00160, 0x0000023d33e7ec10, 0x0000023d33e81290,
0x0000023d33e81760, 0x0000023d33e7f0e0, 0x0000023d33e81c30, 0x0000023d33e7c0c0
}
_to_delete_list=0x0000023d379d9ef0, length=41, elements={
0x0000023d19ad6330, 0x0000023d2d89e7c0, 0x0000023d2d89f540, 0x0000023d2d8d9010,
0x0000023d2d8d9b30, 0x0000023d2d8dd060, 0x0000023d2d8dfd30, 0x0000023d2d8e78e0,
0x0000023d2d8e81e0, 0x0000023d2d8ec220, 0x0000023d2d7e12f0, 0x0000023d326e2b90,
0x0000023d32a82cf0, 0x0000023d3281ea20, 0x0000023d32c6b950, 0x0000023d32ed4ec0,
0x0000023d32b2ba00, 0x0000023d32b2a6c0, 0x0000023d32b29380, 0x0000023d32b29850,
0x0000023d32b289e0, 0x0000023d32b28eb0, 0x0000023d32b29d20, 0x0000023d32b2ab90,
0x0000023d32b2b060, 0x0000023d32b02310, 0x0000023d32b027e0, 0x0000023d32b01970,
0x0000023d32aff2f0, 0x0000023d32b00b00, 0x0000023d32b014a0, 0x0000023d32aff7c0,
0x0000023d32affc90, 0x0000023d32b00160, 0x0000023d33e7ec10, 0x0000023d33e81290,
0x0000023d33e81760, 0x0000023d33e7f0e0, 0x0000023d33e808f0, 0x0000023d33e81c30,
0x0000023d33e7c0c0
}

Java Threads: ( => current thread )
  0x0000023d19ad6330 JavaThread "main" [_thread_blocked, id=5008, stack(0x0000007649800000,0x0000007649900000)]
  0x0000023d2d89e7c0 JavaThread "Reference Handler" daemon [_thread_blocked, id=2592, stack(0x0000007649b00000,0x0000007649c00000)]
  0x0000023d2d89f540 JavaThread "Finalizer" daemon [_thread_blocked, id=3604, stack(0x0000007649c00000,0x0000007649d00000)]
  0x0000023d2d8d9010 JavaThread "Signal Dispatcher" daemon [_thread_blocked, id=5548, stack(0x0000007649d00000,0x0000007649e00000)]
  0x0000023d2d8d9b30 JavaThread "Attach Listener" daemon [_thread_blocked, id=4300, stack(0x0000007649e00000,0x0000007649f00000)]
  0x0000023d2d8dd060 JavaThread "Service Thread" daemon [_thread_blocked, id=6148, stack(0x0000007649f00000,0x000000764a000000)]
  0x0000023d2d8dfd30 JavaThread "Monitor Deflation Thread" daemon [_thread_blocked, id=6800, stack(0x000000764a000000,0x000000764a100000)]
=>0x0000023d2d8e78e0 JavaThread "C2 CompilerThread0" daemon [_thread_in_native, id=3660, stack(0x000000764a100000,0x000000764a200000)]
  0x0000023d2d8e81e0 JavaThread "C1 CompilerThread0" daemon [_thread_blocked, id=5404, stack(0x000000764a200000,0x000000764a300000)]
  0x0000023d2d8ec220 JavaThread "Sweeper thread" daemon [_thread_blocked, id=6136, stack(0x000000764a300000,0x000000764a400000)]
  0x0000023d2d7e12f0 JavaThread "Common-Cleaner" daemon [_thread_blocked, id=1936, stack(0x000000764a400000,0x000000764a500000)]
  0x0000023d326e2b90 JavaThread "Notification Thread" daemon [_thread_blocked, id=3196, stack(0x000000764a500000,0x000000764a600000)]
  0x0000023d32a82cf0 JavaThread "Active Thread: Equinox Container: bfff19ee-f84b-481c-a544-dae8fc52e354" [_thread_blocked, id=1884, stack(0x000000764a800000,0x000000764a900000)]
  0x0000023d3281ea20 JavaThread "Framework Event Dispatcher: Equinox Container: bfff19ee-f84b-481c-a544-dae8fc52e354" daemon [_thread_blocked, id=4916, stack(0x000000764a900000,0x000000764aa00000)]
  0x0000023d32c6b950 JavaThread "Start Level: Equinox Container: bfff19ee-f84b-481c-a544-dae8fc52e354" daemon [_thread_blocked, id=5764, stack(0x000000764aa00000,0x000000764ab00000)]
  0x0000023d32ed4ec0 JavaThread "SCR Component Actor" daemon [_thread_blocked, id=5596, stack(0x000000764ab00000,0x000000764ac00000)]
  0x0000023d32b2ba00 JavaThread "Bundle File Closer" daemon [_thread_blocked, id=6332, stack(0x000000764ad00000,0x000000764ae00000)]
  0x0000023d32b2a6c0 JavaThread "Worker-JM" [_thread_blocked, id=1900, stack(0x000000764ae00000,0x000000764af00000)]
  0x0000023d32b29380 JavaThread "Worker-0: Synchronize Gradle projects with workspace" [_thread_blocked, id=6788, stack(0x000000764af00000,0x000000764b000000)]
  0x0000023d32b29850 JavaThread "Worker-1: Java indexing... " [_thread_blocked, id=4244, stack(0x000000764b000000,0x000000764b100000)]
  0x0000023d32b289e0 JavaThread "Java indexing" daemon [_thread_blocked, id=6008, stack(0x000000764b100000,0x000000764b200000)]
  0x0000023d32b28eb0 JavaThread "Worker-2: Initialize Workspace" [_thread_blocked, id=5276, stack(0x000000764b200000,0x000000764b300000)]
  0x0000023d32b29d20 JavaThread "JNA Cleaner" daemon [_thread_blocked, id=3564, stack(0x000000764b300000,0x000000764b400000)]
  0x0000023d32b2ab90 JavaThread "pool-2-thread-1" [_thread_blocked, id=6476, stack(0x000000764b400000,0x000000764b500000)]
  0x0000023d32b2b060 JavaThread "pool-1-thread-1" [_thread_blocked, id=7064, stack(0x000000764b500000,0x000000764b600000)]
  0x0000023d32b02310 JavaThread "Timer-0" [_thread_blocked, id=4732, stack(0x000000764b600000,0x000000764b700000)]
  0x0000023d32b027e0 JavaThread "Timer-1" [_thread_blocked, id=4620, stack(0x000000764b700000,0x000000764b800000)]
  0x0000023d32b01970 JavaThread "Timer-2" [_thread_blocked, id=5312, stack(0x000000764b800000,0x000000764b900000)]
  0x0000023d32aff2f0 JavaThread "Worker-3" [_thread_blocked, id=2416, stack(0x000000764ba00000,0x000000764bb00000)]
  0x0000023d32b00b00 JavaThread "Exec process" [_thread_blocked, id=5012, stack(0x000000764bb00000,0x000000764bc00000)]
  0x0000023d32b014a0 JavaThread "Exec process Thread 2" [_thread_blocked, id=5360, stack(0x000000764bc00000,0x000000764bd00000)]
  0x0000023d32aff7c0 JavaThread "Exec process Thread 3" [_thread_blocked, id=5248, stack(0x000000764bd00000,0x000000764be00000)]
  0x0000023d32affc90 JavaThread "Timer-3" [_thread_blocked, id=7036, stack(0x000000764be00000,0x000000764bf00000)]
  0x0000023d32b00160 JavaThread "Timer-4" [_thread_blocked, id=3872, stack(0x000000764bf00000,0x000000764c000000)]
  0x0000023d33e7ec10 JavaThread "Timer-5" [_thread_blocked, id=6216, stack(0x000000764c800000,0x000000764c900000)]
  0x0000023d33e81290 JavaThread "Timer-6" [_thread_blocked, id=1868, stack(0x000000764ca00000,0x000000764cb00000)]
  0x0000023d33e81760 JavaThread "Timer-7" [_thread_blocked, id=4432, stack(0x000000764cc00000,0x000000764cd00000)]
  0x0000023d33e7f0e0 JavaThread "Connection worker" [_thread_blocked, id=5816, stack(0x000000764cd00000,0x000000764ce00000)]
  0x0000023d33e81c30 Thread [stack: 0x000000764cf00000,0x000000764d000000] [id=5784]
  0x0000023d33e7c0c0 JavaThread "Worker-4" [_thread_blocked, id=2988, stack(0x000000764d200000,0x000000764d300000)]

Other Threads:
  0x0000023d2d895b30 VMThread "VM Thread" [stack: 0x0000007649a00000,0x0000007649b00000] [id=6640]
  0x0000023d326e1820 WatcherThread [stack: 0x000000764a600000,0x000000764a700000] [id=2560]
  0x0000023d19ae4c60 GCTaskThread "GC Thread#0" [stack: 0x0000007649900000,0x0000007649a00000] [id=1440]
  0x0000023d32b3e9b0 GCTaskThread "GC Thread#1" [stack: 0x000000764a700000,0x000000764a800000] [id=6556]

Threads with active compile tasks:
C2 CompilerThread0    36048 6871       4       org.eclipse.jdt.internal.core.search.indexing.BinaryIndexer::extractReferenceFromConstantPool (341 bytes)

VM state: not at safepoint (normal execution)

VM Mutex/Monitor currently owned by a thread:  ([mutex/lock_event])
[0x0000023d19ad2550] Heap_lock - owner thread: 0x0000023d32b289e0

Heap address: 0x00000000c0000000, size: 1024 MB, Compressed Oops mode: 32-bit

CDS archive(s) not mapped
Compressed class space mapped at: 0x0000000100000000-0x0000000140000000, reserved size: 1073741824
Narrow klass base: 0x0000000000000000, Narrow klass shift: 3, Narrow klass range: 0x140000000

GC Precious Log:
 CPUs: 2 total, 2 available
 Memory: 2047M
 Large Page Support: Disabled
 NUMA Support: Disabled
 Compressed Oops: Enabled (32-bit)
 Alignments: Space 512K, Generation 512K, Heap 2M
 Heap Min Capacity: 100M
 Heap Initial Capacity: 100M
 Heap Max Capacity: 1G
 Pre-touch: Disabled
 Parallel Workers: 2

Heap:
 PSYoungGen      total 10752K, used 662K [0x00000000eab00000, 0x00000000ebd00000, 0x0000000100000000)
  eden space 10240K, 1% used [0x00000000eab00000,0x00000000eab25958,0x00000000eb500000)
  from space 512K, 100% used [0x00000000eb880000,0x00000000eb900000,0x00000000eb900000)
  to   space 3584K, 0% used [0x00000000eb500000,0x00000000eb500000,0x00000000eb880000)
 ParOldGen       total 68608K, used 51291K [0x00000000c0000000, 0x00000000c4300000, 0x00000000eab00000)
  object space 68608K, 74% used [0x00000000c0000000,0x00000000c3216ef8,0x00000000c4300000)
 Metaspace       used 64604K, committed 65600K, reserved 1114112K
  class space    used 7889K, committed 8384K, reserved 1048576K

Card table byte_map: [0x0000023d19480000,0x0000023d19690000] _byte_map_base: 0x0000023d18e80000

Marking Bits: (ParMarkBitMap*) 0x00007ffe268652c0
 Begin Bits: [0x0000023d2b760000, 0x0000023d2c760000)
 End Bits:   [0x0000023d2c760000, 0x0000023d2d760000)

Polling page: 0x0000023d17a40000

Metaspace:

Usage:
  Non-class:     55.39 MB used.
      Class:      7.70 MB used.
       Both:     63.09 MB used.

Virtual space:
  Non-class space:       64.00 MB reserved,      55.88 MB ( 87%) committed,  1 nodes.
      Class space:        1.00 GB reserved,       8.19 MB ( <1%) committed,  1 nodes.
             Both:        1.06 GB reserved,      64.06 MB (  6%) committed. 

Chunk freelists:
   Non-Class:  8.01 MB
       Class:  7.83 MB
        Both:  15.83 MB

MaxMetaspaceSize: unlimited
CompressedClassSpaceSize: 1.00 GB
Initial GC threshold: 21.00 MB
Current GC threshold: 97.31 MB
CDS: off
MetaspaceReclaimPolicy: balanced
 - commit_granule_bytes: 65536.
 - commit_granule_words: 8192.
 - virtual_space_node_default_size: 8388608.
 - enlarge_chunks_in_place: 1.
 - new_chunks_are_fully_committed: 0.
 - uncommit_free_chunks: 1.
 - use_allocation_guard: 0.
 - handle_deallocations: 1.


Internal statistics:

num_allocs_failed_limit: 9.
num_arena_births: 634.
num_arena_deaths: 14.
num_vsnodes_births: 2.
num_vsnodes_deaths: 0.
num_space_committed: 1025.
num_space_uncommitted: 0.
num_chunks_returned_to_freelist: 23.
num_chunks_taken_from_freelist: 3079.
num_chunk_merges: 13.
num_chunk_splits: 2007.
num_chunks_enlarged: 1270.
num_inconsistent_stats: 0.

CodeHeap 'non-profiled nmethods': size=120064Kb used=3437Kb max_used=3437Kb free=116626Kb
 bounds [0x0000023d24220000, 0x0000023d24580000, 0x0000023d2b760000]
CodeHeap 'profiled nmethods': size=120000Kb used=12652Kb max_used=12652Kb free=107347Kb
 bounds [0x0000023d1c760000, 0x0000023d1d3c0000, 0x0000023d23c90000]
CodeHeap 'non-nmethods': size=5696Kb used=1306Kb max_used=1350Kb free=4389Kb
 bounds [0x0000023d23c90000, 0x0000023d23f00000, 0x0000023d24220000]
 total_blobs=6646 nmethods=6007 adapters=554
 compilation: enabled
              stopped_count=0, restarted_count=0
 full_count=0

Compilation events (20 events):
Event: 35.669 Thread 0x0000023d2d8e78e0 nmethod 6865 0x0000023d24571f90 code [0x0000023d24572320, 0x0000023d24575470]
Event: 35.669 Thread 0x0000023d2d8e78e0 6861  s    4       org.eclipse.jdt.internal.compiler.classfmt.MethodInfo::readExceptionAttributes (215 bytes)
Event: 35.690 Thread 0x0000023d2d8e78e0 nmethod 6861 0x0000023d24577490 code [0x0000023d24577660, 0x0000023d24578818]
Event: 35.690 Thread 0x0000023d2d8e78e0 6863       4       org.eclipse.jdt.internal.core.search.indexing.BinaryIndexer::decodeParameterTypes (596 bytes)
Event: 35.697 Thread 0x0000023d2d8e81e0 6872       3       org.eclipse.jdt.internal.compiler.util.Util::scanClassTypeSignature (109 bytes)
Event: 35.697 Thread 0x0000023d2d8e81e0 nmethod 6872 0x0000023d1d3ac710 code [0x0000023d1d3ac900, 0x0000023d1d3acdb8]
Event: 35.702 Thread 0x0000023d2d8e81e0 6873   !   3       org.eclipse.jdt.internal.compiler.classfmt.ClassFileReader::<init> (2113 bytes)
Event: 35.711 Thread 0x0000023d2d8e81e0 nmethod 6873 0x0000023d1d3acf90 code [0x0000023d1d3ad920, 0x0000023d1d3b6248]
Event: 35.711 Thread 0x0000023d2d8e81e0 6874       3       org.eclipse.jdt.internal.compiler.util.Util::scanTypeSignature (206 bytes)
Event: 35.712 Thread 0x0000023d2d8e81e0 nmethod 6874 0x0000023d1d3bbc90 code [0x0000023d1d3bbf00, 0x0000023d1d3bc6f8]
Event: 35.712 Thread 0x0000023d2d8e81e0 6875       3       org.eclipse.jdt.internal.core.search.indexing.BinaryIndexer::removeFirstSyntheticParameter (73 bytes)
Event: 35.713 Thread 0x0000023d2d8e81e0 nmethod 6875 0x0000023d1d3bc990 code [0x0000023d1d3bcb80, 0x0000023d1d3bd058]
Event: 35.740 Thread 0x0000023d2d8e78e0 nmethod 6863 0x0000023d24579210 code [0x0000023d24579480, 0x0000023d2457aba0]
Event: 35.740 Thread 0x0000023d2d8e78e0 6871       4       org.eclipse.jdt.internal.core.search.indexing.BinaryIndexer::extractReferenceFromConstantPool (341 bytes)
Event: 35.768 Thread 0x0000023d2d8e81e0 6878       2       java.util.concurrent.ThreadPoolExecutor$Worker::unlock (7 bytes)
Event: 35.768 Thread 0x0000023d2d8e81e0 nmethod 6878 0x0000023d1d3bd210 code [0x0000023d1d3bd3a0, 0x0000023d1d3bd4e8]
Event: 35.771 Thread 0x0000023d2d8e81e0 6879       2       java.util.regex.Matcher::reset (128 bytes)
Event: 35.772 Thread 0x0000023d2d8e81e0 nmethod 6879 0x0000023d1d3bd590 code [0x0000023d1d3bd760, 0x0000023d1d3bdaa8]
Event: 35.893 Thread 0x0000023d2d8e81e0 6880       2       java.util.concurrent.locks.ReentrantLock$NonfairSync::tryAcquire (27 bytes)
Event: 35.893 Thread 0x0000023d2d8e81e0 nmethod 6880 0x0000023d1d3bdc90 code [0x0000023d1d3bde40, 0x0000023d1d3bdfe8]

GC Heap History (20 events):
Event: 31.039 GC heap before
{Heap before GC invocations=38 (full 3):
 PSYoungGen      total 12288K, used 12128K [0x00000000eab00000, 0x00000000ebc80000, 0x0000000100000000)
  eden space 11264K, 100% used [0x00000000eab00000,0x00000000eb600000,0x00000000eb600000)
  from space 1024K, 84% used [0x00000000ebb80000,0x00000000ebc58000,0x00000000ebc80000)
  to   space 1024K, 0% used [0x00000000eba80000,0x00000000eba80000,0x00000000ebb80000)
 ParOldGen       total 68608K, used 36926K [0x00000000c0000000, 0x00000000c4300000, 0x00000000eab00000)
  object space 68608K, 53% used [0x00000000c0000000,0x00000000c240f9d0,0x00000000c4300000)
 Metaspace       used 63156K, committed 64192K, reserved 1114112K
  class space    used 7747K, committed 8256K, reserved 1048576K
}
Event: 31.042 GC heap after
{Heap after GC invocations=38 (full 3):
 PSYoungGen      total 12288K, used 224K [0x00000000eab00000, 0x00000000ebc00000, 0x0000000100000000)
  eden space 11264K, 0% used [0x00000000eab00000,0x00000000eab00000,0x00000000eb600000)
  from space 1024K, 21% used [0x00000000eba80000,0x00000000ebab8000,0x00000000ebb80000)
  to   space 512K, 0% used [0x00000000ebb80000,0x00000000ebb80000,0x00000000ebc00000)
 ParOldGen       total 68608K, used 37710K [0x00000000c0000000, 0x00000000c4300000, 0x00000000eab00000)
  object space 68608K, 54% used [0x00000000c0000000,0x00000000c24d39d0,0x00000000c4300000)
 Metaspace       used 63156K, committed 64192K, reserved 1114112K
  class space    used 7747K, committed 8256K, reserved 1048576K
}
Event: 33.069 GC heap before
{Heap before GC invocations=39 (full 3):
 PSYoungGen      total 12288K, used 9623K [0x00000000eab00000, 0x00000000ebc00000, 0x0000000100000000)
  eden space 11264K, 83% used [0x00000000eab00000,0x00000000eb42dc20,0x00000000eb600000)
  from space 1024K, 21% used [0x00000000eba80000,0x00000000ebab8000,0x00000000ebb80000)
  to   space 512K, 0% used [0x00000000ebb80000,0x00000000ebb80000,0x00000000ebc00000)
 ParOldGen       total 68608K, used 37710K [0x00000000c0000000, 0x00000000c4300000, 0x00000000eab00000)
  object space 68608K, 54% used [0x00000000c0000000,0x00000000c24d39d0,0x00000000c4300000)
 Metaspace       used 63927K, committed 64960K, reserved 1114112K
  class space    used 7837K, committed 8320K, reserved 1048576K
}
Event: 33.076 GC heap after
{Heap after GC invocations=39 (full 3):
 PSYoungGen      total 11776K, used 496K [0x00000000eab00000, 0x00000000ebc00000, 0x0000000100000000)
  eden space 11264K, 0% used [0x00000000eab00000,0x00000000eab00000,0x00000000eb600000)
  from space 512K, 96% used [0x00000000ebb80000,0x00000000ebbfc010,0x00000000ebc00000)
  to   space 1024K, 0% used [0x00000000eba00000,0x00000000eba00000,0x00000000ebb00000)
 ParOldGen       total 68608K, used 38012K [0x00000000c0000000, 0x00000000c4300000, 0x00000000eab00000)
  object space 68608K, 55% used [0x00000000c0000000,0x00000000c251f170,0x00000000c4300000)
 Metaspace       used 63927K, committed 64960K, reserved 1114112K
  class space    used 7837K, committed 8320K, reserved 1048576K
}
Event: 33.178 GC heap before
{Heap before GC invocations=40 (full 3):
 PSYoungGen      total 11776K, used 11760K [0x00000000eab00000, 0x00000000ebc00000, 0x0000000100000000)
  eden space 11264K, 100% used [0x00000000eab00000,0x00000000eb600000,0x00000000eb600000)
  from space 512K, 96% used [0x00000000ebb80000,0x00000000ebbfc010,0x00000000ebc00000)
  to   space 1024K, 0% used [0x00000000eba00000,0x00000000eba00000,0x00000000ebb00000)
 ParOldGen       total 68608K, used 38012K [0x00000000c0000000, 0x00000000c4300000, 0x00000000eab00000)
  object space 68608K, 55% used [0x00000000c0000000,0x00000000c251f170,0x00000000c4300000)
 Metaspace       used 63932K, committed 64960K, reserved 1114112K
  class space    used 7837K, committed 8320K, reserved 1048576K
}
Event: 33.193 GC heap after
{Heap after GC invocations=40 (full 3):
 PSYoungGen      total 12288K, used 992K [0x00000000eab00000, 0x00000000ec100000, 0x0000000100000000)
  eden space 11264K, 0% used [0x00000000eab00000,0x00000000eab00000,0x00000000eb600000)
  from space 1024K, 96% used [0x00000000eba00000,0x00000000ebaf83d0,0x00000000ebb00000)
  to   space 5632K, 0% used [0x00000000ebb80000,0x00000000ebb80000,0x00000000ec100000)
 ParOldGen       total 68608K, used 41593K [0x00000000c0000000, 0x00000000c4300000, 0x00000000eab00000)
  object space 68608K, 60% used [0x00000000c0000000,0x00000000c289e550,0x00000000c4300000)
 Metaspace       used 63932K, committed 64960K, reserved 1114112K
  class space    used 7837K, committed 8320K, reserved 1048576K
}
Event: 33.483 GC heap before
{Heap before GC invocations=41 (full 3):
 PSYoungGen      total 12288K, used 12256K [0x00000000eab00000, 0x00000000ec100000, 0x0000000100000000)
  eden space 11264K, 100% used [0x00000000eab00000,0x00000000eb600000,0x00000000eb600000)
  from space 1024K, 96% used [0x00000000eba00000,0x00000000ebaf83d0,0x00000000ebb00000)
  to   space 5632K, 0% used [0x00000000ebb80000,0x00000000ebb80000,0x00000000ec100000)
 ParOldGen       total 68608K, used 41593K [0x00000000c0000000, 0x00000000c4300000, 0x00000000eab00000)
  object space 68608K, 60% used [0x00000000c0000000,0x00000000c289e550,0x00000000c4300000)
 Metaspace       used 64397K, committed 65472K, reserved 1114112K
  class space    used 7884K, committed 8384K, reserved 1048576K
}
Event: 33.486 GC heap after
{Heap after GC invocations=41 (full 3):
 PSYoungGen      total 11776K, used 174K [0x00000000eab00000, 0x00000000ebc00000, 0x0000000100000000)
  eden space 11264K, 0% used [0x00000000eab00000,0x00000000eab00000,0x00000000eb600000)
  from space 512K, 34% used [0x00000000ebb80000,0x00000000ebbab970,0x00000000ebc00000)
  to   space 2048K, 0% used [0x00000000eb800000,0x00000000eb800000,0x00000000eba00000)
 ParOldGen       total 68608K, used 42515K [0x00000000c0000000, 0x00000000c4300000, 0x00000000eab00000)
  object space 68608K, 61% used [0x00000000c0000000,0x00000000c2984fb0,0x00000000c4300000)
 Metaspace       used 64397K, committed 65472K, reserved 1114112K
  class space    used 7884K, committed 8384K, reserved 1048576K
}
Event: 34.093 GC heap before
{Heap before GC invocations=42 (full 3):
 PSYoungGen      total 11776K, used 11438K [0x00000000eab00000, 0x00000000ebc00000, 0x0000000100000000)
  eden space 11264K, 100% used [0x00000000eab00000,0x00000000eb600000,0x00000000eb600000)
  from space 512K, 34% used [0x00000000ebb80000,0x00000000ebbab970,0x00000000ebc00000)
  to   space 2048K, 0% used [0x00000000eb800000,0x00000000eb800000,0x00000000eba00000)
 ParOldGen       total 68608K, used 42515K [0x00000000c0000000, 0x00000000c4300000, 0x00000000eab00000)
  object space 68608K, 61% used [0x00000000c0000000,0x00000000c2984fb0,0x00000000c4300000)
 Metaspace       used 64576K, committed 65600K, reserved 1114112K
  class space    used 7889K, committed 8384K, reserved 1048576K
}
Event: 34.104 GC heap after
{Heap after GC invocations=42 (full 3):
 PSYoungGen      total 13312K, used 1558K [0x00000000eab00000, 0x00000000ebc00000, 0x0000000100000000)
  eden space 11264K, 0% used [0x00000000eab00000,0x00000000eab00000,0x00000000eb600000)
  from space 2048K, 76% used [0x00000000eb800000,0x00000000eb985808,0x00000000eba00000)
  to   space 2048K, 0% used [0x00000000eba00000,0x00000000eba00000,0x00000000ebc00000)
 ParOldGen       total 68608K, used 42664K [0x00000000c0000000, 0x00000000c4300000, 0x00000000eab00000)
  object space 68608K, 62% used [0x00000000c0000000,0x00000000c29aa0a8,0x00000000c4300000)
 Metaspace       used 64576K, committed 65600K, reserved 1114112K
  class space    used 7889K, committed 8384K, reserved 1048576K
}
Event: 34.634 GC heap before
{Heap before GC invocations=43 (full 3):
 PSYoungGen      total 13312K, used 12822K [0x00000000eab00000, 0x00000000ebc00000, 0x0000000100000000)
  eden space 11264K, 100% used [0x00000000eab00000,0x00000000eb600000,0x00000000eb600000)
  from space 2048K, 76% used [0x00000000eb800000,0x00000000eb985808,0x00000000eba00000)
  to   space 2048K, 0% used [0x00000000eba00000,0x00000000eba00000,0x00000000ebc00000)
 ParOldGen       total 68608K, used 42664K [0x00000000c0000000, 0x00000000c4300000, 0x00000000eab00000)
  object space 68608K, 62% used [0x00000000c0000000,0x00000000c29aa0a8,0x00000000c4300000)
 Metaspace       used 64578K, committed 65600K, reserved 1114112K
  class space    used 7889K, committed 8384K, reserved 1048576K
}
Event: 34.654 GC heap after
{Heap after GC invocations=43 (full 3):
 PSYoungGen      total 13312K, used 2028K [0x00000000eab00000, 0x00000000ebc00000, 0x0000000100000000)
  eden space 11264K, 0% used [0x00000000eab00000,0x00000000eab00000,0x00000000eb600000)
  from space 2048K, 99% used [0x00000000eba00000,0x00000000ebbfb008,0x00000000ebc00000)
  to   space 2560K, 0% used [0x00000000eb700000,0x00000000eb700000,0x00000000eb980000)
 ParOldGen       total 68608K, used 44160K [0x00000000c0000000, 0x00000000c4300000, 0x00000000eab00000)
  object space 68608K, 64% used [0x00000000c0000000,0x00000000c2b200a8,0x00000000c4300000)
 Metaspace       used 64578K, committed 65600K, reserved 1114112K
  class space    used 7889K, committed 8384K, reserved 1048576K
}
Event: 35.189 GC heap before
{Heap before GC invocations=44 (full 3):
 PSYoungGen      total 13312K, used 13292K [0x00000000eab00000, 0x00000000ebc00000, 0x0000000100000000)
  eden space 11264K, 100% used [0x00000000eab00000,0x00000000eb600000,0x00000000eb600000)
  from space 2048K, 99% used [0x00000000eba00000,0x00000000ebbfb008,0x00000000ebc00000)
  to   space 2560K, 0% used [0x00000000eb700000,0x00000000eb700000,0x00000000eb980000)
 ParOldGen       total 68608K, used 44160K [0x00000000c0000000, 0x00000000c4300000, 0x00000000eab00000)
  object space 68608K, 64% used [0x00000000c0000000,0x00000000c2b200a8,0x00000000c4300000)
 Metaspace       used 64588K, committed 65600K, reserved 1114112K
  class space    used 7889K, committed 8384K, reserved 1048576K
}
Event: 35.200 GC heap after
{Heap after GC invocations=44 (full 3):
 PSYoungGen      total 12800K, used 1408K [0x00000000eab00000, 0x00000000eba80000, 0x0000000100000000)
  eden space 11264K, 0% used [0x00000000eab00000,0x00000000eab00000,0x00000000eb600000)
  from space 1536K, 91% used [0x00000000eb700000,0x00000000eb8603b8,0x00000000eb880000)
  to   space 2048K, 0% used [0x00000000eb880000,0x00000000eb880000,0x00000000eba80000)
 ParOldGen       total 68608K, used 46059K [0x00000000c0000000, 0x00000000c4300000, 0x00000000eab00000)
  object space 68608K, 67% used [0x00000000c0000000,0x00000000c2cfacc8,0x00000000c4300000)
 Metaspace       used 64588K, committed 65600K, reserved 1114112K
  class space    used 7889K, committed 8384K, reserved 1048576K
}
Event: 35.482 GC heap before
{Heap before GC invocations=45 (full 3):
 PSYoungGen      total 12800K, used 12672K [0x00000000eab00000, 0x00000000eba80000, 0x0000000100000000)
  eden space 11264K, 100% used [0x00000000eab00000,0x00000000eb600000,0x00000000eb600000)
  from space 1536K, 91% used [0x00000000eb700000,0x00000000eb8603b8,0x00000000eb880000)
  to   space 2048K, 0% used [0x00000000eb880000,0x00000000eb880000,0x00000000eba80000)
 ParOldGen       total 68608K, used 46059K [0x00000000c0000000, 0x00000000c4300000, 0x00000000eab00000)
  object space 68608K, 67% used [0x00000000c0000000,0x00000000c2cfacc8,0x00000000c4300000)
 Metaspace       used 64590K, committed 65600K, reserved 1114112K
  class space    used 7889K, committed 8384K, reserved 1048576K
}
Event: 35.491 GC heap after
{Heap after GC invocations=45 (full 3):
 PSYoungGen      total 12800K, used 1344K [0x00000000eab00000, 0x00000000eba00000, 0x0000000100000000)
  eden space 11264K, 0% used [0x00000000eab00000,0x00000000eab00000,0x00000000eb600000)
  from space 1536K, 87% used [0x00000000eb880000,0x00000000eb9d0000,0x00000000eba00000)
  to   space 1536K, 0% used [0x00000000eb700000,0x00000000eb700000,0x00000000eb880000)
 ParOldGen       total 68608K, used 47368K [0x00000000c0000000, 0x00000000c4300000, 0x00000000eab00000)
  object space 68608K, 69% used [0x00000000c0000000,0x00000000c2e422e0,0x00000000c4300000)
 Metaspace       used 64590K, committed 65600K, reserved 1114112K
  class space    used 7889K, committed 8384K, reserved 1048576K
}
Event: 35.655 GC heap before
{Heap before GC invocations=46 (full 3):
 PSYoungGen      total 12800K, used 12607K [0x00000000eab00000, 0x00000000eba00000, 0x0000000100000000)
  eden space 11264K, 99% used [0x00000000eab00000,0x00000000eb5ffff0,0x00000000eb600000)
  from space 1536K, 87% used [0x00000000eb880000,0x00000000eb9d0000,0x00000000eba00000)
  to   space 1536K, 0% used [0x00000000eb700000,0x00000000eb700000,0x00000000eb880000)
 ParOldGen       total 68608K, used 47368K [0x00000000c0000000, 0x00000000c4300000, 0x00000000eab00000)
  object space 68608K, 69% used [0x00000000c0000000,0x00000000c2e422e0,0x00000000c4300000)
 Metaspace       used 64598K, committed 65600K, reserved 1114112K
  class space    used 7889K, committed 8384K, reserved 1048576K
}
Event: 35.665 GC heap after
{Heap after GC invocations=46 (full 3):
 PSYoungGen      total 12800K, used 1408K [0x00000000eab00000, 0x00000000eb900000, 0x0000000100000000)
  eden space 11264K, 0% used [0x00000000eab00000,0x00000000eab00000,0x00000000eb600000)
  from space 1536K, 91% used [0x00000000eb700000,0x00000000eb860000,0x00000000eb880000)
  to   space 512K, 0% used [0x00000000eb880000,0x00000000eb880000,0x00000000eb900000)
 ParOldGen       total 68608K, used 48712K [0x00000000c0000000, 0x00000000c4300000, 0x00000000eab00000)
  object space 68608K, 71% used [0x00000000c0000000,0x00000000c2f922e0,0x00000000c4300000)
 Metaspace       used 64598K, committed 65600K, reserved 1114112K
  class space    used 7889K, committed 8384K, reserved 1048576K
}
Event: 35.758 GC heap before
{Heap before GC invocations=47 (full 3):
 PSYoungGen      total 12800K, used 12672K [0x00000000eab00000, 0x00000000eb900000, 0x0000000100000000)
  eden space 11264K, 100% used [0x00000000eab00000,0x00000000eb600000,0x00000000eb600000)
  from space 1536K, 91% used [0x00000000eb700000,0x00000000eb860000,0x00000000eb880000)
  to   space 512K, 0% used [0x00000000eb880000,0x00000000eb880000,0x00000000eb900000)
 ParOldGen       total 68608K, used 48712K [0x00000000c0000000, 0x00000000c4300000, 0x00000000eab00000)
  object space 68608K, 71% used [0x00000000c0000000,0x00000000c2f922e0,0x00000000c4300000)
 Metaspace       used 64603K, committed 65600K, reserved 1114112K
  class space    used 7889K, committed 8384K, reserved 1048576K
}
Event: 35.767 GC heap after
{Heap after GC invocations=47 (full 3):
 PSYoungGen      total 10752K, used 512K [0x00000000eab00000, 0x00000000ebd00000, 0x0000000100000000)
  eden space 10240K, 0% used [0x00000000eab00000,0x00000000eab00000,0x00000000eb500000)
  from space 512K, 100% used [0x00000000eb880000,0x00000000eb900000,0x00000000eb900000)
  to   space 3584K, 0% used [0x00000000eb500000,0x00000000eb500000,0x00000000eb880000)
 ParOldGen       total 68608K, used 51291K [0x00000000c0000000, 0x00000000c4300000, 0x00000000eab00000)
  object space 68608K, 74% used [0x00000000c0000000,0x00000000c3216ef8,0x00000000c4300000)
 Metaspace       used 64603K, committed 65600K, reserved 1114112K
  class space    used 7889K, committed 8384K, reserved 1048576K
}

Dll operation events (14 events):
Event: 0.098 Loaded shared library c:\Users\Administrator\.vscode\extensions\redhat.java-1.18.0-win32-x64\jre\17.0.7-win32-x86_64\bin\java.dll
Event: 0.573 Loaded shared library c:\Users\Administrator\.vscode\extensions\redhat.java-1.18.0-win32-x64\jre\17.0.7-win32-x86_64\bin\zip.dll
Event: 0.577 Loaded shared library C:\Users\Administrator\.vscode\extensions\redhat.java-1.18.0-win32-x64\jre\17.0.7-win32-x86_64\bin\instrument.dll
Event: 0.599 Loaded shared library C:\Users\Administrator\.vscode\extensions\redhat.java-1.18.0-win32-x64\jre\17.0.7-win32-x86_64\bin\net.dll
Event: 0.602 Loaded shared library C:\Users\Administrator\.vscode\extensions\redhat.java-1.18.0-win32-x64\jre\17.0.7-win32-x86_64\bin\nio.dll
Event: 0.612 Loaded shared library C:\Users\Administrator\.vscode\extensions\redhat.java-1.18.0-win32-x64\jre\17.0.7-win32-x86_64\bin\zip.dll
Event: 0.635 Loaded shared library C:\Users\Administrator\.vscode\extensions\redhat.java-1.18.0-win32-x64\jre\17.0.7-win32-x86_64\bin\jimage.dll
Event: 0.695 Loaded shared library c:\Users\Administrator\.vscode\extensions\redhat.java-1.18.0-win32-x64\jre\17.0.7-win32-x86_64\bin\verify.dll
Event: 2.323 Loaded shared library C:\Users\Administrator\AppData\Roaming\Code\User\globalStorage\redhat.java\1.18.0\config_win\org.eclipse.equinox.launcher\org.eclipse.equinox.launcher.win32.win32.x86_64_1.2.700.v20221108-1024\eclipse_11801.dll
Event: 5.306 Loaded shared library C:\Users\Administrator\AppData\Local\Temp\2\jna-146731693\jna12055352643508943905.dll
Event: 10.533 Loaded shared library C:\Users\Administrator\.gradle\native\68d5fa5c4cc2d200863cafc0d521ce42e7d3e7ee720ec0a83991735586a16f82\windows-amd64\native-platform.dll
Event: 12.008 Loaded shared library C:\Users\Administrator\.vscode\extensions\redhat.java-1.18.0-win32-x64\jre\17.0.7-win32-x86_64\bin\management.dll
Event: 12.013 Loaded shared library C:\Users\Administrator\.vscode\extensions\redhat.java-1.18.0-win32-x64\jre\17.0.7-win32-x86_64\bin\management_ext.dll
Event: 17.131 Loaded shared library C:\Users\Administrator\.vscode\extensions\redhat.java-1.18.0-win32-x64\jre\17.0.7-win32-x86_64\bin\sunmscapi.dll

Deoptimization events (20 events):
Event: 35.714 Thread 0x0000023d32b289e0 DEOPT PACKING pc=0x0000023d1d3b4385 sp=0x000000764b1ff040
Event: 35.714 Thread 0x0000023d32b289e0 DEOPT UNPACKING pc=0x0000023d23ce6e24 sp=0x000000764b1fe568 mode 0
Event: 35.722 Thread 0x0000023d32b289e0 DEOPT PACKING pc=0x0000023d1d3b4385 sp=0x000000764b1ff040
Event: 35.722 Thread 0x0000023d32b289e0 DEOPT UNPACKING pc=0x0000023d23ce6e24 sp=0x000000764b1fe568 mode 0
Event: 35.727 Thread 0x0000023d32b289e0 DEOPT PACKING pc=0x0000023d1d37d28b sp=0x000000764b1ff010
Event: 35.727 Thread 0x0000023d32b289e0 DEOPT UNPACKING pc=0x0000023d23ce6e24 sp=0x000000764b1fe570 mode 0
Event: 35.742 Thread 0x0000023d32b289e0 DEOPT PACKING pc=0x0000023d1d3b4385 sp=0x000000764b1ff040
Event: 35.742 Thread 0x0000023d32b289e0 DEOPT UNPACKING pc=0x0000023d23ce6e24 sp=0x000000764b1fe568 mode 0
Event: 35.746 Thread 0x0000023d32b289e0 DEOPT PACKING pc=0x0000023d1d37d28b sp=0x000000764b1ff010
Event: 35.746 Thread 0x0000023d32b289e0 DEOPT UNPACKING pc=0x0000023d23ce6e24 sp=0x000000764b1fe570 mode 0
Event: 35.749 Thread 0x0000023d32b289e0 DEOPT PACKING pc=0x0000023d1d3b4385 sp=0x000000764b1ff040
Event: 35.749 Thread 0x0000023d32b289e0 DEOPT UNPACKING pc=0x0000023d23ce6e24 sp=0x000000764b1fe568 mode 0
Event: 35.755 Thread 0x0000023d32b289e0 DEOPT PACKING pc=0x0000023d1d37d28b sp=0x000000764b1ff010
Event: 35.755 Thread 0x0000023d32b289e0 DEOPT UNPACKING pc=0x0000023d23ce6e24 sp=0x000000764b1fe570 mode 0
Event: 35.757 Thread 0x0000023d32b289e0 DEOPT PACKING pc=0x0000023d1d3b4385 sp=0x000000764b1ff040
Event: 35.757 Thread 0x0000023d32b289e0 DEOPT UNPACKING pc=0x0000023d23ce6e24 sp=0x000000764b1fe568 mode 0
Event: 35.769 Thread 0x0000023d33e808f0 Uncommon trap: trap_request=0xffffff45 fr.pc=0x0000023d2442c784 relative=0x0000000000001644
Event: 35.769 Thread 0x0000023d33e808f0 Uncommon trap: reason=unstable_if action=reinterpret pc=0x0000023d2442c784 method=org.gradle.internal.io.StreamByteBuffer.prepareRead()I @ 4 c2
Event: 35.769 Thread 0x0000023d33e808f0 DEOPT PACKING pc=0x0000023d2442c784 sp=0x000000764cefe380
Event: 35.769 Thread 0x0000023d33e808f0 DEOPT UNPACKING pc=0x0000023d23ce669d sp=0x000000764cefe160 mode 2

Classes unloaded (7 events):
Event: 3.678 Thread 0x0000023d2d895b30 Unloading class 0x0000000100219400 'java/lang/invoke/LambdaForm$MH+0x0000000100219400'
Event: 3.678 Thread 0x0000023d2d895b30 Unloading class 0x0000000100219000 'java/lang/invoke/LambdaForm$MH+0x0000000100219000'
Event: 3.679 Thread 0x0000023d2d895b30 Unloading class 0x0000000100218c00 'java/lang/invoke/LambdaForm$MH+0x0000000100218c00'
Event: 3.679 Thread 0x0000023d2d895b30 Unloading class 0x0000000100218400 'java/lang/invoke/LambdaForm$MH+0x0000000100218400'
Event: 3.679 Thread 0x0000023d2d895b30 Unloading class 0x0000000100218000 'java/lang/invoke/LambdaForm$BMH+0x0000000100218000'
Event: 3.679 Thread 0x0000023d2d895b30 Unloading class 0x0000000100217c00 'java/lang/invoke/LambdaForm$DMH+0x0000000100217c00'
Event: 3.679 Thread 0x0000023d2d895b30 Unloading class 0x0000000100215000 'java/lang/invoke/LambdaForm$DMH+0x0000000100215000'

Classes redefined (0 events):
No events

Internal exceptions (20 events):
Event: 30.915 Thread 0x0000023d32b28eb0 Exception <a 'sun/nio/fs/WindowsException'{0x00000000eb2ec380}> (0x00000000eb2ec380) 
thrown [s\src\hotspot\share\prims\jni.cpp, line 516]
Event: 30.917 Thread 0x0000023d32b28eb0 Exception <a 'sun/nio/fs/WindowsException'{0x00000000eb2fbe78}> (0x00000000eb2fbe78) 
thrown [s\src\hotspot\share\prims\jni.cpp, line 516]
Event: 30.994 Thread 0x0000023d32b28eb0 Exception <a 'sun/nio/fs/WindowsException'{0x00000000eb4a6818}> (0x00000000eb4a6818) 
thrown [s\src\hotspot\share\prims\jni.cpp, line 516]
Event: 30.995 Thread 0x0000023d32b28eb0 Exception <a 'sun/nio/fs/WindowsException'{0x00000000eb4ac998}> (0x00000000eb4ac998) 
thrown [s\src\hotspot\share\prims\jni.cpp, line 516]
Event: 30.996 Thread 0x0000023d32b28eb0 Exception <a 'sun/nio/fs/WindowsException'{0x00000000eb4b23a8}> (0x00000000eb4b23a8) 
thrown [s\src\hotspot\share\prims\jni.cpp, line 516]
Event: 30.996 Thread 0x0000023d32b28eb0 Exception <a 'sun/nio/fs/WindowsException'{0x00000000eb4b85d8}> (0x00000000eb4b85d8) 
thrown [s\src\hotspot\share\prims\jni.cpp, line 516]
Event: 30.999 Thread 0x0000023d32b28eb0 Exception <a 'sun/nio/fs/WindowsException'{0x00000000eb4c4640}> (0x00000000eb4c4640) 
thrown [s\src\hotspot\share\prims\jni.cpp, line 516]
Event: 31.011 Thread 0x0000023d32b28eb0 Exception <a 'sun/nio/fs/WindowsException'{0x00000000eb52f3e0}> (0x00000000eb52f3e0) 
thrown [s\src\hotspot\share\prims\jni.cpp, line 516]
Event: 31.032 Thread 0x0000023d32b28eb0 Exception <a 'sun/nio/fs/WindowsException'{0x00000000eb5cc7b0}> (0x00000000eb5cc7b0) 
thrown [s\src\hotspot\share\prims\jni.cpp, line 516]
Event: 31.081 Thread 0x0000023d32b28eb0 Exception <a 'java/io/FileNotFoundException'{0x00000000eacded58}> (0x00000000eacded58) 
thrown [s\src\hotspot\share\prims\jni.cpp, line 516]
Event: 31.085 Thread 0x0000023d32b28eb0 Exception <a 'java/io/FileNotFoundException'{0x00000000eacf2e40}> (0x00000000eacf2e40) 
thrown [s\src\hotspot\share\prims\jni.cpp, line 516]
Event: 31.086 Thread 0x0000023d32b28eb0 Exception <a 'java/io/FileNotFoundException'{0x00000000ead00748}> (0x00000000ead00748) 
thrown [s\src\hotspot\share\prims\jni.cpp, line 516]
Event: 31.092 Thread 0x0000023d32b28eb0 Exception <a 'sun/nio/fs/WindowsException'{0x00000000ead0e588}> (0x00000000ead0e588) 
thrown [s\src\hotspot\share\prims\jni.cpp, line 516]
Event: 31.201 Thread 0x0000023d32b28eb0 Exception <a 'java/lang/NoSuchMethodError'{0x00000000eb051968}: 'java.lang.Object java.lang.invoke.DirectMethodHandle$Holder.newInvokeSpecial(java.lang.Object, java.lang.Object, java.lang.Object, int)'> (0x00000000eb051968) 
thrown [s\src\hotspot\share\interpreter\linkResolver.cpp, line 759]
Event: 31.202 Thread 0x0000023d32b28eb0 Exception <a 'java/lang/NoSuchMethodError'{0x00000000eb0557c8}: 'java.lang.Object java.lang.invoke.DirectMethodHandle$Holder.invokeSpecial(java.lang.Object, java.lang.Object, java.lang.Object, java.lang.Object, int)'> (0x00000000eb0557c8) 
thrown [s\src\hotspot\share\interpreter\linkResolver.cpp, line 759]
Event: 31.202 Thread 0x0000023d32b28eb0 Exception <a 'java/lang/NoSuchMethodError'{0x00000000eb058ec8}: 'java.lang.Object java.lang.invoke.Invokers$Holder.linkToTargetMethod(java.lang.Object, java.lang.Object, int, java.lang.Object)'> (0x00000000eb058ec8) 
thrown [s\src\hotspot\share\interpreter\linkResolver.cpp, line 759]
Event: 32.167 Thread 0x0000023d32b29850 Exception <a 'java/io/FileNotFoundException'{0x00000000eb2575a8}> (0x00000000eb2575a8) 
thrown [s\src\hotspot\share\prims\jni.cpp, line 516]
Event: 32.168 Thread 0x0000023d32b29850 Exception <a 'java/lang/NoSuchMethodError'{0x00000000eb25bba0}: 'int java.lang.invoke.DirectMethodHandle$Holder.invokeVirtual(java.lang.Object, java.lang.Object, java.lang.Object)'> (0x00000000eb25bba0) 
thrown [s\src\hotspot\share\interpreter\linkResolver.cpp, line 759]
Event: 33.005 Thread 0x0000023d32b289e0 Exception <a 'sun/nio/fs/WindowsException'{0x00000000eb41d848}> (0x00000000eb41d848) 
thrown [s\src\hotspot\share\prims\jni.cpp, line 516]
Event: 35.769 Thread 0x0000023d33e808f0 Implicit null exception at 0x0000023d2442b216 to 0x0000023d2442c744

VM Operations (20 events):
Event: 33.069 Executing VM operation: Cleanup done
Event: 33.069 Executing VM operation: ParallelGCFailedAllocation
Event: 33.088 Executing VM operation: ParallelGCFailedAllocation done
Event: 33.178 Executing VM operation: ParallelGCFailedAllocation
Event: 33.193 Executing VM operation: ParallelGCFailedAllocation done
Event: 33.482 Executing VM operation: ParallelGCFailedAllocation
Event: 33.486 Executing VM operation: ParallelGCFailedAllocation done
Event: 34.092 Executing VM operation: ParallelGCFailedAllocation
Event: 34.104 Executing VM operation: ParallelGCFailedAllocation done
Event: 34.351 Executing VM operation: ParallelGCFailedAllocation
Event: 35.122 Executing VM operation: ParallelGCFailedAllocation done
Event: 35.187 Executing VM operation: ParallelGCFailedAllocation
Event: 35.200 Executing VM operation: ParallelGCFailedAllocation done
Event: 35.422 Executing VM operation: HandshakeAllThreads
Event: 35.423 Executing VM operation: HandshakeAllThreads done
Event: 35.482 Executing VM operation: ParallelGCFailedAllocation
Event: 35.496 Executing VM operation: ParallelGCFailedAllocation done
Event: 35.654 Executing VM operation: ParallelGCFailedAllocation
Event: 35.665 Executing VM operation: ParallelGCFailedAllocation done
Event: 35.758 Executing VM operation: ParallelGCFailedAllocation

Events (20 events):
Event: 32.154 loading class java/util/zip/ZipError
Event: 32.154 loading class java/util/zip/ZipError done
Event: 32.161 loading class sun/nio/cs/ThreadLocalCoders
Event: 32.161 loading class sun/nio/cs/ThreadLocalCoders done
Event: 32.161 loading class sun/nio/cs/ThreadLocalCoders$1
Event: 32.162 loading class sun/nio/cs/ThreadLocalCoders$Cache
Event: 32.162 loading class sun/nio/cs/ThreadLocalCoders$Cache done
Event: 32.162 loading class sun/nio/cs/ThreadLocalCoders$1 done
Event: 32.162 loading class sun/nio/cs/ThreadLocalCoders$2
Event: 32.162 loading class sun/nio/cs/ThreadLocalCoders$2 done
Event: 32.177 Thread 0x0000023d33e7c0c0 Thread added: 0x0000023d33e7c0c0
Event: 32.895 loading class java/io/UTFDataFormatException
Event: 32.896 loading class java/io/UTFDataFormatException done
Event: 33.004 loading class java/nio/file/StandardCopyOption
Event: 33.004 loading class java/nio/file/StandardCopyOption done
Event: 33.004 loading class sun/nio/fs/WindowsFileCopy
Event: 33.004 loading class sun/nio/fs/WindowsFileCopy done
Event: 35.425 Thread 0x0000023d2d8ec220 flushing nmethod 0x0000023d2447d990
Event: 35.687 Thread 0x0000023d33e7f5b0 Thread exited: 0x0000023d33e7f5b0
Event: 35.773 Thread 0x0000023d33e808f0 Thread exited: 0x0000023d33e808f0


Dynamic libraries:
0x00007ff629d50000 - 0x00007ff629d5e000 	c:\Users\Administrator\.vscode\extensions\redhat.java-1.18.0-win32-x64\jre\17.0.7-win32-x86_64\bin\java.exe
0x00007ffe52820000 - 0x00007ffe529f0000 	C:\Windows\SYSTEM32\ntdll.dll
0x00007ffe52770000 - 0x00007ffe5281c000 	C:\Windows\System32\KERNEL32.DLL
0x00007ffe4f020000 - 0x00007ffe4f23d000 	C:\Windows\System32\KERNELBASE.dll
0x00007ffe4ed10000 - 0x00007ffe4ee05000 	C:\Windows\System32\ucrtbase.dll
0x00007ffe3c630000 - 0x00007ffe3c647000 	c:\Users\Administrator\.vscode\extensions\redhat.java-1.18.0-win32-x64\jre\17.0.7-win32-x86_64\bin\jli.dll
0x00007ffe50430000 - 0x00007ffe50595000 	C:\Windows\System32\USER32.dll
0x00007ffe4f6b0000 - 0x00007ffe4f6ce000 	C:\Windows\System32\win32u.dll
0x00007ffe50c10000 - 0x00007ffe50c44000 	C:\Windows\System32\GDI32.dll
0x00007ffe4f470000 - 0x00007ffe4f5f1000 	C:\Windows\System32\gdi32full.dll
0x00007ffe3c2a0000 - 0x00007ffe3c2b9000 	c:\Users\Administrator\.vscode\extensions\redhat.java-1.18.0-win32-x64\jre\17.0.7-win32-x86_64\bin\VCRUNTIME140.dll
0x00007ffe43290000 - 0x00007ffe4350a000 	C:\Windows\WinSxS\amd64_microsoft.windows.common-controls_6595b64144ccf1df_6.0.14393.2273_none_7de240fc83403786\COMCTL32.dll
0x00007ffe50a10000 - 0x00007ffe50aae000 	C:\Windows\System32\msvcrt.dll
0x00007ffe50db0000 - 0x00007ffe51078000 	C:\Windows\System32\combase.dll
0x00007ffe50610000 - 0x00007ffe50731000 	C:\Windows\System32\RPCRT4.dll
0x00007ffe4efb0000 - 0x00007ffe4f01a000 	C:\Windows\System32\bcryptPrimitives.dll
0x00007ffe507b0000 - 0x00007ffe507de000 	C:\Windows\System32\IMM32.DLL
0x00007ffe40400000 - 0x00007ffe4040c000 	c:\Users\Administrator\.vscode\extensions\redhat.java-1.18.0-win32-x64\jre\17.0.7-win32-x86_64\bin\vcruntime140_1.dll
0x00007ffe3b520000 - 0x00007ffe3b5b1000 	c:\Users\Administrator\.vscode\extensions\redhat.java-1.18.0-win32-x64\jre\17.0.7-win32-x86_64\bin\msvcp140.dll
0x00007ffe25ce0000 - 0x00007ffe26928000 	c:\Users\Administrator\.vscode\extensions\redhat.java-1.18.0-win32-x64\jre\17.0.7-win32-x86_64\bin\server\jvm.dll
0x00007ffe51090000 - 0x00007ffe51132000 	C:\Windows\System32\ADVAPI32.dll
0x00007ffe51140000 - 0x00007ffe51199000 	C:\Windows\System32\sechost.dll
0x00007ffe3e2e0000 - 0x00007ffe3e2e9000 	C:\Windows\SYSTEM32\WSOCK32.dll
0x00007ffe4d200000 - 0x00007ffe4d223000 	C:\Windows\SYSTEM32\WINMM.dll
0x00007ffe46fa0000 - 0x00007ffe46faa000 	C:\Windows\SYSTEM32\VERSION.dll
0x00007ffe50740000 - 0x00007ffe507aa000 	C:\Windows\System32\WS2_32.dll
0x00007ffe4d1a0000 - 0x00007ffe4d1cb000 	C:\Windows\SYSTEM32\WINMMBASE.dll
0x00007ffe4eeb0000 - 0x00007ffe4eef2000 	C:\Windows\System32\cfgmgr32.dll
0x00007ffe4ec90000 - 0x00007ffe4ec9f000 	C:\Windows\System32\kernel.appcore.dll
0x00007ffe3fd40000 - 0x00007ffe3fd4a000 	c:\Users\Administrator\.vscode\extensions\redhat.java-1.18.0-win32-x64\jre\17.0.7-win32-x86_64\bin\jimage.dll
0x00007ffe45210000 - 0x00007ffe453a2000 	C:\Windows\SYSTEM32\DBGHELP.DLL
0x00007ffe45060000 - 0x00007ffe45089000 	C:\Windows\SYSTEM32\dbgcore.DLL
0x00007ffe3ea60000 - 0x00007ffe3ea6e000 	c:\Users\Administrator\.vscode\extensions\redhat.java-1.18.0-win32-x64\jre\17.0.7-win32-x86_64\bin\instrument.dll
0x00007ffe3b4f0000 - 0x00007ffe3b515000 	c:\Users\Administrator\.vscode\extensions\redhat.java-1.18.0-win32-x64\jre\17.0.7-win32-x86_64\bin\java.dll
0x00007ffe3c260000 - 0x00007ffe3c278000 	c:\Users\Administrator\.vscode\extensions\redhat.java-1.18.0-win32-x64\jre\17.0.7-win32-x86_64\bin\zip.dll
0x00007ffe51260000 - 0x00007ffe52765000 	C:\Windows\System32\SHELL32.dll
0x00007ffe4f6d0000 - 0x00007ffe4fda9000 	C:\Windows\System32\windows.storage.dll
0x00007ffe4ecc0000 - 0x00007ffe4ed0c000 	C:\Windows\System32\powrprof.dll
0x00007ffe507e0000 - 0x00007ffe50832000 	C:\Windows\System32\shlwapi.dll
0x00007ffe4ef00000 - 0x00007ffe4efa9000 	C:\Windows\System32\shcore.dll
0x00007ffe4eca0000 - 0x00007ffe4ecb4000 	C:\Windows\System32\profapi.dll
0x00007ffe3b930000 - 0x00007ffe3b949000 	C:\Users\Administrator\.vscode\extensions\redhat.java-1.18.0-win32-x64\jre\17.0.7-win32-x86_64\bin\net.dll
0x00007ffe4a4d0000 - 0x00007ffe4a59c000 	C:\Windows\SYSTEM32\WINHTTP.dll
0x00007ffe4e550000 - 0x00007ffe4e5ac000 	C:\Windows\system32\mswsock.dll
0x00007ffe3b7e0000 - 0x00007ffe3b7f5000 	C:\Users\Administrator\.vscode\extensions\redhat.java-1.18.0-win32-x64\jre\17.0.7-win32-x86_64\bin\nio.dll
0x00007ffe3e780000 - 0x00007ffe3e790000 	c:\Users\Administrator\.vscode\extensions\redhat.java-1.18.0-win32-x64\jre\17.0.7-win32-x86_64\bin\verify.dll
0x00007ffe38380000 - 0x00007ffe383be000 	C:\Users\Administrator\AppData\Roaming\Code\User\globalStorage\redhat.java\1.18.0\config_win\org.eclipse.equinox.launcher\org.eclipse.equinox.launcher.win32.win32.x86_64_1.2.700.v20221108-1024\eclipse_11801.dll
0x00007ffe4fdc0000 - 0x00007ffe4fef8000 	C:\Windows\System32\ole32.dll
0x00007ffe4e6f0000 - 0x00007ffe4e707000 	C:\Windows\SYSTEM32\CRYPTSP.dll
0x00007ffe4e150000 - 0x00007ffe4e183000 	C:\Windows\system32\rsaenh.dll
0x00007ffe4ebc0000 - 0x00007ffe4ebeb000 	C:\Windows\SYSTEM32\bcrypt.dll
0x00007ffe4e3d0000 - 0x00007ffe4e3ef000 	C:\Windows\SYSTEM32\USERENV.dll
0x00007ffe4e710000 - 0x00007ffe4e71b000 	C:\Windows\SYSTEM32\CRYPTBASE.dll
0x00007ffe4e2d0000 - 0x00007ffe4e308000 	C:\Windows\SYSTEM32\IPHLPAPI.DLL
0x00007ffe4fdb0000 - 0x00007ffe4fdb8000 	C:\Windows\System32\NSI.dll
0x00007ffe49170000 - 0x00007ffe49186000 	C:\Windows\SYSTEM32\dhcpcsvc6.DLL
0x00007ffe48dd0000 - 0x00007ffe48dea000 	C:\Windows\SYSTEM32\dhcpcsvc.DLL
0x00007ffe27dd0000 - 0x00007ffe27e15000 	C:\Users\Administrator\AppData\Local\Temp\2\jna-146731693\jna12055352643508943905.dll
0x00007ffe50840000 - 0x00007ffe50848000 	C:\Windows\System32\PSAPI.DLL
0x00007ffe47cd0000 - 0x00007ffe47ce5000 	C:\Windows\SYSTEM32\ondemandconnroutehelper.dll
0x00007ffe27da0000 - 0x00007ffe27dc7000 	C:\Users\Administrator\.gradle\native\68d5fa5c4cc2d200863cafc0d521ce42e7d3e7ee720ec0a83991735586a16f82\windows-amd64\native-platform.dll
0x00007ffe48420000 - 0x00007ffe48429000 	C:\Users\Administrator\.vscode\extensions\redhat.java-1.18.0-win32-x64\jre\17.0.7-win32-x86_64\bin\management.dll
0x00007ffe413c0000 - 0x00007ffe413cb000 	C:\Users\Administrator\.vscode\extensions\redhat.java-1.18.0-win32-x64\jre\17.0.7-win32-x86_64\bin\management_ext.dll
0x00007ffe413b0000 - 0x00007ffe413be000 	C:\Users\Administrator\.vscode\extensions\redhat.java-1.18.0-win32-x64\jre\17.0.7-win32-x86_64\bin\sunmscapi.dll
0x00007ffe4f240000 - 0x00007ffe4f409000 	C:\Windows\System32\CRYPT32.dll
0x00007ffe4ec80000 - 0x00007ffe4ec90000 	C:\Windows\System32\MSASN1.dll
0x00007ffe4e7d0000 - 0x00007ffe4e7f6000 	C:\Windows\SYSTEM32\ncrypt.dll
0x00007ffe4e790000 - 0x00007ffe4e7cb000 	C:\Windows\SYSTEM32\NTASN1.dll

dbghelp: loaded successfully - version: 4.0.5 - missing functions: none
symbol engine: initialized successfully - sym options: 0x614 - pdb path: .;c:\Users\Administrator\.vscode\extensions\redhat.java-1.18.0-win32-x64\jre\17.0.7-win32-x86_64\bin;C:\Windows\SYSTEM32;C:\Windows\WinSxS\amd64_microsoft.windows.common-controls_6595b64144ccf1df_6.0.14393.2273_none_7de240fc83403786;c:\Users\Administrator\.vscode\extensions\redhat.java-1.18.0-win32-x64\jre\17.0.7-win32-x86_64\bin\server;C:\Users\Administrator\AppData\Roaming\Code\User\globalStorage\redhat.java\1.18.0\config_win\org.eclipse.equinox.launcher\org.eclipse.equinox.launcher.win32.win32.x86_64_1.2.700.v20221108-1024;C:\Users\Administrator\AppData\Local\Temp\2\jna-146731693;C:\Users\Administrator\.gradle\native\68d5fa5c4cc2d200863cafc0d521ce42e7d3e7ee720ec0a83991735586a16f82\windows-amd64

VM Arguments:
jvm_args: --add-modules=ALL-SYSTEM --add-opens=java.base/java.util=ALL-UNNAMED --add-opens=java.base/java.lang=ALL-UNNAMED --add-opens=java.base/sun.nio.fs=ALL-UNNAMED -Declipse.application=org.eclipse.jdt.ls.core.id1 -Dosgi.bundles.defaultStartLevel=4 -Declipse.product=org.eclipse.jdt.ls.core.product -Djava.import.generatesMetadataFilesAtProjectRoot=false -Dfile.encoding=utf8 -XX:+UseParallelGC -XX:GCTimeRatio=4 -XX:AdaptiveSizePolicyWeight=90 -Dsun.zip.disableMemoryMapping=true -Xmx1G -Xms100m -Xlog:disable -javaagent:c:\Users\Administrator\.vscode\extensions\redhat.java-1.18.0-win32-x64\lombok\lombok-1.18.27.jar -XX:+HeapDumpOnOutOfMemoryError -XX:HeapDumpPath=c:\Users\Administrator\AppData\Roaming\Code\User\workspaceStorage\780d521fef09cf6154d922225696aa9e\redhat.java -Daether.dependencyCollector.impl=bf 
java_command: c:\Users\Administrator\.vscode\extensions\redhat.java-1.18.0-win32-x64\server\plugins\org.eclipse.equinox.launcher_1.6.400.v20210924-0641.jar -configuration c:\Users\Administrator\AppData\Roaming\Code\User\globalStorage\redhat.java\1.18.0\config_win -data c:\Users\Administrator\AppData\Roaming\Code\User\workspaceStorage\780d521fef09cf6154d922225696aa9e\redhat.java\jdt_ws
java_class_path (initial): c:\Users\Administrator\.vscode\extensions\redhat.java-1.18.0-win32-x64\server\plugins\org.eclipse.equinox.launcher_1.6.400.v20210924-0641.jar
Launcher Type: SUN_STANDARD

[Global flags]
    uintx AdaptiveSizePolicyWeight                 = 90                                        {product} {command line}
     intx CICompilerCount                          = 2                                         {product} {ergonomic}
    uintx GCTimeRatio                              = 4                                         {product} {command line}
     bool HeapDumpOnOutOfMemoryError               = true                                   {manageable} {command line}
    ccstr HeapDumpPath                             = c:\Users\Administrator\AppData\Roaming\Code\User\workspaceStorage\780d521fef09cf6154d922225696aa9e\redhat.java         {manageable} {command line}
   size_t InitialHeapSize                          = 104857600                                 {product} {command line}
   size_t MaxHeapSize                              = 1073741824                                {product} {command line}
   size_t MaxNewSize                               = 357564416                                 {product} {ergonomic}
   size_t MinHeapDeltaBytes                        = 524288                                    {product} {ergonomic}
   size_t MinHeapSize                              = 104857600                                 {product} {command line}
   size_t NewSize                                  = 34603008                                  {product} {ergonomic}
    uintx NonNMethodCodeHeapSize                   = 5826188                                {pd product} {ergonomic}
    uintx NonProfiledCodeHeapSize                  = 122916026                              {pd product} {ergonomic}
   size_t OldSize                                  = 70254592                                  {product} {ergonomic}
    uintx ProfiledCodeHeapSize                     = 122916026                              {pd product} {ergonomic}
    uintx ReservedCodeCacheSize                    = 251658240                              {pd product} {ergonomic}
     bool SegmentedCodeCache                       = true                                      {product} {ergonomic}
   size_t SoftMaxHeapSize                          = 1073741824                             {manageable} {ergonomic}
     bool UseCompressedClassPointers               = true                           {product lp64_product} {ergonomic}
     bool UseCompressedOops                        = true                           {product lp64_product} {ergonomic}
     bool UseLargePagesIndividualAllocation        = false                                  {pd product} {ergonomic}
     bool UseParallelGC                            = true                                      {product} {command line}

Logging:
Log output configuration:
 #0: stdout all=off uptime,level,tags
 #1: stderr all=off uptime,level,tags

Environment Variables:
PATH=C:\Program Files (x86)\Common Files\Oracle\Java\javapath;C:\Windows\system32;C:\Windows;C:\Windows\System32\Wbem;C:\Windows\System32\WindowsPowerShell\v1.0\;C:\Users\Administrator\AppData\Local\Programs\Python\Python39\Scripts\;C:\Users\Administrator\AppData\Local\Programs\Python\Python39\;C:\Users\Administrator\AppData\Local\Microsoft\WindowsApps;;C:\Users\Administrator\AppData\Local\Programs\Microsoft VS Code\bin
USERNAME=Administrator
OS=Windows_NT
PROCESSOR_IDENTIFIER=Intel64 Family 6 Model 6 Stepping 3, GenuineIntel
TMP=C:\Users\ADMINI~1\AppData\Local\Temp\2
TEMP=C:\Users\ADMINI~1\AppData\Local\Temp\2



---------------  S Y S T E M  ---------------

OS:
 Windows Server 2016 , 64 bit Build 14393 (10.0.14393.2214)
OS uptime: 10 days 11:13 hours
KVM virtualization detected

CPU: total 2 (initial active 2) (2 cores per cpu, 1 threads per core) family 6 model 6 stepping 3 microcode 0x1, cx8, cmov, fxsr, mmx, sse, sse2, sse3, tsc, clflush, hv

Memory: 4k page, system-wide physical 2047M (80M free)
TotalPageFile size 5824M (AvailPageFile size 5M)
current process WorkingSet (physical memory assigned to process): 244M, peak: 247M
current process commit charge ("private bytes"): 297M, peak: 299M

vm_info: OpenJDK 64-Bit Server VM (17.0.7+7) for windows-amd64 JRE (17.0.7+7), built on Apr 18 2023 22:10:42 by "temurin" with MS VC++ 16.7 (VS2019)

END.
